08-10-2015 20:46:33-maxi-AFUMB-INFORMACION-No existe: ./ACEPDIR/\nFin de AFUMB 
08-10-2015 20:46:45-maxi-AFUMB-INFORMACION-No existe: ./ACEPDIR/\nFin de AFUMB 
08-10-2015 20:46:57-maxi-AFUMB-INFORMACION-No existe: ./ACEPDIR/\nFin de AFUMB 
08-10-2015 20:47:09-maxi-AFUMB-INFORMACION-No existe: ./ACEPDIR/\nFin de AFUMB 
08-10-2015 20:47:21-maxi-AFUMB-INFORMACION-No existe: ./ACEPDIR/\nFin de AFUMB 
08-10-2015 20:47:33-maxi-AFUMB-INFORMACION-No existe: ./ACEPDIR/\nFin de AFUMB 
08-10-2015 20:47:45-maxi-AFUMB-INFORMACION-No existe: ./ACEPDIR/\nFin de AFUMB 
08-10-2015 20:47:57-maxi-AFUMB-INFORMACION-No existe: ./ACEPDIR/\nFin de AFUMB 
08-10-2015 20:48:09-maxi-AFUMB-INFORMACION-No existe: ./ACEPDIR/\nFin de AFUMB 
08-10-2015 20:48:21-maxi-AFUMB-INFORMACION-No existe: ./ACEPDIR/\nFin de AFUMB 
08-10-2015 20:48:34-maxi-AFUMB-INFORMACION-No existe: ./ACEPDIR/\nFin de AFUMB 
08-10-2015 20:48:46-maxi-AFUMB-INFORMACION-No existe: ./ACEPDIR/\nFin de AFUMB 
08-10-2015 20:48:58-maxi-AFUMB-INFORMACION-No existe: ./ACEPDIR/\nFin de AFUMB 
08-10-2015 20:49:10-maxi-AFUMB-INFORMACION-No existe: ./ACEPDIR/\nFin de AFUMB 
08-10-2015 20:49:22-maxi-AFUMB-INFORMACION-No existe: ./ACEPDIR/\nFin de AFUMB 
08-10-2015 20:49:34-maxi-AFUMB-INFORMACION-No existe: ./ACEPDIR/\nFin de AFUMB 
08-10-2015 20:49:46-maxi-AFUMB-INFORMACION-No existe: ./ACEPDIR/\nFin de AFUMB 
08-10-2015 20:49:58-maxi-AFUMB-INFORMACION-No existe: ./ACEPDIR/\nFin de AFUMB 
08-10-2015 20:50:10-maxi-AFUMB-INFORMACION-No existe: ./ACEPDIR/\nFin de AFUMB 
08-10-2015 20:52:36-maxi-AFUMB-INFORMACION-Inicio de AFUMB\nCantidad de archivos a procesar: 0
08-10-2015 20:52:36-maxi-AFUMB-INFORMACION-archivos invalidos:  
08-10-2015 20:52:36-maxi-AFUMB-INFORMACION-. Cantidad de archivos procesados: 0\n. Cantidad de archivos rechazados: 0\nFin de AFUMB
08-10-2015 20:52:48-maxi-AFUMB-INFORMACION-Inicio de AFUMB\nCantidad de archivos a procesar: 0
08-10-2015 20:52:48-maxi-AFUMB-INFORMACION-archivos invalidos:  
08-10-2015 20:52:48-maxi-AFUMB-INFORMACION-. Cantidad de archivos procesados: 0\n. Cantidad de archivos rechazados: 0\nFin de AFUMB
08-10-2015 20:53:00-maxi-AFUMB-INFORMACION-Inicio de AFUMB\nCantidad de archivos a procesar: 0
08-10-2015 20:53:00-maxi-AFUMB-INFORMACION-archivos invalidos:  
08-10-2015 20:53:00-maxi-AFUMB-INFORMACION-. Cantidad de archivos procesados: 0\n. Cantidad de archivos rechazados: 0\nFin de AFUMB
08-10-2015 20:53:12-maxi-AFUMB-INFORMACION-Inicio de AFUMB\nCantidad de archivos a procesar: 0
08-10-2015 20:53:12-maxi-AFUMB-INFORMACION-archivos invalidos:  
08-10-2015 20:53:12-maxi-AFUMB-INFORMACION-. Cantidad de archivos procesados: 0\n. Cantidad de archivos rechazados: 0\nFin de AFUMB
08-10-2015 20:53:24-maxi-AFUMB-INFORMACION-Inicio de AFUMB\nCantidad de archivos a procesar: 0
08-10-2015 20:53:24-maxi-AFUMB-INFORMACION-archivos invalidos:  
08-10-2015 20:53:24-maxi-AFUMB-INFORMACION-. Cantidad de archivos procesados: 0\n. Cantidad de archivos rechazados: 0\nFin de AFUMB
08-10-2015 20:53:36-maxi-AFUMB-INFORMACION-Inicio de AFUMB\nCantidad de archivos a procesar: 0
08-10-2015 20:53:36-maxi-AFUMB-INFORMACION-archivos invalidos:  
08-10-2015 20:53:36-maxi-AFUMB-INFORMACION-. Cantidad de archivos procesados: 0\n. Cantidad de archivos rechazados: 0\nFin de AFUMB
08-10-2015 20:53:48-maxi-AFUMB-INFORMACION-Inicio de AFUMB\nCantidad de archivos a procesar: 0
08-10-2015 20:53:48-maxi-AFUMB-INFORMACION-archivos invalidos:  
08-10-2015 20:53:48-maxi-AFUMB-INFORMACION-. Cantidad de archivos procesados: 0\n. Cantidad de archivos rechazados: 0\nFin de AFUMB
08-10-2015 20:54:00-maxi-AFUMB-INFORMACION-Inicio de AFUMB\nCantidad de archivos a procesar: 0
08-10-2015 20:54:00-maxi-AFUMB-INFORMACION-archivos invalidos:  
08-10-2015 20:54:00-maxi-AFUMB-INFORMACION-. Cantidad de archivos procesados: 0\n. Cantidad de archivos rechazados: 0\nFin de AFUMB
08-10-2015 20:54:12-maxi-AFUMB-INFORMACION-Inicio de AFUMB\nCantidad de archivos a procesar: 0
08-10-2015 20:54:12-maxi-AFUMB-INFORMACION-archivos invalidos:  
08-10-2015 20:54:12-maxi-AFUMB-INFORMACION-. Cantidad de archivos procesados: 0\n. Cantidad de archivos rechazados: 0\nFin de AFUMB
08-10-2015 20:54:24-maxi-AFUMB-INFORMACION-Inicio de AFUMB\nCantidad de archivos a procesar: 0
08-10-2015 20:54:24-maxi-AFUMB-INFORMACION-archivos invalidos:  
08-10-2015 20:54:24-maxi-AFUMB-INFORMACION-. Cantidad de archivos procesados: 0\n. Cantidad de archivos rechazados: 0\nFin de AFUMB
08-10-2015 20:54:36-maxi-AFUMB-INFORMACION-Inicio de AFUMB\nCantidad de archivos a procesar: 0
08-10-2015 20:54:36-maxi-AFUMB-INFORMACION-archivos invalidos:  
08-10-2015 20:54:36-maxi-AFUMB-INFORMACION-. Cantidad de archivos procesados: 0\n. Cantidad de archivos rechazados: 0\nFin de AFUMB
08-10-2015 20:54:48-maxi-AFUMB-INFORMACION-Inicio de AFUMB\nCantidad de archivos a procesar: 0
08-10-2015 20:54:48-maxi-AFUMB-INFORMACION-archivos invalidos:  
08-10-2015 20:54:48-maxi-AFUMB-INFORMACION-. Cantidad de archivos procesados: 0\n. Cantidad de archivos rechazados: 0\nFin de AFUMB
08-10-2015 20:55:00-maxi-AFUMB-INFORMACION-Inicio de AFUMB\nCantidad de archivos a procesar: 0
08-10-2015 20:55:00-maxi-AFUMB-INFORMACION-archivos invalidos:  
08-10-2015 20:55:00-maxi-AFUMB-INFORMACION-. Cantidad de archivos procesados: 0\n. Cantidad de archivos rechazados: 0\nFin de AFUMB
08-10-2015 20:55:12-maxi-AFUMB-INFORMACION-Inicio de AFUMB\nCantidad de archivos a procesar: 0
08-10-2015 20:55:12-maxi-AFUMB-INFORMACION-archivos invalidos:  
08-10-2015 20:55:12-maxi-AFUMB-INFORMACION-. Cantidad de archivos procesados: 0\n. Cantidad de archivos rechazados: 0\nFin de AFUMB
08-10-2015 20:55:24-maxi-AFUMB-INFORMACION-Inicio de AFUMB\nCantidad de archivos a procesar: 0
08-10-2015 20:55:24-maxi-AFUMB-INFORMACION-archivos invalidos:  
08-10-2015 20:55:24-maxi-AFUMB-INFORMACION-. Cantidad de archivos procesados: 0\n. Cantidad de archivos rechazados: 0\nFin de AFUMB
08-10-2015 20:55:36-maxi-AFUMB-INFORMACION-Inicio de AFUMB\nCantidad de archivos a procesar: 0
08-10-2015 20:55:36-maxi-AFUMB-INFORMACION-archivos invalidos:  
08-10-2015 20:55:36-maxi-AFUMB-INFORMACION-. Cantidad de archivos procesados: 0\n. Cantidad de archivos rechazados: 0\nFin de AFUMB
08-10-2015 20:55:48-maxi-AFUMB-INFORMACION-Inicio de AFUMB\nCantidad de archivos a procesar: 0
08-10-2015 20:55:48-maxi-AFUMB-INFORMACION-archivos invalidos:  
08-10-2015 20:55:48-maxi-AFUMB-INFORMACION-. Cantidad de archivos procesados: 0\n. Cantidad de archivos rechazados: 0\nFin de AFUMB
08-10-2015 20:56:00-maxi-AFUMB-INFORMACION-Inicio de AFUMB\nCantidad de archivos a procesar: 0
08-10-2015 20:56:00-maxi-AFUMB-INFORMACION-archivos invalidos:  
08-10-2015 20:56:00-maxi-AFUMB-INFORMACION-. Cantidad de archivos procesados: 0\n. Cantidad de archivos rechazados: 0\nFin de AFUMB
08-10-2015 20:56:12-maxi-AFUMB-INFORMACION-Inicio de AFUMB\nCantidad de archivos a procesar: 0
08-10-2015 20:56:12-maxi-AFUMB-INFORMACION-archivos invalidos:  
08-10-2015 20:56:12-maxi-AFUMB-INFORMACION-. Cantidad de archivos procesados: 0\n. Cantidad de archivos rechazados: 0\nFin de AFUMB
08-10-2015 20:56:24-maxi-AFUMB-INFORMACION-Inicio de AFUMB\nCantidad de archivos a procesar: 0
08-10-2015 20:56:24-maxi-AFUMB-INFORMACION-archivos invalidos:  
08-10-2015 20:56:24-maxi-AFUMB-INFORMACION-. Cantidad de archivos procesados: 0\n. Cantidad de archivos rechazados: 0\nFin de AFUMB
08-10-2015 20:56:36-maxi-AFUMB-INFORMACION-Inicio de AFUMB\nCantidad de archivos a procesar: 0
08-10-2015 20:56:36-maxi-AFUMB-INFORMACION-archivos invalidos:  
08-10-2015 20:56:36-maxi-AFUMB-INFORMACION-. Cantidad de archivos procesados: 0\n. Cantidad de archivos rechazados: 0\nFin de AFUMB
08-10-2015 20:57:20-maxi-AFUMB-INFORMACION-Inicio de AFUMB\nCantidad de archivos a procesar: 0
08-10-2015 20:57:20-maxi-AFUMB-INFORMACION-archivos invalidos:  
08-10-2015 20:57:20-maxi-AFUMB-INFORMACION-. Cantidad de archivos procesados: 0. Cantidad de archivos rechazados: 0 Fin de AFUMB
08-10-2015 20:57:32-maxi-AFUMB-INFORMACION-Inicio de AFUMB\nCantidad de archivos a procesar: 0
08-10-2015 20:57:32-maxi-AFUMB-INFORMACION-archivos invalidos:  
08-10-2015 20:57:32-maxi-AFUMB-INFORMACION-. Cantidad de archivos procesados: 0. Cantidad de archivos rechazados: 0 Fin de AFUMB
08-10-2015 20:57:44-maxi-AFUMB-INFORMACION-Inicio de AFUMB\nCantidad de archivos a procesar: 0
08-10-2015 20:57:44-maxi-AFUMB-INFORMACION-archivos invalidos:  
08-10-2015 20:57:44-maxi-AFUMB-INFORMACION-. Cantidad de archivos procesados: 0. Cantidad de archivos rechazados: 0 Fin de AFUMB
08-10-2015 20:57:56-maxi-AFUMB-INFORMACION-Inicio de AFUMB\nCantidad de archivos a procesar: 0
08-10-2015 20:57:56-maxi-AFUMB-INFORMACION-archivos invalidos:  
08-10-2015 20:57:56-maxi-AFUMB-INFORMACION-. Cantidad de archivos procesados: 0. Cantidad de archivos rechazados: 0 Fin de AFUMB
08-10-2015 20:58:08-maxi-AFUMB-INFORMACION-Inicio de AFUMB\nCantidad de archivos a procesar: 0
08-10-2015 20:58:08-maxi-AFUMB-INFORMACION-archivos invalidos:  
08-10-2015 20:58:08-maxi-AFUMB-INFORMACION-. Cantidad de archivos procesados: 0. Cantidad de archivos rechazados: 0 Fin de AFUMB
08-10-2015 20:58:20-maxi-AFUMB-INFORMACION-Inicio de AFUMB\nCantidad de archivos a procesar: 0
08-10-2015 20:58:20-maxi-AFUMB-INFORMACION-archivos invalidos:  
08-10-2015 20:58:20-maxi-AFUMB-INFORMACION-. Cantidad de archivos procesados: 0. Cantidad de archivos rechazados: 0 Fin de AFUMB
08-10-2015 20:58:32-maxi-AFUMB-INFORMACION-Inicio de AFUMB\nCantidad de archivos a procesar: 0
08-10-2015 20:58:32-maxi-AFUMB-INFORMACION-archivos invalidos:  
08-10-2015 20:58:32-maxi-AFUMB-INFORMACION-. Cantidad de archivos procesados: 0. Cantidad de archivos rechazados: 0 Fin de AFUMB
08-10-2015 20:58:44-maxi-AFUMB-INFORMACION-Inicio de AFUMB\nCantidad de archivos a procesar: 0
08-10-2015 20:58:44-maxi-AFUMB-INFORMACION-archivos invalidos:  
08-10-2015 20:58:44-maxi-AFUMB-INFORMACION-. Cantidad de archivos procesados: 0. Cantidad de archivos rechazados: 0 Fin de AFUMB
08-10-2015 20:59:35-maxi-AFUMB-INFORMACION-Inicio de AFUMB\nCantidad de archivos a procesar: 0
08-10-2015 20:59:35-maxi-AFUMB-INFORMACION-archivos invalidos:  
08-10-2015 20:59:35-maxi-AFUMB-INFORMACION-. Cantidad de archivos procesados: 0. Cantidad de archivos rechazados: 0 Fin de AFUMB
08-10-2015 20:59:47-maxi-AFUMB-INFORMACION-Inicio de AFUMB\nCantidad de archivos a procesar: 0
08-10-2015 20:59:47-maxi-AFUMB-INFORMACION-archivos invalidos:  
08-10-2015 20:59:47-maxi-AFUMB-INFORMACION-. Cantidad de archivos procesados: 0. Cantidad de archivos rechazados: 0 Fin de AFUMB
08-10-2015 20:59:59-maxi-AFUMB-INFORMACION-Inicio de AFUMB\nCantidad de archivos a procesar: 0
08-10-2015 20:59:59-maxi-AFUMB-INFORMACION-archivos invalidos:  
08-10-2015 20:59:59-maxi-AFUMB-INFORMACION-. Cantidad de archivos procesados: 0. Cantidad de archivos rechazados: 0 Fin de AFUMB
08-10-2015 21:00:11-maxi-AFUMB-INFORMACION-Inicio de AFUMB\nCantidad de archivos a procesar: 0
08-10-2015 21:00:11-maxi-AFUMB-INFORMACION-archivos invalidos:  
08-10-2015 21:00:11-maxi-AFUMB-INFORMACION-. Cantidad de archivos procesados: 0. Cantidad de archivos rechazados: 0 Fin de AFUMB
08-10-2015 21:00:23-maxi-AFUMB-INFORMACION-Inicio de AFUMB\nCantidad de archivos a procesar: 0
08-10-2015 21:00:23-maxi-AFUMB-INFORMACION-archivos invalidos:  
08-10-2015 21:00:23-maxi-AFUMB-INFORMACION-. Cantidad de archivos procesados: 0. Cantidad de archivos rechazados: 0 Fin de AFUMB
08-10-2015 21:00:35-maxi-AFUMB-INFORMACION-Inicio de AFUMB\nCantidad de archivos a procesar: 0
08-10-2015 21:00:35-maxi-AFUMB-INFORMACION-archivos invalidos:  
08-10-2015 21:00:35-maxi-AFUMB-INFORMACION-texto  
08-10-2015 21:00:35-maxi-AFUMB-INFORMACION-. Cantidad de archivos procesados: 0. Cantidad de archivos rechazados: 0 Fin de AFUMB
08-10-2015 21:00:47-maxi-AFUMB-INFORMACION-Inicio de AFUMB\nCantidad de archivos a procesar: 0
08-10-2015 21:00:47-maxi-AFUMB-INFORMACION-archivos invalidos:  
08-10-2015 21:00:47-maxi-AFUMB-INFORMACION-texto  
08-10-2015 21:00:47-maxi-AFUMB-INFORMACION-. Cantidad de archivos procesados: 0. Cantidad de archivos rechazados: 0 Fin de AFUMB
08-10-2015 21:00:59-maxi-AFUMB-INFORMACION-Inicio de AFUMB\nCantidad de archivos a procesar: 0
08-10-2015 21:00:59-maxi-AFUMB-INFORMACION-archivos invalidos:  
08-10-2015 21:00:59-maxi-AFUMB-INFORMACION-texto  
08-10-2015 21:00:59-maxi-AFUMB-INFORMACION-. Cantidad de archivos procesados: 0. Cantidad de archivos rechazados: 0 Fin de AFUMB
08-10-2015 21:01:11-maxi-AFUMB-INFORMACION-Inicio de AFUMB\nCantidad de archivos a procesar: 0
08-10-2015 21:01:11-maxi-AFUMB-INFORMACION-archivos invalidos:  
08-10-2015 21:01:11-maxi-AFUMB-INFORMACION-texto  
08-10-2015 21:01:11-maxi-AFUMB-INFORMACION-. Cantidad de archivos procesados: 0. Cantidad de archivos rechazados: 0 Fin de AFUMB
08-10-2015 21:01:23-maxi-AFUMB-INFORMACION-Inicio de AFUMB\nCantidad de archivos a procesar: 0
08-10-2015 21:01:23-maxi-AFUMB-INFORMACION-archivos invalidos:  
08-10-2015 21:01:23-maxi-AFUMB-INFORMACION-texto  
08-10-2015 21:01:23-maxi-AFUMB-INFORMACION-. Cantidad de archivos procesados: 0. Cantidad de archivos rechazados: 0 Fin de AFUMB
08-10-2015 21:01:35-maxi-AFUMB-INFORMACION-Inicio de AFUMB\nCantidad de archivos a procesar: 0
08-10-2015 21:01:35-maxi-AFUMB-INFORMACION-archivos invalidos:  
08-10-2015 21:01:35-maxi-AFUMB-INFORMACION-texto  
08-10-2015 21:01:35-maxi-AFUMB-INFORMACION-. Cantidad de archivos procesados: 0. Cantidad de archivos rechazados: 0 Fin de AFUMB
08-10-2015 21:01:47-maxi-AFUMB-INFORMACION-Inicio de AFUMB\nCantidad de archivos a procesar: 0
08-10-2015 21:01:47-maxi-AFUMB-INFORMACION-archivos invalidos:  
08-10-2015 21:01:47-maxi-AFUMB-INFORMACION-texto  
08-10-2015 21:01:47-maxi-AFUMB-INFORMACION-. Cantidad de archivos procesados: 0. Cantidad de archivos rechazados: 0 Fin de AFUMB
08-10-2015 21:01:59-maxi-AFUMB-INFORMACION-Inicio de AFUMB\nCantidad de archivos a procesar: 0
08-10-2015 21:01:59-maxi-AFUMB-INFORMACION-archivos invalidos:  
08-10-2015 21:01:59-maxi-AFUMB-INFORMACION-texto  
08-10-2015 21:01:59-maxi-AFUMB-INFORMACION-. Cantidad de archivos procesados: 0. Cantidad de archivos rechazados: 0 Fin de AFUMB
08-10-2015 21:02:07-maxi-AFUMB-INFORMACION-Inicio de AFUMB\nCantidad de archivos a procesar: 0
08-10-2015 21:02:07-maxi-AFUMB-INFORMACION-archivos invalidos:  
08-10-2015 21:02:07-maxi-AFUMB-INFORMACION-texto  
08-10-2015 21:02:07-maxi-AFUMB-INFORMACION-No existe: /home/maxi/IdeaProjects/so7508/GRUPO12/sospechosasproc/\nFin de AFUMB 
08-10-2015 21:02:11-maxi-AFUMB-INFORMACION-Inicio de AFUMB\nCantidad de archivos a procesar: 0
08-10-2015 21:02:11-maxi-AFUMB-INFORMACION-archivos invalidos:  
08-10-2015 21:02:11-maxi-AFUMB-INFORMACION-texto  
08-10-2015 21:02:11-maxi-AFUMB-INFORMACION-. Cantidad de archivos procesados: 0. Cantidad de archivos rechazados: 0 Fin de AFUMB
08-10-2015 21:02:23-maxi-AFUMB-INFORMACION-Inicio de AFUMB\nCantidad de archivos a procesar: 0
08-10-2015 21:02:23-maxi-AFUMB-INFORMACION-archivos invalidos:  
08-10-2015 21:02:23-maxi-AFUMB-INFORMACION-texto  
08-10-2015 21:02:23-maxi-AFUMB-INFORMACION-. Cantidad de archivos procesados: 0. Cantidad de archivos rechazados: 0 Fin de AFUMB
08-10-2015 21:02:36-maxi-AFUMB-INFORMACION-Inicio de AFUMB\nCantidad de archivos a procesar: 0
08-10-2015 21:02:36-maxi-AFUMB-INFORMACION-archivos invalidos:  
08-10-2015 21:02:36-maxi-AFUMB-INFORMACION-texto  
08-10-2015 21:02:36-maxi-AFUMB-INFORMACION-. Cantidad de archivos procesados: 0. Cantidad de archivos rechazados: 0 Fin de AFUMB
08-10-2015 21:02:48-maxi-AFUMB-INFORMACION-Inicio de AFUMB\nCantidad de archivos a procesar: 0
08-10-2015 21:02:48-maxi-AFUMB-INFORMACION-archivos invalidos:  
08-10-2015 21:02:48-maxi-AFUMB-INFORMACION-texto  
08-10-2015 21:02:48-maxi-AFUMB-INFORMACION-. Cantidad de archivos procesados: 0. Cantidad de archivos rechazados: 0 Fin de AFUMB
08-10-2015 21:02:53-maxi-AFUMB-INFORMACION-Inicio de AFUMB\nCantidad de archivos a procesar: 0
08-10-2015 21:02:53-maxi-AFUMB-INFORMACION-archivos invalidos:  
08-10-2015 21:02:53-maxi-AFUMB-INFORMACION-texto  
08-10-2015 21:02:53-maxi-AFUMB-INFORMACION-. Cantidad de archivos procesados: 0. Cantidad de archivos rechazados: 0 Fin de AFUMB
08-10-2015 21:03:00-maxi-AFUMB-INFORMACION-Inicio de AFUMB\nCantidad de archivos a procesar: 0
08-10-2015 21:03:00-maxi-AFUMB-INFORMACION-archivos invalidos:  
08-10-2015 21:03:00-maxi-AFUMB-INFORMACION-texto  
08-10-2015 21:03:00-maxi-AFUMB-INFORMACION-. Cantidad de archivos procesados: 0. Cantidad de archivos rechazados: 0 Fin de AFUMB
08-10-2015 21:03:12-maxi-AFUMB-INFORMACION-Inicio de AFUMB\nCantidad de archivos a procesar: 0
08-10-2015 21:03:12-maxi-AFUMB-INFORMACION-archivos invalidos:  
08-10-2015 21:03:12-maxi-AFUMB-INFORMACION-texto  
08-10-2015 21:03:12-maxi-AFUMB-INFORMACION-. Cantidad de archivos procesados: 0. Cantidad de archivos rechazados: 0 Fin de AFUMB
08-10-2015 21:03:24-maxi-AFUMB-INFORMACION-Inicio de AFUMB\nCantidad de archivos a procesar: 0
08-10-2015 21:03:24-maxi-AFUMB-INFORMACION-archivos invalidos:  
08-10-2015 21:03:24-maxi-AFUMB-INFORMACION-texto  
08-10-2015 21:03:24-maxi-AFUMB-INFORMACION-. Cantidad de archivos procesados: 0. Cantidad de archivos rechazados: 0 Fin de AFUMB
08-10-2015 21:03:36-maxi-AFUMB-INFORMACION-Inicio de AFUMB\nCantidad de archivos a procesar: 0
08-10-2015 21:03:36-maxi-AFUMB-INFORMACION-archivos invalidos:  
08-10-2015 21:03:36-maxi-AFUMB-INFORMACION-texto  
08-10-2015 21:03:36-maxi-AFUMB-INFORMACION-. Cantidad de archivos procesados: 0. Cantidad de archivos rechazados: 0 Fin de AFUMB
08-10-2015 21:03:48-maxi-AFUMB-INFORMACION-Inicio de AFUMB\nCantidad de archivos a procesar: 0
08-10-2015 21:03:48-maxi-AFUMB-INFORMACION-archivos invalidos:  
08-10-2015 21:03:48-maxi-AFUMB-INFORMACION-texto  
08-10-2015 21:03:48-maxi-AFUMB-INFORMACION-. Cantidad de archivos procesados: 0. Cantidad de archivos rechazados: 0 Fin de AFUMB
08-10-2015 21:04:00-maxi-AFUMB-INFORMACION-Inicio de AFUMB\nCantidad de archivos a procesar: 0
08-10-2015 21:04:00-maxi-AFUMB-INFORMACION-archivos invalidos:  
08-10-2015 21:04:00-maxi-AFUMB-INFORMACION-texto  
08-10-2015 21:04:00-maxi-AFUMB-INFORMACION-. Cantidad de archivos procesados: 0. Cantidad de archivos rechazados: 0 Fin de AFUMB
08-10-2015 21:04:12-maxi-AFUMB-INFORMACION-Inicio de AFUMB\nCantidad de archivos a procesar: 0
08-10-2015 21:04:12-maxi-AFUMB-INFORMACION-archivos invalidos:  
08-10-2015 21:04:12-maxi-AFUMB-INFORMACION-texto  
08-10-2015 21:04:12-maxi-AFUMB-INFORMACION-. Cantidad de archivos procesados: 0. Cantidad de archivos rechazados: 0 Fin de AFUMB
08-10-2015 21:04:24-maxi-AFUMB-INFORMACION-Inicio de AFUMB\nCantidad de archivos a procesar: 0
08-10-2015 21:04:24-maxi-AFUMB-INFORMACION-archivos invalidos:  
08-10-2015 21:04:24-maxi-AFUMB-INFORMACION-texto  
08-10-2015 21:04:24-maxi-AFUMB-INFORMACION-. Cantidad de archivos procesados: 0. Cantidad de archivos rechazados: 0 Fin de AFUMB
08-10-2015 21:04:36-maxi-AFUMB-INFORMACION-Inicio de AFUMB\nCantidad de archivos a procesar: 0
08-10-2015 21:04:36-maxi-AFUMB-INFORMACION-archivos invalidos:  
08-10-2015 21:04:36-maxi-AFUMB-INFORMACION-texto  
08-10-2015 21:04:36-maxi-AFUMB-INFORMACION-. Cantidad de archivos procesados: 0. Cantidad de archivos rechazados: 0 Fin de AFUMB
08-10-2015 21:04:43-maxi-AFUMB-INFORMACION-BEL_20150703.csv
BEL_20150803.csv
COS_20150703.csv
COS_20150803.csv
SIS_20150703.csv
SIS_20150803.csv
08-10-2015 21:04:43-maxi-AFUMB-INFORMACION-Inicio de AFUMB\nCantidad de archivos a procesar: 0
08-10-2015 21:04:43-maxi-AFUMB-INFORMACION-archivos invalidos:  
08-10-2015 21:04:43-maxi-AFUMB-INFORMACION-texto  
08-10-2015 21:04:43-maxi-AFUMB-INFORMACION-. Cantidad de archivos procesados: 0. Cantidad de archivos rechazados: 0 Fin de AFUMB
08-10-2015 21:04:48-maxi-AFUMB-INFORMACION-Inicio de AFUMB\nCantidad de archivos a procesar: 0
08-10-2015 21:04:48-maxi-AFUMB-INFORMACION-archivos invalidos:  
08-10-2015 21:04:48-maxi-AFUMB-INFORMACION-texto  
08-10-2015 21:04:48-maxi-AFUMB-INFORMACION-. Cantidad de archivos procesados: 0. Cantidad de archivos rechazados: 0 Fin de AFUMB
08-10-2015 21:05:00-maxi-AFUMB-INFORMACION-Inicio de AFUMB\nCantidad de archivos a procesar: 0
08-10-2015 21:05:00-maxi-AFUMB-INFORMACION-archivos invalidos:  
08-10-2015 21:05:00-maxi-AFUMB-INFORMACION-texto  
08-10-2015 21:05:00-maxi-AFUMB-INFORMACION-. Cantidad de archivos procesados: 0. Cantidad de archivos rechazados: 0 Fin de AFUMB
08-10-2015 21:05:12-maxi-AFUMB-INFORMACION-Inicio de AFUMB\nCantidad de archivos a procesar: 0
08-10-2015 21:05:12-maxi-AFUMB-INFORMACION-archivos invalidos:  
08-10-2015 21:05:12-maxi-AFUMB-INFORMACION-texto  
08-10-2015 21:05:12-maxi-AFUMB-INFORMACION-. Cantidad de archivos procesados: 0. Cantidad de archivos rechazados: 0 Fin de AFUMB
08-10-2015 21:05:24-maxi-AFUMB-INFORMACION-Inicio de AFUMB\nCantidad de archivos a procesar: 0
08-10-2015 21:05:24-maxi-AFUMB-INFORMACION-archivos invalidos:  
08-10-2015 21:05:24-maxi-AFUMB-INFORMACION-texto  
08-10-2015 21:05:24-maxi-AFUMB-INFORMACION-. Cantidad de archivos procesados: 0. Cantidad de archivos rechazados: 0 Fin de AFUMB
08-10-2015 21:05:36-maxi-AFUMB-INFORMACION-Inicio de AFUMB\nCantidad de archivos a procesar: 0
08-10-2015 21:05:36-maxi-AFUMB-INFORMACION-archivos invalidos:  
08-10-2015 21:05:36-maxi-AFUMB-INFORMACION-texto  
08-10-2015 21:05:36-maxi-AFUMB-INFORMACION-. Cantidad de archivos procesados: 0. Cantidad de archivos rechazados: 0 Fin de AFUMB
08-10-2015 21:05:48-maxi-AFUMB-INFORMACION-Inicio de AFUMB\nCantidad de archivos a procesar: 0
08-10-2015 21:05:48-maxi-AFUMB-INFORMACION-archivos invalidos:  
08-10-2015 21:05:48-maxi-AFUMB-INFORMACION-texto  
08-10-2015 21:05:48-maxi-AFUMB-INFORMACION-. Cantidad de archivos procesados: 0. Cantidad de archivos rechazados: 0 Fin de AFUMB
08-10-2015 21:06:00-maxi-AFUMB-INFORMACION-Inicio de AFUMB\nCantidad de archivos a procesar: 0
08-10-2015 21:06:00-maxi-AFUMB-INFORMACION-archivos invalidos:  
08-10-2015 21:06:00-maxi-AFUMB-INFORMACION-texto  
08-10-2015 21:06:00-maxi-AFUMB-INFORMACION-. Cantidad de archivos procesados: 0. Cantidad de archivos rechazados: 0 Fin de AFUMB
08-10-2015 21:06:12-maxi-AFUMB-INFORMACION-BEL_20150703.csv
BEL_20150803
COS_20150703.csv
COS_20150803.csv
SIS_20150703.csv
SIS_20150803.csv
08-10-2015 21:06:12-maxi-AFUMB-INFORMACION-Inicio de AFUMB\nCantidad de archivos a procesar: 0
08-10-2015 21:06:12-maxi-AFUMB-INFORMACION-archivos invalidos:  
08-10-2015 21:06:12-maxi-AFUMB-INFORMACION-texto  
08-10-2015 21:06:12-maxi-AFUMB-INFORMACION-. Cantidad de archivos procesados: 0. Cantidad de archivos rechazados: 0 Fin de AFUMB
08-10-2015 21:06:12-maxi-AFUMB-INFORMACION-Inicio de AFUMB\nCantidad de archivos a procesar: 0
08-10-2015 21:06:12-maxi-AFUMB-INFORMACION-archivos invalidos:  
08-10-2015 21:06:12-maxi-AFUMB-INFORMACION-texto  
08-10-2015 21:06:12-maxi-AFUMB-INFORMACION-. Cantidad de archivos procesados: 0. Cantidad de archivos rechazados: 0 Fin de AFUMB
08-10-2015 21:06:24-maxi-AFUMB-INFORMACION-Inicio de AFUMB\nCantidad de archivos a procesar: 0
08-10-2015 21:06:24-maxi-AFUMB-INFORMACION-archivos invalidos:  
08-10-2015 21:06:24-maxi-AFUMB-INFORMACION-texto  
08-10-2015 21:06:24-maxi-AFUMB-INFORMACION-. Cantidad de archivos procesados: 0. Cantidad de archivos rechazados: 0 Fin de AFUMB
08-10-2015 21:06:36-maxi-AFUMB-INFORMACION-Inicio de AFUMB\nCantidad de archivos a procesar: 0
08-10-2015 21:06:36-maxi-AFUMB-INFORMACION-archivos invalidos:  
08-10-2015 21:06:36-maxi-AFUMB-INFORMACION-texto  
08-10-2015 21:06:36-maxi-AFUMB-INFORMACION-. Cantidad de archivos procesados: 0. Cantidad de archivos rechazados: 0 Fin de AFUMB
08-10-2015 21:06:48-maxi-AFUMB-INFORMACION-Inicio de AFUMB\nCantidad de archivos a procesar: 0
08-10-2015 21:06:48-maxi-AFUMB-INFORMACION-archivos invalidos:  
08-10-2015 21:06:48-maxi-AFUMB-INFORMACION-texto  
08-10-2015 21:06:48-maxi-AFUMB-INFORMACION-. Cantidad de archivos procesados: 0. Cantidad de archivos rechazados: 0 Fin de AFUMB
08-10-2015 21:07:00-maxi-AFUMB-INFORMACION-Inicio de AFUMB\nCantidad de archivos a procesar: 0
08-10-2015 21:07:00-maxi-AFUMB-INFORMACION-archivos invalidos:  
08-10-2015 21:07:00-maxi-AFUMB-INFORMACION-texto  
08-10-2015 21:07:00-maxi-AFUMB-INFORMACION-. Cantidad de archivos procesados: 0. Cantidad de archivos rechazados: 0 Fin de AFUMB
08-10-2015 21:07:12-maxi-AFUMB-INFORMACION-Inicio de AFUMB\nCantidad de archivos a procesar: 0
08-10-2015 21:07:12-maxi-AFUMB-INFORMACION-archivos invalidos:  
08-10-2015 21:07:12-maxi-AFUMB-INFORMACION-texto  
08-10-2015 21:07:12-maxi-AFUMB-INFORMACION-. Cantidad de archivos procesados: 0. Cantidad de archivos rechazados: 0 Fin de AFUMB
08-10-2015 21:07:24-maxi-AFUMB-INFORMACION-Inicio de AFUMB\nCantidad de archivos a procesar: 0
08-10-2015 21:07:24-maxi-AFUMB-INFORMACION-archivos invalidos:  
08-10-2015 21:07:25-maxi-AFUMB-INFORMACION-texto  
08-10-2015 21:07:25-maxi-AFUMB-INFORMACION-. Cantidad de archivos procesados: 0. Cantidad de archivos rechazados: 0 Fin de AFUMB
08-10-2015 21:08:03-maxi-AFUMB-INFORMACION-BEL_20150703.csv
BEL_20150803
COS_20150703.csv
COS_20150803.csv
SIS_20150703.csv
SIS_20150803.csv
08-10-2015 21:08:03-maxi-AFUMB-INFORMACION-Inicio de AFUMB\nCantidad de archivos a procesar: 0
08-10-2015 21:08:03-maxi-AFUMB-INFORMACION-archivos invalidos:  
08-10-2015 21:08:03-maxi-AFUMB-INFORMACION-texto  
08-10-2015 21:08:03-maxi-AFUMB-INFORMACION-. Cantidad de archivos procesados: 0. Cantidad de archivos rechazados: 0 Fin de AFUMB
08-10-2015 21:10:04-maxi-AFUMB-INFORMACION-BEL_20150703.csv
BEL_20150803
COS_20150703.csv
COS_20150803.csv
SIS_20150703.csv
SIS_20150803.csv
08-10-2015 21:10:04-maxi-AFUMB-INFORMACION-Inicio de AFUMB\nCantidad de archivos a procesar: 0
08-10-2015 21:10:04-maxi-AFUMB-INFORMACION-texto  
08-10-2015 21:10:04-maxi-AFUMB-INFORMACION-. Cantidad de archivos procesados: 0. Cantidad de archivos rechazados: 0 Fin de AFUMB
08-10-2015 21:10:14-maxi-AFUMB-INFORMACION-BEL_20150703.csv
BEL_20150803
COS_20150703.csv
COS_20150803.csv
SIS_20150703.csv
SIS_20150803.csv
08-10-2015 21:10:14-maxi-AFUMB-INFORMACION-Inicio de AFUMB\nCantidad de archivos a procesar: 0
08-10-2015 21:10:14-maxi-AFUMB-INFORMACION-texto  
08-10-2015 21:10:14-maxi-AFUMB-INFORMACION-. Cantidad de archivos procesados: 0. Cantidad de archivos rechazados: 0 Fin de AFUMB
08-10-2015 21:12:58-maxi-AFUMB-INFORMACION-BEL_20150703.csv
BEL_20150803
COS_20150703.csv
COS_20150803.csv
SIS_20150703.csv
SIS_20150803.csv
08-10-2015 21:12:58-maxi-AFUMB-INFORMACION-aaa 
08-10-2015 21:12:58-maxi-AFUMB-INFORMACION-Inicio de AFUMB\nCantidad de archivos a procesar: 0
08-10-2015 21:12:58-maxi-AFUMB-INFORMACION-texto  
08-10-2015 21:12:58-maxi-AFUMB-INFORMACION-. Cantidad de archivos procesados: 0. Cantidad de archivos rechazados: 0 Fin de AFUMB
08-10-2015 21:14:25-maxi-AFUMB-INFORMACION-BEL_20150703.csv
BEL_20150803
COS_20150703.csv
COS_20150803.csv
SIS_20150703.csv
SIS_20150803.csv
08-10-2015 21:14:25-maxi-AFUMB-INFORMACION-aaa 
08-10-2015 21:14:25-maxi-AFUMB-INFORMACION-Inicio de AFUMB\nCantidad de archivos a procesar: 0
08-10-2015 21:14:25-maxi-AFUMB-INFORMACION-texto  
08-10-2015 21:14:25-maxi-AFUMB-INFORMACION-. Cantidad de archivos procesados: 0. Cantidad de archivos rechazados: 0 Fin de AFUMB
08-10-2015 21:14:47-maxi-AFUMB-INFORMACION-BEL_20150703.csv
BEL_20150803
COS_20150703.csv
COS_20150803.csv
SIS_20150703.csv
SIS_20150803.csv
08-10-2015 21:14:47-maxi-AFUMB-INFORMACION-aaa  BEL_20150703.csv BEL_20150803 COS_20150703.csv COS_20150803.csv SIS_20150703.csv SIS_20150803.csv
08-10-2015 21:14:47-maxi-AFUMB-INFORMACION-Inicio de AFUMB\nCantidad de archivos a procesar: 6
08-10-2015 21:14:47-maxi-AFUMB-INFORMACION-texto BEL_20150703.csv COS_20150703.csv SIS_20150703.csv BEL_20150803 COS_20150803.csv SIS_20150803.csv 
08-10-2015 21:14:47-maxi-AFUMB-INFORMACION-No existe: /home/maxi/IdeaProjects/so7508/GRUPO12/sospechosasproc/\nFin de AFUMB 
08-10-2015 21:16:31-maxi-AFUMB-INFORMACION-BEL_20150703.csv
BEL_20150803
COS_20150703.csv
COS_20150803.csv
SIS_20150703.csv
SIS_20150803.csv
08-10-2015 21:16:31-maxi-AFUMB-INFORMACION-aaa  BEL_20150703.csv BEL_20150803 COS_20150703.csv COS_20150803.csv SIS_20150703.csv SIS_20150803.csv
08-10-2015 21:16:31-maxi-AFUMB-INFORMACION-Inicio de AFUMB\nCantidad de archivos a procesar: 6
08-10-2015 21:16:31-maxi-AFUMB-INFORMACION-texto BEL_20150703.csv COS_20150703.csv SIS_20150703.csv BEL_20150803 COS_20150803.csv SIS_20150803.csv 
08-10-2015 21:16:31-maxi-AFUMB-INFORMACION-No existe: /home/maxi/IdeaProjects/so7508/GRUPO12/sospechosas/proc/\nFin de AFUMB 
08-10-2015 21:19:15-maxi-AFUMB-INFORMACION-BEL_20150703.csv
BEL_20150803
COS_20150703.csv
COS_20150803.csv
SIS_20150703.csv
SIS_20150803.csv
08-10-2015 21:19:15-maxi-AFUMB-INFORMACION-aaa  BEL_20150703.csv BEL_20150803 COS_20150703.csv COS_20150803.csv SIS_20150703.csv SIS_20150803.csv
08-10-2015 21:19:15-maxi-AFUMB-INFORMACION-Inicio de AFUMB\nCantidad de archivos a procesar: 6
08-10-2015 21:19:15-maxi-AFUMB-INFORMACION-texto BEL_20150703.csv COS_20150703.csv SIS_20150703.csv BEL_20150803 COS_20150803.csv SIS_20150803.csv 
08-10-2015 21:19:15-maxi-AFUMB-INFORMACION-Se rechaza el archivo: BEL_20150703.csv porque su estructura no se corresponde con el formato esperado.
08-10-2015 21:19:15-maxi-AFUMB-INFORMACION-Se rechaza el archivo: COS_20150703.csv porque su estructura no se corresponde con el formato esperado.
08-10-2015 21:19:15-maxi-AFUMB-INFORMACION-Se rechaza el archivo: SIS_20150703.csv porque su estructura no se corresponde con el formato esperado.
08-10-2015 21:19:15-maxi-AFUMB-INFORMACION-Se rechaza el archivo: BEL_20150803 porque su estructura no se corresponde con el formato esperado.
08-10-2015 21:19:15-maxi-AFUMB-INFORMACION-Se rechaza el archivo: COS_20150803.csv porque su estructura no se corresponde con el formato esperado.
08-10-2015 21:19:15-maxi-AFUMB-INFORMACION-Se rechaza el archivo: SIS_20150803.csv porque su estructura no se corresponde con el formato esperado.
08-10-2015 21:19:15-maxi-AFUMB-INFORMACION-. Cantidad de archivos procesados: 0. Cantidad de archivos rechazados: 6 Fin de AFUMB
08-10-2015 21:21:52-maxi-AFUMB-INFORMACION-BEL_20150703.csv
BEL_20150803
COS_20150703.csv
COS_20150803.csv
SIS_20150703.csv
SIS_20150803.csv
08-10-2015 21:21:52-maxi-AFUMB-INFORMACION-aaa  BEL_20150703.csv BEL_20150803 COS_20150703.csv COS_20150803.csv SIS_20150703.csv SIS_20150803.csv
08-10-2015 21:21:52-maxi-AFUMB-INFORMACION-Inicio de AFUMB\nCantidad de archivos a procesar: 6
08-10-2015 21:21:52-maxi-AFUMB-INFORMACION-texto BEL_20150703.csv COS_20150703.csv SIS_20150703.csv BEL_20150803 COS_20150803.csv SIS_20150803.csv 
08-10-2015 21:21:52-maxi-AFUMB-INFORMACION-Archivo a procesar: BEL_20150703.csv
08-10-2015 21:21:52-maxi-AFUMB-INFORMACION-No existe: /home/maxi/IdeaProjects/so7508/GRUPO12/mae/umbral.tab\nFin de AFUMB 
08-10-2015 21:22:42-maxi-AFUMB-INFORMACION-BEL_20150703.csv
BEL_20150803
COS_20150703.csv
COS_20150803.csv
SIS_20150703.csv
SIS_20150803.csv
08-10-2015 21:22:42-maxi-AFUMB-INFORMACION-aaa  BEL_20150703.csv BEL_20150803 COS_20150703.csv COS_20150803.csv SIS_20150703.csv SIS_20150803.csv
08-10-2015 21:22:42-maxi-AFUMB-INFORMACION-Inicio de AFUMB\nCantidad de archivos a procesar: 6
08-10-2015 21:22:42-maxi-AFUMB-INFORMACION-texto BEL_20150703.csv COS_20150703.csv SIS_20150703.csv BEL_20150803 COS_20150803.csv SIS_20150803.csv 
08-10-2015 21:22:42-maxi-AFUMB-INFORMACION-Archivo a procesar: BEL_20150703.csv
08-10-2015 21:22:44-maxi-AFUMB-INFORMACION-Archivo a procesar: COS_20150703.csv
08-10-2015 21:22:49-maxi-AFUMB-INFORMACION-Archivo a procesar: SIS_20150703.csv
08-10-2015 21:22:49-maxi-AFUMB-INFORMACION-Llamada rechazada: BAILLETPATRICIO;03/07/2015 09:05:07a.m.;0;220;7621037;;2234;964019 El codigo de area B no existe
08-10-2015 21:22:58-maxi-AFUMB-INFORMACION-Llamada rechazada: BEUNZAGUSTAVO;03/07/2015 02:29:17p.m.;98;341;30000112;;11;48460543 El codigo de area mas el numero de linea es distinto a 10 digitos
08-10-2015 21:22:58-maxi-AFUMB-INFORMACION-Llamada rechazada: BEUNZAGUSTAVO;03/07/2015 04:05:16p.m.;95;341;30000112;;11;49317877 El codigo de area mas el numero de linea es distinto a 10 digitos
08-10-2015 21:22:58-maxi-AFUMB-INFORMACION-Llamada rechazada: BEUNZAGUSTAVO;03/07/2015 09:19:10a.m.;21;341;30000112;;11;47062232 El codigo de area mas el numero de linea es distinto a 10 digitos
08-10-2015 21:22:59-maxi-AFUMB-INFORMACION-Archivo a procesar: BEL_20150803
08-10-2015 21:23:02-maxi-AFUMB-INFORMACION-Llamada rechazada: DANIELANISMAEL;03/08/2015 02:10:04p.m.;28;11;45881031;;332;7488884 El codigo de area B no existe
08-10-2015 21:23:03-maxi-AFUMB-INFORMACION-Llamada rechazada: WAITOLLERMARIO;03/08/2015 02:12:36p.m.;149;11;30540122;;332;7488884 El codigo de area B no existe
08-10-2015 21:23:03-maxi-AFUMB-INFORMACION-Archivo a procesar: COS_20150803.csv
08-10-2015 21:23:08-maxi-AFUMB-INFORMACION-Archivo a procesar: SIS_20150803.csv
08-10-2015 21:23:09-maxi-AFUMB-INFORMACION-Llamada rechazada: BEUNZAGUSTAVO;03/08/2015 02:26:47p.m.;62;341;30000112;;11;43714175 El codigo de area mas el numero de linea es distinto a 10 digitos
08-10-2015 21:23:11-maxi-AFUMB-INFORMACION-Llamada rechazada: BEUNZAGUSTAVO;03/08/2015 03:15:22p.m.;76;341;30000112;27;;115127616 El codigo de area mas el numero de linea es distinto a 10 digitos
08-10-2015 21:23:13-maxi-AFUMB-INFORMACION-Llamada rechazada: TASSARARAMIRO;03/08/2015 04:35:32p.m.;1;221;7011023;;332;7413191 El codigo de area B no existe
08-10-2015 21:23:13-maxi-AFUMB-INFORMACION-Llamada rechazada: WEISROBERTO;03/08/2015 04:37:49p.m.;98;221;6891019;;332;7413191 El codigo de area B no existe
08-10-2015 21:23:15-maxi-AFUMB-INFORMACION-Llamada rechazada: ALBANESIVALERIA;03/08/2015 09:26:32a.m.;55;236;5640946;;2235;591419 El codigo de area B no existe
08-10-2015 21:23:15-maxi-AFUMB-INFORMACION-Llamada rechazada: BEUNZAGUSTAVO;03/08/2015 09:52:46a.m.;221;341;31540143;;11;48662387 El codigo de area mas el numero de linea es distinto a 10 digitos
08-10-2015 21:23:17-maxi-AFUMB-INFORMACION-. Cantidad de archivos procesados: 6. Cantidad de archivos rechazados: 0 Fin de AFUMB
08-10-2015 21:27:35-maxi-AFUMB-INFORMACION-
08-10-2015 21:27:35-maxi-AFUMB-INFORMACION-aaa 
08-10-2015 21:27:35-maxi-AFUMB-INFORMACION-Inicio de AFUMB\nCantidad de archivos a procesar: 0
08-10-2015 21:27:35-maxi-AFUMB-INFORMACION-texto  
08-10-2015 21:27:35-maxi-AFUMB-INFORMACION-. Cantidad de archivos procesados: 0. Cantidad de archivos rechazados: 0 Fin de AFUMB
08-10-2015 21:28:07-maxi-AFUMB-INFORMACION-
08-10-2015 21:28:07-maxi-AFUMB-INFORMACION-aaa 
08-10-2015 21:28:07-maxi-AFUMB-INFORMACION-Inicio de AFUMB\nCantidad de archivos a procesar: 0
08-10-2015 21:28:07-maxi-AFUMB-INFORMACION-texto  
08-10-2015 21:28:07-maxi-AFUMB-INFORMACION-. Cantidad de archivos procesados: 0. Cantidad de archivos rechazados: 0 Fin de AFUMB
08-10-2015 21:29:10-maxi-AFUMB-INFORMACION-BEL_20150703.csv
BEL_20150803.csv
COS_20150703.csv
COS_20150803.csv
SIS_20150703.csv
SIS_20150803.csv
08-10-2015 21:29:10-maxi-AFUMB-INFORMACION-aaa  BEL_20150703.csv BEL_20150803.csv COS_20150703.csv COS_20150803.csv SIS_20150703.csv SIS_20150803.csv
08-10-2015 21:29:10-maxi-AFUMB-INFORMACION-Inicio de AFUMB\nCantidad de archivos a procesar: 6
08-10-2015 21:29:10-maxi-AFUMB-INFORMACION-texto BEL_20150703.csv COS_20150703.csv SIS_20150703.csv BEL_20150803.csv COS_20150803.csv SIS_20150803.csv 
08-10-2015 21:29:10-maxi-AFUMB-INFORMACION-Se rechaza el archivo: BEL_20150703.csv por estar DUPLICADO
08-10-2015 21:29:10-maxi-AFUMB-INFORMACION-Se rechaza el archivo: COS_20150703.csv por estar DUPLICADO
08-10-2015 21:29:10-maxi-AFUMB-INFORMACION-Se rechaza el archivo: SIS_20150703.csv por estar DUPLICADO
08-10-2015 21:29:10-maxi-AFUMB-INFORMACION-Archivo a procesar: BEL_20150803.csv
08-10-2015 21:29:13-maxi-AFUMB-INFORMACION-Llamada rechazada: DANIELANISMAEL;03/08/2015 02:10:04p.m.;28;11;45881031;;332;7488884 El codigo de area B no existe
08-10-2015 21:29:14-maxi-AFUMB-INFORMACION-Llamada rechazada: WAITOLLERMARIO;03/08/2015 02:12:36p.m.;149;11;30540122;;332;7488884 El codigo de area B no existe
08-10-2015 21:29:14-maxi-AFUMB-INFORMACION-Se rechaza el archivo: COS_20150803.csv por estar DUPLICADO
08-10-2015 21:29:14-maxi-AFUMB-INFORMACION-Se rechaza el archivo: SIS_20150803.csv por estar DUPLICADO
08-10-2015 21:29:14-maxi-AFUMB-INFORMACION-. Cantidad de archivos procesados: 1. Cantidad de archivos rechazados: 5 Fin de AFUMB
08-10-2015 21:30:09-maxi-AFUMB-INFORMACION-BEL_20150703.csv
BEL_20150803.csv
COS_20150703.csv
COS_20150803.csv
SIS_20150703.csv
SIS_20150803.csv
08-10-2015 21:30:09-maxi-AFUMB-INFORMACION-aaa  BEL_20150703.csv BEL_20150803.csv COS_20150703.csv COS_20150803.csv SIS_20150703.csv SIS_20150803.csv
08-10-2015 21:30:09-maxi-AFUMB-INFORMACION-Inicio de AFUMB\nCantidad de archivos a procesar: 6
08-10-2015 21:30:09-maxi-AFUMB-INFORMACION-texto BEL_20150703.csv COS_20150703.csv SIS_20150703.csv BEL_20150803.csv COS_20150803.csv SIS_20150803.csv 
08-10-2015 21:30:09-maxi-AFUMB-INFORMACION-Se rechaza el archivo: BEL_20150703.csv por estar DUPLICADO
08-10-2015 21:30:09-maxi-AFUMB-INFORMACION-Se rechaza el archivo: COS_20150703.csv por estar DUPLICADO
08-10-2015 21:30:09-maxi-AFUMB-INFORMACION-Se rechaza el archivo: SIS_20150703.csv por estar DUPLICADO
08-10-2015 21:30:09-maxi-AFUMB-INFORMACION-Se rechaza el archivo: BEL_20150803.csv por estar DUPLICADO
08-10-2015 21:30:09-maxi-AFUMB-INFORMACION-Se rechaza el archivo: COS_20150803.csv por estar DUPLICADO
08-10-2015 21:30:09-maxi-AFUMB-INFORMACION-Se rechaza el archivo: SIS_20150803.csv por estar DUPLICADO
08-10-2015 21:30:09-maxi-AFUMB-INFORMACION-. Cantidad de archivos procesados: 0. Cantidad de archivos rechazados: 6 Fin de AFUMB
08-10-2015 21:31:13-maxi-AFUMB-INFORMACION-BEL_20150703
BEL_20150803
COS_20150703.csv
COS_20150803.csv
SIS_20150703.csv
SIS_20150803.csv
08-10-2015 21:31:13-maxi-AFUMB-INFORMACION-aaa  BEL_20150703 BEL_20150803 COS_20150703.csv COS_20150803.csv SIS_20150703.csv SIS_20150803.csv
08-10-2015 21:31:13-maxi-AFUMB-INFORMACION-Inicio de AFUMB\nCantidad de archivos a procesar: 6
08-10-2015 21:31:13-maxi-AFUMB-INFORMACION-texto BEL_20150703 COS_20150703.csv SIS_20150703.csv BEL_20150803 COS_20150803.csv SIS_20150803.csv 
08-10-2015 21:31:13-maxi-AFUMB-INFORMACION-Archivo a procesar: BEL_20150703
08-10-2015 21:31:15-maxi-AFUMB-INFORMACION-Se rechaza el archivo: COS_20150703.csv por estar DUPLICADO
08-10-2015 21:31:15-maxi-AFUMB-INFORMACION-Se rechaza el archivo: SIS_20150703.csv por estar DUPLICADO
08-10-2015 21:31:15-maxi-AFUMB-INFORMACION-Se rechaza el archivo: BEL_20150803 por estar DUPLICADO
08-10-2015 21:31:15-maxi-AFUMB-INFORMACION-Se rechaza el archivo: COS_20150803.csv por estar DUPLICADO
08-10-2015 21:31:15-maxi-AFUMB-INFORMACION-Se rechaza el archivo: SIS_20150803.csv por estar DUPLICADO
08-10-2015 21:31:15-maxi-AFUMB-INFORMACION-. Cantidad de archivos procesados: 1. Cantidad de archivos rechazados: 5 Fin de AFUMB
08-10-2015 21:35:17-maxi-AFUMB-INFORMACION-
08-10-2015 21:35:17-maxi-AFUMB-INFORMACION-aaa 
08-10-2015 21:35:17-maxi-AFUMB-INFORMACION-Inicio de AFUMB\nCantidad de archivos a procesar: 0
08-10-2015 21:35:17-maxi-AFUMB-INFORMACION-texto  
08-10-2015 21:35:17-maxi-AFUMB-INFORMACION-. Cantidad de archivos procesados: 0. Cantidad de archivos rechazados: 0 Fin de AFUMB
08-10-2015 21:48:30-maxi-AFUMB-INFORMACION-BEL_20150703.csv
BEL_20150803.csv
COS_20150703.csv
COS_20150803.csv
SIS_20150703.csv
SIS_20150803.csv
08-10-2015 21:48:30-maxi-AFUMB-INFORMACION-aaa  BEL_20150703.csv BEL_20150803.csv COS_20150703.csv COS_20150803.csv SIS_20150703.csv SIS_20150803.csv
08-10-2015 21:48:30-maxi-AFUMB-INFORMACION-Inicio de AFUMB\nCantidad de archivos a procesar: 6
08-10-2015 21:48:30-maxi-AFUMB-INFORMACION-texto BEL_20150703.csv COS_20150703.csv SIS_20150703.csv BEL_20150803.csv COS_20150803.csv SIS_20150803.csv 
08-10-2015 21:48:30-maxi-AFUMB-INFORMACION-Archivo a procesar: BEL_20150703.csv
08-10-2015 21:48:32-maxi-AFUMB-INFORMACION-Archivo a procesar: COS_20150703.csv
08-10-2015 21:48:37-maxi-AFUMB-INFORMACION-Archivo a procesar: SIS_20150703.csv
08-10-2015 21:48:37-maxi-AFUMB-INFORMACION-Llamada rechazada: BAILLETPATRICIO;03/07/2015 09:05:07a.m.;0;220;7621037;;2234;964019 El codigo de area B no existe
08-10-2015 21:48:46-maxi-AFUMB-INFORMACION-Llamada rechazada: BEUNZAGUSTAVO;03/07/2015 02:29:17p.m.;98;341;30000112;;11;48460543 El codigo de area mas el numero de linea es distinto a 10 digitos
08-10-2015 21:48:46-maxi-AFUMB-INFORMACION-Llamada rechazada: BEUNZAGUSTAVO;03/07/2015 04:05:16p.m.;95;341;30000112;;11;49317877 El codigo de area mas el numero de linea es distinto a 10 digitos
08-10-2015 21:48:46-maxi-AFUMB-INFORMACION-Llamada rechazada: BEUNZAGUSTAVO;03/07/2015 09:19:10a.m.;21;341;30000112;;11;47062232 El codigo de area mas el numero de linea es distinto a 10 digitos
08-10-2015 21:48:47-maxi-AFUMB-INFORMACION-Archivo a procesar: BEL_20150803.csv
08-10-2015 21:48:50-maxi-AFUMB-INFORMACION-Llamada rechazada: DANIELANISMAEL;03/08/2015 02:10:04p.m.;28;11;45881031;;332;7488884 El codigo de area B no existe
08-10-2015 21:48:50-maxi-AFUMB-INFORMACION-Llamada rechazada: WAITOLLERMARIO;03/08/2015 02:12:36p.m.;149;11;30540122;;332;7488884 El codigo de area B no existe
08-10-2015 21:48:51-maxi-AFUMB-INFORMACION-Archivo a procesar: COS_20150803.csv
08-10-2015 21:48:56-maxi-AFUMB-INFORMACION-Archivo a procesar: SIS_20150803.csv
08-10-2015 21:48:57-maxi-AFUMB-INFORMACION-Llamada rechazada: BEUNZAGUSTAVO;03/08/2015 02:26:47p.m.;62;341;30000112;;11;43714175 El codigo de area mas el numero de linea es distinto a 10 digitos
08-10-2015 21:48:59-maxi-AFUMB-INFORMACION-Llamada rechazada: BEUNZAGUSTAVO;03/08/2015 03:15:22p.m.;76;341;30000112;27;;115127616 El codigo de area mas el numero de linea es distinto a 10 digitos
08-10-2015 21:49:01-maxi-AFUMB-INFORMACION-Llamada rechazada: TASSARARAMIRO;03/08/2015 04:35:32p.m.;1;221;7011023;;332;7413191 El codigo de area B no existe
08-10-2015 21:49:01-maxi-AFUMB-INFORMACION-Llamada rechazada: WEISROBERTO;03/08/2015 04:37:49p.m.;98;221;6891019;;332;7413191 El codigo de area B no existe
08-10-2015 21:49:03-maxi-AFUMB-INFORMACION-Llamada rechazada: ALBANESIVALERIA;03/08/2015 09:26:32a.m.;55;236;5640946;;2235;591419 El codigo de area B no existe
08-10-2015 21:49:03-maxi-AFUMB-INFORMACION-Llamada rechazada: BEUNZAGUSTAVO;03/08/2015 09:52:46a.m.;221;341;31540143;;11;48662387 El codigo de area mas el numero de linea es distinto a 10 digitos
08-10-2015 21:49:05-maxi-AFUMB-INFORMACION-. Cantidad de archivos procesados: 6. Cantidad de archivos rechazados: 0 Fin de AFUMB
