06-10-2015 09:27:09-jorlando-Installer-INFORMACION-Inicio de Ejecución de Installer
06-10-2015 09:27:09-jorlando-Installer-INFORMACION-Log de la instalación: ./conf/afinstall.log
06-10-2015 09:27:09-jorlando-Installer-INFORMACION-Directorio predefinido de configuración: /GRUPO12/conf
06-10-2015 09:27:09-jorlando-Installer-INFORMACION-No hay instalación, mostrando aceptación de terminos y condiciones
06-10-2015 09:27:09-jorlando-Installer-INFORMACION-Verificando versión de perl instalada
06-10-2015 09:27:09-jorlando-Installer-INFORMACION-PERL instalado. Version:v5.16.2
06-10-2015 09:28:37-jorlando-Installer-INFORMACION-Inicio de Ejecución de Installer
06-10-2015 09:28:37-jorlando-Installer-INFORMACION-Log de la instalación: ./conf/afinstall.log
06-10-2015 09:28:37-jorlando-Installer-INFORMACION-Directorio predefinido de configuración: /GRUPO12/conf
06-10-2015 09:28:37-jorlando-Installer-INFORMACION-No hay instalación, mostrando aceptación de terminos y condiciones
06-10-2015 09:28:37-jorlando-Installer-INFORMACION-Verificando versión de perl instalada
06-10-2015 09:28:37-jorlando-Installer-INFORMACION-PERL instalado. Version:v5.16.2
06-10-2015 09:28:42-jorlando-Installer-INFORMACION-Verificando versión de perl instalada
06-10-2015 09:28:42-jorlando-Installer-INFORMACION-PERL instalado. Version:v5.16.2
06-10-2015 09:28:45-jorlando-Installer-INFORMACION-Verificando versión de perl instalada
06-10-2015 09:28:45-jorlando-Installer-INFORMACION-PERL instalado. Version:v5.16.2
06-10-2015 09:28:46-jorlando-Installer-INFORMACION-Verificando versión de perl instalada
06-10-2015 09:28:46-jorlando-Installer-INFORMACION-PERL instalado. Version:v5.16.2
06-10-2015 09:28:48-jorlando-Installer-INFORMACION-Verificando versión de perl instalada
06-10-2015 09:28:48-jorlando-Installer-INFORMACION-PERL instalado. Version:v5.16.2
06-10-2015 09:29:42-jorlando-Installer-INFORMACION-Inicio de Ejecución de Installer
06-10-2015 09:29:42-jorlando-Installer-INFORMACION-Log de la instalación: ./conf/afinstall.log
06-10-2015 09:29:42-jorlando-Installer-INFORMACION-Directorio predefinido de configuración: /GRUPO12/conf
06-10-2015 09:29:42-jorlando-Installer-INFORMACION-No hay instalación, mostrando aceptación de terminos y condiciones
06-10-2015 09:29:42-jorlando-Installer-INFORMACION-Verificando versión de perl instalada
06-10-2015 09:29:42-jorlando-Installer-INFORMACION-PERL instalado. Version:v5.16.2
06-10-2015 09:31:07-jorlando-Installer-INFORMACION-Inicio de Ejecución de Installer
06-10-2015 09:31:07-jorlando-Installer-INFORMACION-Log de la instalación: ./conf/afinstall.log
06-10-2015 09:31:07-jorlando-Installer-INFORMACION-Directorio predefinido de configuración: /GRUPO12/conf
06-10-2015 09:31:07-jorlando-Installer-INFORMACION-No hay instalación, mostrando aceptación de terminos y condiciones
06-10-2015 09:31:07-jorlando-Installer-INFORMACION-Verificando versión de perl instalada
06-10-2015 09:31:07-jorlando-Installer-INFORMACION-PERL instalado. Version:v5.16.2
06-10-2015 09:31:40-jorlando-Installer-INFORMACION-Inicio de Ejecución de Installer
06-10-2015 09:31:40-jorlando-Installer-INFORMACION-Log de la instalación: ./conf/afinstall.log
06-10-2015 09:31:41-jorlando-Installer-INFORMACION-Directorio predefinido de configuración: /GRUPO12/conf
06-10-2015 09:31:41-jorlando-Installer-INFORMACION-No hay instalación, mostrando aceptación de terminos y condiciones
06-10-2015 09:31:41-jorlando-Installer-INFORMACION-Verificando versión de perl instalada
06-10-2015 09:31:41-jorlando-Installer-INFORMACION-PERL instalado. Version:v5.16.2
06-10-2015 09:32:11-jorlando-Installer-INFORMACION-Inicio de Ejecución de Installer
06-10-2015 09:32:11-jorlando-Installer-INFORMACION-Log de la instalación: ./conf/afinstall.log
06-10-2015 09:32:11-jorlando-Installer-INFORMACION-Directorio predefinido de configuración: /GRUPO12/conf
06-10-2015 09:32:11-jorlando-Installer-INFORMACION-No hay instalación, mostrando aceptación de terminos y condiciones
06-10-2015 09:32:11-jorlando-Installer-INFORMACION-Verificando versión de perl instalada
06-10-2015 09:32:11-jorlando-Installer-INFORMACION-PERL instalado. Version:v5.16.2
06-10-2015 09:33:06-jorlando-Installer-INFORMACION-Inicio de Ejecución de Installer
06-10-2015 09:33:06-jorlando-Installer-INFORMACION-Log de la instalación: ./conf/afinstall.log
06-10-2015 09:33:06-jorlando-Installer-INFORMACION-Directorio predefinido de configuración: /GRUPO12/conf
06-10-2015 09:33:06-jorlando-Installer-INFORMACION-No hay instalación, mostrando aceptación de terminos y condiciones
06-10-2015 09:33:06-jorlando-Installer-INFORMACION-Verificando versión de perl instalada
06-10-2015 09:33:06-jorlando-Installer-INFORMACION-PERL instalado. Version:v5.16.2
06-10-2015 09:34:09-jorlando-Installer-INFORMACION-Inicio de Ejecución de Installer
06-10-2015 09:34:09-jorlando-Installer-INFORMACION-Log de la instalación: ./conf/afinstall.log
06-10-2015 09:34:09-jorlando-Installer-INFORMACION-Directorio predefinido de configuración: /GRUPO12/conf
06-10-2015 09:34:09-jorlando-Installer-INFORMACION-No hay instalación, mostrando aceptación de terminos y condiciones
06-10-2015 09:34:09-jorlando-Installer-INFORMACION-Verificando versión de perl instalada
06-10-2015 09:34:09-jorlando-Installer-INFORMACION-PERL instalado. Version:v5.16.2
06-10-2015 09:35:59-jorlando-Installer-INFORMACION-Inicio de Ejecución de Installer
06-10-2015 09:35:59-jorlando-Installer-INFORMACION-Log de la instalación: ./conf/afinstall.log
06-10-2015 09:35:59-jorlando-Installer-INFORMACION-Directorio predefinido de configuración: /GRUPO12/conf
06-10-2015 09:35:59-jorlando-Installer-INFORMACION-No hay instalación, mostrando aceptación de terminos y condiciones
06-10-2015 09:35:59-jorlando-Installer-INFORMACION-Verificando versión de perl instalada
06-10-2015 09:35:59-jorlando-Installer-INFORMACION-PERL instalado. Version:v5.16.2
06-10-2015 09:37:09-jorlando-Installer-INFORMACION-Inicio de Ejecución de Installer
06-10-2015 09:37:09-jorlando-Installer-INFORMACION-Log de la instalación: ./conf/afinstall.log
06-10-2015 09:37:09-jorlando-Installer-INFORMACION-Directorio predefinido de configuración: /GRUPO12/conf
06-10-2015 09:37:09-jorlando-Installer-INFORMACION-No hay instalación, mostrando aceptación de terminos y condiciones
06-10-2015 09:37:09-jorlando-Installer-INFORMACION-Verificando versión de perl instalada
06-10-2015 09:37:09-jorlando-Installer-INFORMACION-PERL instalado. Version:v5.16.2
06-10-2015 09:37:13-jorlando-Installer-INFORMACION-Verificando versión de perl instalada
06-10-2015 09:37:13-jorlando-Installer-INFORMACION-PERL instalado. Version:v5.16.2
06-10-2015 09:37:26-jorlando-Installer-INFORMACION-Inicio de Ejecución de Installer
06-10-2015 09:37:26-jorlando-Installer-INFORMACION-Log de la instalación: ./conf/afinstall.log
06-10-2015 09:37:26-jorlando-Installer-INFORMACION-Directorio predefinido de configuración: /GRUPO12/conf
06-10-2015 09:37:26-jorlando-Installer-INFORMACION-No hay instalación, mostrando aceptación de terminos y condiciones
06-10-2015 09:37:26-jorlando-Installer-INFORMACION-Verificando versión de perl instalada
06-10-2015 09:37:26-jorlando-Installer-INFORMACION-PERL instalado. Version:v5.16.2
06-10-2015 09:37:28-jorlando-Installer-INFORMACION-Verificando versión de perl instalada
06-10-2015 09:37:28-jorlando-Installer-INFORMACION-PERL instalado. Version:v5.16.2
06-10-2015 09:37:29-jorlando-Installer-INFORMACION-Verificando versión de perl instalada
06-10-2015 09:37:29-jorlando-Installer-INFORMACION-PERL instalado. Version:v5.16.2
06-10-2015 09:37:59-jorlando-Installer-INFORMACION-Usuario NO acepto ACUERDO DE LICENCIA DE SOFTWARE
06-10-2015 09:38:07-jorlando-Installer-INFORMACION-Inicio de Ejecución de Installer
06-10-2015 09:38:07-jorlando-Installer-INFORMACION-Log de la instalación: ./conf/afinstall.log
06-10-2015 09:38:07-jorlando-Installer-INFORMACION-Directorio predefinido de configuración: /GRUPO12/conf
06-10-2015 09:38:07-jorlando-Installer-INFORMACION-No hay instalación, mostrando aceptación de terminos y condiciones
06-10-2015 09:38:07-jorlando-Installer-INFORMACION-Verificando versión de perl instalada
06-10-2015 09:38:07-jorlando-Installer-INFORMACION-PERL instalado. Version:v5.16.2
06-10-2015 09:38:08-jorlando-Installer-INFORMACION-Verificando versión de perl instalada
06-10-2015 09:38:08-jorlando-Installer-INFORMACION-PERL instalado. Version:v5.16.2
06-10-2015 09:38:10-jorlando-Installer-INFORMACION-Verificando versión de perl instalada
06-10-2015 09:38:10-jorlando-Installer-INFORMACION-PERL instalado. Version:v5.16.2
06-10-2015 09:38:28-jorlando-Installer-INFORMACION-Inicio de Ejecución de Installer
06-10-2015 09:38:28-jorlando-Installer-INFORMACION-Log de la instalación: ./conf/afinstall.log
06-10-2015 09:38:28-jorlando-Installer-INFORMACION-Directorio predefinido de configuración: /GRUPO12/conf
06-10-2015 09:38:28-jorlando-Installer-INFORMACION-No hay instalación, mostrando aceptación de terminos y condiciones
06-10-2015 09:38:28-jorlando-Installer-INFORMACION-Verificando versión de perl instalada
06-10-2015 09:38:28-jorlando-Installer-INFORMACION-PERL instalado. Version:v5.16.2
06-10-2015 09:38:30-jorlando-Installer-INFORMACION-Verificando versión de perl instalada
06-10-2015 09:38:30-jorlando-Installer-INFORMACION-PERL instalado. Version:v5.16.2
06-10-2015 09:38:43-jorlando-Installer-INFORMACION-Inicio de Ejecución de Installer
06-10-2015 09:38:43-jorlando-Installer-INFORMACION-Log de la instalación: ./conf/afinstall.log
06-10-2015 09:38:44-jorlando-Installer-INFORMACION-Directorio predefinido de configuración: /GRUPO12/conf
06-10-2015 09:38:44-jorlando-Installer-INFORMACION-No hay instalación, mostrando aceptación de terminos y condiciones
06-10-2015 09:38:44-jorlando-Installer-INFORMACION-Verificando versión de perl instalada
06-10-2015 09:38:44-jorlando-Installer-INFORMACION-PERL instalado. Version:v5.16.2
06-10-2015 09:38:47-jorlando-Installer-INFORMACION-Verificando versión de perl instalada
06-10-2015 09:38:47-jorlando-Installer-INFORMACION-PERL instalado. Version:v5.16.2
