08-10-2015 20:22:13-maxi-MoverA-INFORMACION-4 /home/maxi/IdeaProjects/so7508/GRUPO12/novedades/MAE
08-10-2015 20:22:13-maxi-MoverA-INFORMACION-4 /home/maxi/IdeaProjects/so7508/GRUPO12/novedades/MAE
08-10-2015 20:22:13-maxi-MoverA-INFORMACION-4 /home/maxi/IdeaProjects/so7508/GRUPO12/novedades/MAE
08-10-2015 20:22:13-maxi-MoverA-INFORMACION-4 /home/maxi/IdeaProjects/so7508/GRUPO12/novedades/MAE
08-10-2015 20:22:13-maxi-MoverA-INFORMACION-4 /home/maxi/IdeaProjects/so7508/GRUPO12/novedades/MAE
08-10-2015 20:22:13-maxi-MoverA-INFORMACION-4 /home/maxi/IdeaProjects/so7508/GRUPO12/novedades/MAE
08-10-2015 20:22:25-maxi-MoverA-INFORMACION-4 /home/maxi/IdeaProjects/so7508/GRUPO12/novedades/MAE
08-10-2015 20:22:25-maxi-MoverA-INFORMACION-4 /home/maxi/IdeaProjects/so7508/GRUPO12/novedades/MAE
08-10-2015 20:22:25-maxi-MoverA-INFORMACION-4 /home/maxi/IdeaProjects/so7508/GRUPO12/novedades/MAE
08-10-2015 20:22:25-maxi-MoverA-INFORMACION-4 /home/maxi/IdeaProjects/so7508/GRUPO12/novedades/MAE
08-10-2015 20:22:25-maxi-MoverA-INFORMACION-4 /home/maxi/IdeaProjects/so7508/GRUPO12/novedades/MAE
08-10-2015 20:22:25-maxi-MoverA-INFORMACION-4 /home/maxi/IdeaProjects/so7508/GRUPO12/novedades/MAE
08-10-2015 20:46:33-maxi-MoverA-INFORMACION-Se movio el archivo exitosamente desde la consola
08-10-2015 20:46:33-maxi-MoverA-INFORMACION-Se movio el archivo exitosamente desde la consola
08-10-2015 20:46:33-maxi-MoverA-INFORMACION-Se movio el archivo exitosamente desde la consola
08-10-2015 20:46:33-maxi-MoverA-INFORMACION-Se movio el archivo exitosamente desde la consola
08-10-2015 20:46:33-maxi-MoverA-INFORMACION-Se movio el archivo exitosamente desde la consola
08-10-2015 20:46:33-maxi-MoverA-INFORMACION-Se movio el archivo exitosamente desde la consola
08-10-2015 20:46:33-maxi-MoverA-INFORMACION-Se movio el archivo exitosamente desde la consola
08-10-2015 20:52:36-maxi-MoverA-INFORMACION-Se movio el archivo exitosamente desde la consola
08-10-2015 20:52:36-maxi-MoverA-INFORMACION-Se movio el archivo exitosamente desde la consola
08-10-2015 20:52:36-maxi-MoverA-INFORMACION-Se movio el archivo exitosamente desde la consola
08-10-2015 20:52:36-maxi-MoverA-INFORMACION-Se movio el archivo exitosamente desde la consola
08-10-2015 20:52:36-maxi-MoverA-INFORMACION-Se movio el archivo exitosamente desde la consola
08-10-2015 20:52:36-maxi-MoverA-INFORMACION-Se movio el archivo exitosamente desde la consola
08-10-2015 20:52:36-maxi-MoverA-INFORMACION-Se movio el archivo exitosamente desde la consola
08-10-2015 20:59:35-maxi-MoverA-INFORMACION-Se movio el archivo exitosamente desde la consola
08-10-2015 20:59:35-maxi-MoverA-INFORMACION-Se movio el archivo exitosamente desde la consola
08-10-2015 20:59:35-maxi-MoverA-INFORMACION-Se movio el archivo exitosamente desde la consola
08-10-2015 20:59:35-maxi-MoverA-INFORMACION-Se movio el archivo exitosamente desde la consola
08-10-2015 20:59:35-maxi-MoverA-INFORMACION-Se movio el archivo exitosamente desde la consola
08-10-2015 20:59:35-maxi-MoverA-INFORMACION-Se movio el archivo exitosamente desde la consola
08-10-2015 20:59:35-maxi-MoverA-INFORMACION-Se movio el archivo exitosamente desde la consola
08-10-2015 21:19:15-maxi-MoverA-INFORMACION-4 /home/maxi/IdeaProjects/so7508/GRUPO12/aceptadasBEL_20150703.csv
08-10-2015 21:19:15-maxi-MoverA-INFORMACION-4 /home/maxi/IdeaProjects/so7508/GRUPO12/aceptadasCOS_20150703.csv
08-10-2015 21:19:15-maxi-MoverA-INFORMACION-4 /home/maxi/IdeaProjects/so7508/GRUPO12/aceptadasSIS_20150703.csv
08-10-2015 21:19:15-maxi-MoverA-INFORMACION-4 /home/maxi/IdeaProjects/so7508/GRUPO12/aceptadasBEL_20150803
08-10-2015 21:19:15-maxi-MoverA-INFORMACION-4 /home/maxi/IdeaProjects/so7508/GRUPO12/aceptadasCOS_20150803.csv
08-10-2015 21:19:15-maxi-MoverA-INFORMACION-4 /home/maxi/IdeaProjects/so7508/GRUPO12/aceptadasSIS_20150803.csv
08-10-2015 21:22:44-maxi-MoverA-INFORMACION-Se movio el archivo exitosamente mendiante el comando AFUMB
08-10-2015 21:22:49-maxi-MoverA-INFORMACION-Se movio el archivo exitosamente mendiante el comando AFUMB
08-10-2015 21:22:59-maxi-MoverA-INFORMACION-Se movio el archivo exitosamente mendiante el comando AFUMB
08-10-2015 21:23:03-maxi-MoverA-INFORMACION-Se movio el archivo exitosamente mendiante el comando AFUMB
08-10-2015 21:23:08-maxi-MoverA-INFORMACION-Se movio el archivo exitosamente mendiante el comando AFUMB
08-10-2015 21:23:17-maxi-MoverA-INFORMACION-Se movio el archivo exitosamente mendiante el comando AFUMB
08-10-2015 21:29:10-maxi-MoverA-INFORMACION-Se movio el archivo exitosamente mendiante el comando AFUMB
08-10-2015 21:29:10-maxi-MoverA-INFORMACION-Se movio el archivo exitosamente mendiante el comando AFUMB
08-10-2015 21:29:10-maxi-MoverA-INFORMACION-Se movio el archivo exitosamente mendiante el comando AFUMB
08-10-2015 21:29:14-maxi-MoverA-INFORMACION-Se movio el archivo exitosamente mendiante el comando AFUMB
08-10-2015 21:29:14-maxi-MoverA-INFORMACION-Se movio el archivo exitosamente mendiante el comando AFUMB
08-10-2015 21:29:14-maxi-MoverA-INFORMACION-Se movio el archivo exitosamente mendiante el comando AFUMB
08-10-2015 21:30:09-maxi-MoverA-INFORMACION-Se movio el archivo exitosamente mendiante el comando AFUMB
08-10-2015 21:30:09-maxi-MoverA-INFORMACION-Se movio el archivo exitosamente mendiante el comando AFUMB
08-10-2015 21:30:09-maxi-MoverA-INFORMACION-Se movio el archivo exitosamente mendiante el comando AFUMB
08-10-2015 21:30:09-maxi-MoverA-INFORMACION-Se movio el archivo exitosamente mendiante el comando AFUMB
08-10-2015 21:30:09-maxi-MoverA-INFORMACION-Se movio el archivo exitosamente mendiante el comando AFUMB
08-10-2015 21:30:09-maxi-MoverA-INFORMACION-Se movio el archivo exitosamente mendiante el comando AFUMB
08-10-2015 21:31:15-maxi-MoverA-INFORMACION-Se movio el archivo exitosamente mendiante el comando AFUMB
08-10-2015 21:31:15-maxi-MoverA-INFORMACION-Se movio el archivo exitosamente mendiante el comando AFUMB
08-10-2015 21:31:15-maxi-MoverA-INFORMACION-Se movio el archivo exitosamente mendiante el comando AFUMB
08-10-2015 21:31:15-maxi-MoverA-INFORMACION-Se movio el archivo exitosamente mendiante el comando AFUMB
08-10-2015 21:31:15-maxi-MoverA-INFORMACION-Se movio el archivo exitosamente mendiante el comando AFUMB
08-10-2015 21:31:15-maxi-MoverA-INFORMACION-Se movio el archivo exitosamente mendiante el comando AFUMB
08-10-2015 21:37:19-maxi-MoverA-INFORMACION-6 /home/maxi/IdeaProjects/so7508/GRUPO12/novedades/TPSO7508_11_09_2015_TemaJ.pdf
08-10-2015 21:37:19-maxi-MoverA-INFORMACION-6 /home/maxi/IdeaProjects/so7508/GRUPO12/novedades/TPSO7508_11_09_2015_TemaJ.pdf
08-10-2015 21:37:19-maxi-MoverA-INFORMACION-6 /home/maxi/IdeaProjects/so7508/GRUPO12/novedades/BEL_20150703.csv
08-10-2015 21:37:19-maxi-MoverA-INFORMACION-6 /home/maxi/IdeaProjects/so7508/GRUPO12/novedades/BEL_20150803.csv
08-10-2015 21:37:19-maxi-MoverA-INFORMACION-6 /home/maxi/IdeaProjects/so7508/GRUPO12/novedades/COS_20150703.csv
08-10-2015 21:37:19-maxi-MoverA-INFORMACION-6 /home/maxi/IdeaProjects/so7508/GRUPO12/novedades/COS_20150803.csv
08-10-2015 21:37:19-maxi-MoverA-INFORMACION-6 /home/maxi/IdeaProjects/so7508/GRUPO12/novedades/SIS_20150703.csv
08-10-2015 21:37:19-maxi-MoverA-INFORMACION-6 /home/maxi/IdeaProjects/so7508/GRUPO12/novedades/SIS_20150803.csv
08-10-2015 21:37:19-maxi-MoverA-INFORMACION-6 /home/maxi/IdeaProjects/so7508/GRUPO12/novedades/TPSO7508_11_09_2015_TemaJ.pdf
08-10-2015 21:37:19-maxi-MoverA-INFORMACION-6 /home/maxi/IdeaProjects/so7508/GRUPO12/novedades/TPSO7508_11_09_2015_TemaJ.pdf
08-10-2015 21:37:31-maxi-MoverA-INFORMACION-6 /home/maxi/IdeaProjects/so7508/GRUPO12/novedades/TPSO7508_11_09_2015_TemaJ.pdf
08-10-2015 21:37:31-maxi-MoverA-INFORMACION-6 /home/maxi/IdeaProjects/so7508/GRUPO12/novedades/TPSO7508_11_09_2015_TemaJ.pdf
08-10-2015 21:37:31-maxi-MoverA-INFORMACION-6 /home/maxi/IdeaProjects/so7508/GRUPO12/novedades/BEL_20150703.csv
08-10-2015 21:37:31-maxi-MoverA-INFORMACION-6 /home/maxi/IdeaProjects/so7508/GRUPO12/novedades/BEL_20150803.csv
08-10-2015 21:37:31-maxi-MoverA-INFORMACION-6 /home/maxi/IdeaProjects/so7508/GRUPO12/novedades/COS_20150703.csv
08-10-2015 21:37:31-maxi-MoverA-INFORMACION-6 /home/maxi/IdeaProjects/so7508/GRUPO12/novedades/COS_20150803.csv
08-10-2015 21:37:31-maxi-MoverA-INFORMACION-6 /home/maxi/IdeaProjects/so7508/GRUPO12/novedades/SIS_20150703.csv
08-10-2015 21:37:31-maxi-MoverA-INFORMACION-6 /home/maxi/IdeaProjects/so7508/GRUPO12/novedades/SIS_20150803.csv
08-10-2015 21:37:31-maxi-MoverA-INFORMACION-6 /home/maxi/IdeaProjects/so7508/GRUPO12/novedades/TPSO7508_11_09_2015_TemaJ.pdf
08-10-2015 21:37:31-maxi-MoverA-INFORMACION-6 /home/maxi/IdeaProjects/so7508/GRUPO12/novedades/TPSO7508_11_09_2015_TemaJ.pdf
08-10-2015 21:37:43-maxi-MoverA-INFORMACION-6 /home/maxi/IdeaProjects/so7508/GRUPO12/novedades/TPSO7508_11_09_2015_TemaJ.pdf
08-10-2015 21:37:43-maxi-MoverA-INFORMACION-6 /home/maxi/IdeaProjects/so7508/GRUPO12/novedades/TPSO7508_11_09_2015_TemaJ.pdf
08-10-2015 21:37:43-maxi-MoverA-INFORMACION-6 /home/maxi/IdeaProjects/so7508/GRUPO12/novedades/BEL_20150703.csv
08-10-2015 21:37:43-maxi-MoverA-INFORMACION-6 /home/maxi/IdeaProjects/so7508/GRUPO12/novedades/BEL_20150803.csv
08-10-2015 21:37:43-maxi-MoverA-INFORMACION-6 /home/maxi/IdeaProjects/so7508/GRUPO12/novedades/COS_20150703.csv
08-10-2015 21:37:43-maxi-MoverA-INFORMACION-6 /home/maxi/IdeaProjects/so7508/GRUPO12/novedades/COS_20150803.csv
08-10-2015 21:37:43-maxi-MoverA-INFORMACION-6 /home/maxi/IdeaProjects/so7508/GRUPO12/novedades/SIS_20150703.csv
08-10-2015 21:37:43-maxi-MoverA-INFORMACION-6 /home/maxi/IdeaProjects/so7508/GRUPO12/novedades/SIS_20150803.csv
08-10-2015 21:37:43-maxi-MoverA-INFORMACION-6 /home/maxi/IdeaProjects/so7508/GRUPO12/novedades/TPSO7508_11_09_2015_TemaJ.pdf
08-10-2015 21:37:43-maxi-MoverA-INFORMACION-6 /home/maxi/IdeaProjects/so7508/GRUPO12/novedades/TPSO7508_11_09_2015_TemaJ.pdf
08-10-2015 21:37:55-maxi-MoverA-INFORMACION-6 /home/maxi/IdeaProjects/so7508/GRUPO12/novedades/TPSO7508_11_09_2015_TemaJ.pdf
08-10-2015 21:37:55-maxi-MoverA-INFORMACION-6 /home/maxi/IdeaProjects/so7508/GRUPO12/novedades/TPSO7508_11_09_2015_TemaJ.pdf
08-10-2015 21:37:55-maxi-MoverA-INFORMACION-6 /home/maxi/IdeaProjects/so7508/GRUPO12/novedades/BEL_20150703.csv
08-10-2015 21:37:55-maxi-MoverA-INFORMACION-6 /home/maxi/IdeaProjects/so7508/GRUPO12/novedades/BEL_20150803.csv
08-10-2015 21:37:55-maxi-MoverA-INFORMACION-6 /home/maxi/IdeaProjects/so7508/GRUPO12/novedades/COS_20150703.csv
08-10-2015 21:37:55-maxi-MoverA-INFORMACION-6 /home/maxi/IdeaProjects/so7508/GRUPO12/novedades/COS_20150803.csv
08-10-2015 21:37:55-maxi-MoverA-INFORMACION-6 /home/maxi/IdeaProjects/so7508/GRUPO12/novedades/SIS_20150703.csv
08-10-2015 21:37:55-maxi-MoverA-INFORMACION-6 /home/maxi/IdeaProjects/so7508/GRUPO12/novedades/SIS_20150803.csv
08-10-2015 21:37:55-maxi-MoverA-INFORMACION-6 /home/maxi/IdeaProjects/so7508/GRUPO12/novedades/TPSO7508_11_09_2015_TemaJ.pdf
08-10-2015 21:37:55-maxi-MoverA-INFORMACION-6 /home/maxi/IdeaProjects/so7508/GRUPO12/novedades/TPSO7508_11_09_2015_TemaJ.pdf
08-10-2015 21:38:08-maxi-MoverA-INFORMACION-6 /home/maxi/IdeaProjects/so7508/GRUPO12/novedades/TPSO7508_11_09_2015_TemaJ.pdf
08-10-2015 21:38:08-maxi-MoverA-INFORMACION-6 /home/maxi/IdeaProjects/so7508/GRUPO12/novedades/TPSO7508_11_09_2015_TemaJ.pdf
08-10-2015 21:38:08-maxi-MoverA-INFORMACION-6 /home/maxi/IdeaProjects/so7508/GRUPO12/novedades/BEL_20150703.csv
08-10-2015 21:38:08-maxi-MoverA-INFORMACION-6 /home/maxi/IdeaProjects/so7508/GRUPO12/novedades/BEL_20150803.csv
08-10-2015 21:38:08-maxi-MoverA-INFORMACION-6 /home/maxi/IdeaProjects/so7508/GRUPO12/novedades/COS_20150703.csv
08-10-2015 21:38:08-maxi-MoverA-INFORMACION-6 /home/maxi/IdeaProjects/so7508/GRUPO12/novedades/COS_20150803.csv
08-10-2015 21:38:08-maxi-MoverA-INFORMACION-6 /home/maxi/IdeaProjects/so7508/GRUPO12/novedades/SIS_20150703.csv
08-10-2015 21:38:08-maxi-MoverA-INFORMACION-6 /home/maxi/IdeaProjects/so7508/GRUPO12/novedades/SIS_20150803.csv
08-10-2015 21:38:08-maxi-MoverA-INFORMACION-6 /home/maxi/IdeaProjects/so7508/GRUPO12/novedades/TPSO7508_11_09_2015_TemaJ.pdf
08-10-2015 21:38:08-maxi-MoverA-INFORMACION-6 /home/maxi/IdeaProjects/so7508/GRUPO12/novedades/TPSO7508_11_09_2015_TemaJ.pdf
08-10-2015 21:38:20-maxi-MoverA-INFORMACION-6 /home/maxi/IdeaProjects/so7508/GRUPO12/novedades/TPSO7508_11_09_2015_TemaJ.pdf
08-10-2015 21:38:20-maxi-MoverA-INFORMACION-6 /home/maxi/IdeaProjects/so7508/GRUPO12/novedades/TPSO7508_11_09_2015_TemaJ.pdf
08-10-2015 21:38:20-maxi-MoverA-INFORMACION-6 /home/maxi/IdeaProjects/so7508/GRUPO12/novedades/BEL_20150703.csv
08-10-2015 21:38:20-maxi-MoverA-INFORMACION-6 /home/maxi/IdeaProjects/so7508/GRUPO12/novedades/BEL_20150803.csv
08-10-2015 21:38:20-maxi-MoverA-INFORMACION-6 /home/maxi/IdeaProjects/so7508/GRUPO12/novedades/COS_20150703.csv
08-10-2015 21:38:20-maxi-MoverA-INFORMACION-6 /home/maxi/IdeaProjects/so7508/GRUPO12/novedades/COS_20150803.csv
08-10-2015 21:38:20-maxi-MoverA-INFORMACION-6 /home/maxi/IdeaProjects/so7508/GRUPO12/novedades/SIS_20150703.csv
08-10-2015 21:38:20-maxi-MoverA-INFORMACION-6 /home/maxi/IdeaProjects/so7508/GRUPO12/novedades/SIS_20150803.csv
08-10-2015 21:38:20-maxi-MoverA-INFORMACION-6 /home/maxi/IdeaProjects/so7508/GRUPO12/novedades/TPSO7508_11_09_2015_TemaJ.pdf
08-10-2015 21:38:20-maxi-MoverA-INFORMACION-6 /home/maxi/IdeaProjects/so7508/GRUPO12/novedades/TPSO7508_11_09_2015_TemaJ.pdf
08-10-2015 21:38:32-maxi-MoverA-INFORMACION-6 /home/maxi/IdeaProjects/so7508/GRUPO12/novedades/TPSO7508_11_09_2015_TemaJ.pdf
08-10-2015 21:38:32-maxi-MoverA-INFORMACION-6 /home/maxi/IdeaProjects/so7508/GRUPO12/novedades/TPSO7508_11_09_2015_TemaJ.pdf
08-10-2015 21:38:32-maxi-MoverA-INFORMACION-6 /home/maxi/IdeaProjects/so7508/GRUPO12/novedades/BEL_20150703.csv
08-10-2015 21:38:32-maxi-MoverA-INFORMACION-6 /home/maxi/IdeaProjects/so7508/GRUPO12/novedades/BEL_20150803.csv
08-10-2015 21:38:32-maxi-MoverA-INFORMACION-6 /home/maxi/IdeaProjects/so7508/GRUPO12/novedades/COS_20150703.csv
08-10-2015 21:38:32-maxi-MoverA-INFORMACION-6 /home/maxi/IdeaProjects/so7508/GRUPO12/novedades/COS_20150803.csv
08-10-2015 21:38:32-maxi-MoverA-INFORMACION-6 /home/maxi/IdeaProjects/so7508/GRUPO12/novedades/SIS_20150703.csv
08-10-2015 21:38:32-maxi-MoverA-INFORMACION-6 /home/maxi/IdeaProjects/so7508/GRUPO12/novedades/SIS_20150803.csv
08-10-2015 21:38:32-maxi-MoverA-INFORMACION-6 /home/maxi/IdeaProjects/so7508/GRUPO12/novedades/TPSO7508_11_09_2015_TemaJ.pdf
08-10-2015 21:38:32-maxi-MoverA-INFORMACION-6 /home/maxi/IdeaProjects/so7508/GRUPO12/novedades/TPSO7508_11_09_2015_TemaJ.pdf
08-10-2015 21:38:44-maxi-MoverA-INFORMACION-6 /home/maxi/IdeaProjects/so7508/GRUPO12/novedades/TPSO7508_11_09_2015_TemaJ.pdf
08-10-2015 21:38:44-maxi-MoverA-INFORMACION-6 /home/maxi/IdeaProjects/so7508/GRUPO12/novedades/TPSO7508_11_09_2015_TemaJ.pdf
08-10-2015 21:38:44-maxi-MoverA-INFORMACION-6 /home/maxi/IdeaProjects/so7508/GRUPO12/novedades/BEL_20150703.csv
08-10-2015 21:38:44-maxi-MoverA-INFORMACION-6 /home/maxi/IdeaProjects/so7508/GRUPO12/novedades/BEL_20150803.csv
08-10-2015 21:38:44-maxi-MoverA-INFORMACION-6 /home/maxi/IdeaProjects/so7508/GRUPO12/novedades/COS_20150703.csv
08-10-2015 21:38:44-maxi-MoverA-INFORMACION-6 /home/maxi/IdeaProjects/so7508/GRUPO12/novedades/COS_20150803.csv
08-10-2015 21:38:44-maxi-MoverA-INFORMACION-6 /home/maxi/IdeaProjects/so7508/GRUPO12/novedades/SIS_20150703.csv
08-10-2015 21:38:44-maxi-MoverA-INFORMACION-6 /home/maxi/IdeaProjects/so7508/GRUPO12/novedades/SIS_20150803.csv
08-10-2015 21:38:44-maxi-MoverA-INFORMACION-6 /home/maxi/IdeaProjects/so7508/GRUPO12/novedades/TPSO7508_11_09_2015_TemaJ.pdf
08-10-2015 21:38:44-maxi-MoverA-INFORMACION-6 /home/maxi/IdeaProjects/so7508/GRUPO12/novedades/TPSO7508_11_09_2015_TemaJ.pdf
08-10-2015 21:38:56-maxi-MoverA-INFORMACION-6 /home/maxi/IdeaProjects/so7508/GRUPO12/novedades/TPSO7508_11_09_2015_TemaJ.pdf
08-10-2015 21:38:56-maxi-MoverA-INFORMACION-6 /home/maxi/IdeaProjects/so7508/GRUPO12/novedades/TPSO7508_11_09_2015_TemaJ.pdf
08-10-2015 21:38:56-maxi-MoverA-INFORMACION-6 /home/maxi/IdeaProjects/so7508/GRUPO12/novedades/BEL_20150703.csv
08-10-2015 21:38:56-maxi-MoverA-INFORMACION-6 /home/maxi/IdeaProjects/so7508/GRUPO12/novedades/BEL_20150803.csv
08-10-2015 21:38:56-maxi-MoverA-INFORMACION-6 /home/maxi/IdeaProjects/so7508/GRUPO12/novedades/COS_20150703.csv
08-10-2015 21:38:56-maxi-MoverA-INFORMACION-6 /home/maxi/IdeaProjects/so7508/GRUPO12/novedades/COS_20150803.csv
08-10-2015 21:38:56-maxi-MoverA-INFORMACION-6 /home/maxi/IdeaProjects/so7508/GRUPO12/novedades/SIS_20150703.csv
08-10-2015 21:38:56-maxi-MoverA-INFORMACION-6 /home/maxi/IdeaProjects/so7508/GRUPO12/novedades/SIS_20150803.csv
08-10-2015 21:38:56-maxi-MoverA-INFORMACION-6 /home/maxi/IdeaProjects/so7508/GRUPO12/novedades/TPSO7508_11_09_2015_TemaJ.pdf
08-10-2015 21:38:56-maxi-MoverA-INFORMACION-6 /home/maxi/IdeaProjects/so7508/GRUPO12/novedades/TPSO7508_11_09_2015_TemaJ.pdf
08-10-2015 21:39:09-maxi-MoverA-INFORMACION-6 /home/maxi/IdeaProjects/so7508/GRUPO12/novedades/TPSO7508_11_09_2015_TemaJ.pdf
08-10-2015 21:39:09-maxi-MoverA-INFORMACION-6 /home/maxi/IdeaProjects/so7508/GRUPO12/novedades/TPSO7508_11_09_2015_TemaJ.pdf
08-10-2015 21:39:09-maxi-MoverA-INFORMACION-6 /home/maxi/IdeaProjects/so7508/GRUPO12/novedades/BEL_20150703.csv
08-10-2015 21:39:09-maxi-MoverA-INFORMACION-6 /home/maxi/IdeaProjects/so7508/GRUPO12/novedades/BEL_20150803.csv
08-10-2015 21:39:09-maxi-MoverA-INFORMACION-6 /home/maxi/IdeaProjects/so7508/GRUPO12/novedades/COS_20150703.csv
08-10-2015 21:39:09-maxi-MoverA-INFORMACION-6 /home/maxi/IdeaProjects/so7508/GRUPO12/novedades/COS_20150803.csv
08-10-2015 21:39:09-maxi-MoverA-INFORMACION-6 /home/maxi/IdeaProjects/so7508/GRUPO12/novedades/SIS_20150703.csv
08-10-2015 21:39:09-maxi-MoverA-INFORMACION-6 /home/maxi/IdeaProjects/so7508/GRUPO12/novedades/SIS_20150803.csv
08-10-2015 21:39:09-maxi-MoverA-INFORMACION-6 /home/maxi/IdeaProjects/so7508/GRUPO12/novedades/TPSO7508_11_09_2015_TemaJ.pdf
08-10-2015 21:39:09-maxi-MoverA-INFORMACION-6 /home/maxi/IdeaProjects/so7508/GRUPO12/novedades/TPSO7508_11_09_2015_TemaJ.pdf
08-10-2015 21:39:21-maxi-MoverA-INFORMACION-6 /home/maxi/IdeaProjects/so7508/GRUPO12/novedades/TPSO7508_11_09_2015_TemaJ.pdf
08-10-2015 21:39:21-maxi-MoverA-INFORMACION-6 /home/maxi/IdeaProjects/so7508/GRUPO12/novedades/TPSO7508_11_09_2015_TemaJ.pdf
08-10-2015 21:39:21-maxi-MoverA-INFORMACION-6 /home/maxi/IdeaProjects/so7508/GRUPO12/novedades/BEL_20150703.csv
08-10-2015 21:39:21-maxi-MoverA-INFORMACION-6 /home/maxi/IdeaProjects/so7508/GRUPO12/novedades/BEL_20150803.csv
08-10-2015 21:39:21-maxi-MoverA-INFORMACION-6 /home/maxi/IdeaProjects/so7508/GRUPO12/novedades/COS_20150703.csv
08-10-2015 21:39:21-maxi-MoverA-INFORMACION-6 /home/maxi/IdeaProjects/so7508/GRUPO12/novedades/COS_20150803.csv
08-10-2015 21:39:21-maxi-MoverA-INFORMACION-6 /home/maxi/IdeaProjects/so7508/GRUPO12/novedades/SIS_20150703.csv
08-10-2015 21:39:21-maxi-MoverA-INFORMACION-6 /home/maxi/IdeaProjects/so7508/GRUPO12/novedades/SIS_20150803.csv
08-10-2015 21:39:21-maxi-MoverA-INFORMACION-6 /home/maxi/IdeaProjects/so7508/GRUPO12/novedades/TPSO7508_11_09_2015_TemaJ.pdf
08-10-2015 21:39:21-maxi-MoverA-INFORMACION-6 /home/maxi/IdeaProjects/so7508/GRUPO12/novedades/TPSO7508_11_09_2015_TemaJ.pdf
08-10-2015 21:39:33-maxi-MoverA-INFORMACION-6 /home/maxi/IdeaProjects/so7508/GRUPO12/novedades/TPSO7508_11_09_2015_TemaJ.pdf
08-10-2015 21:39:33-maxi-MoverA-INFORMACION-6 /home/maxi/IdeaProjects/so7508/GRUPO12/novedades/TPSO7508_11_09_2015_TemaJ.pdf
08-10-2015 21:39:33-maxi-MoverA-INFORMACION-6 /home/maxi/IdeaProjects/so7508/GRUPO12/novedades/BEL_20150703.csv
08-10-2015 21:39:33-maxi-MoverA-INFORMACION-6 /home/maxi/IdeaProjects/so7508/GRUPO12/novedades/BEL_20150803.csv
08-10-2015 21:39:33-maxi-MoverA-INFORMACION-6 /home/maxi/IdeaProjects/so7508/GRUPO12/novedades/COS_20150703.csv
08-10-2015 21:39:33-maxi-MoverA-INFORMACION-6 /home/maxi/IdeaProjects/so7508/GRUPO12/novedades/COS_20150803.csv
08-10-2015 21:39:33-maxi-MoverA-INFORMACION-6 /home/maxi/IdeaProjects/so7508/GRUPO12/novedades/SIS_20150703.csv
08-10-2015 21:39:33-maxi-MoverA-INFORMACION-6 /home/maxi/IdeaProjects/so7508/GRUPO12/novedades/SIS_20150803.csv
08-10-2015 21:39:33-maxi-MoverA-INFORMACION-6 /home/maxi/IdeaProjects/so7508/GRUPO12/novedades/TPSO7508_11_09_2015_TemaJ.pdf
08-10-2015 21:39:33-maxi-MoverA-INFORMACION-6 /home/maxi/IdeaProjects/so7508/GRUPO12/novedades/TPSO7508_11_09_2015_TemaJ.pdf
08-10-2015 21:39:45-maxi-MoverA-INFORMACION-6 /home/maxi/IdeaProjects/so7508/GRUPO12/novedades/TPSO7508_11_09_2015_TemaJ.pdf
08-10-2015 21:39:45-maxi-MoverA-INFORMACION-6 /home/maxi/IdeaProjects/so7508/GRUPO12/novedades/TPSO7508_11_09_2015_TemaJ.pdf
08-10-2015 21:39:45-maxi-MoverA-INFORMACION-6 /home/maxi/IdeaProjects/so7508/GRUPO12/novedades/BEL_20150703.csv
08-10-2015 21:39:45-maxi-MoverA-INFORMACION-6 /home/maxi/IdeaProjects/so7508/GRUPO12/novedades/BEL_20150803.csv
08-10-2015 21:39:45-maxi-MoverA-INFORMACION-6 /home/maxi/IdeaProjects/so7508/GRUPO12/novedades/COS_20150703.csv
08-10-2015 21:39:45-maxi-MoverA-INFORMACION-6 /home/maxi/IdeaProjects/so7508/GRUPO12/novedades/COS_20150803.csv
08-10-2015 21:39:45-maxi-MoverA-INFORMACION-6 /home/maxi/IdeaProjects/so7508/GRUPO12/novedades/SIS_20150703.csv
08-10-2015 21:39:45-maxi-MoverA-INFORMACION-6 /home/maxi/IdeaProjects/so7508/GRUPO12/novedades/SIS_20150803.csv
08-10-2015 21:39:45-maxi-MoverA-INFORMACION-6 /home/maxi/IdeaProjects/so7508/GRUPO12/novedades/TPSO7508_11_09_2015_TemaJ.pdf
08-10-2015 21:39:45-maxi-MoverA-INFORMACION-6 /home/maxi/IdeaProjects/so7508/GRUPO12/novedades/TPSO7508_11_09_2015_TemaJ.pdf
08-10-2015 21:39:57-maxi-MoverA-INFORMACION-6 /home/maxi/IdeaProjects/so7508/GRUPO12/novedades/TPSO7508_11_09_2015_TemaJ.pdf
08-10-2015 21:39:57-maxi-MoverA-INFORMACION-6 /home/maxi/IdeaProjects/so7508/GRUPO12/novedades/TPSO7508_11_09_2015_TemaJ.pdf
08-10-2015 21:39:57-maxi-MoverA-INFORMACION-6 /home/maxi/IdeaProjects/so7508/GRUPO12/novedades/BEL_20150703.csv
08-10-2015 21:39:57-maxi-MoverA-INFORMACION-6 /home/maxi/IdeaProjects/so7508/GRUPO12/novedades/BEL_20150803.csv
08-10-2015 21:39:57-maxi-MoverA-INFORMACION-6 /home/maxi/IdeaProjects/so7508/GRUPO12/novedades/COS_20150703.csv
08-10-2015 21:39:57-maxi-MoverA-INFORMACION-6 /home/maxi/IdeaProjects/so7508/GRUPO12/novedades/COS_20150803.csv
08-10-2015 21:39:57-maxi-MoverA-INFORMACION-6 /home/maxi/IdeaProjects/so7508/GRUPO12/novedades/SIS_20150703.csv
08-10-2015 21:39:57-maxi-MoverA-INFORMACION-6 /home/maxi/IdeaProjects/so7508/GRUPO12/novedades/SIS_20150803.csv
08-10-2015 21:39:57-maxi-MoverA-INFORMACION-6 /home/maxi/IdeaProjects/so7508/GRUPO12/novedades/TPSO7508_11_09_2015_TemaJ.pdf
08-10-2015 21:39:57-maxi-MoverA-INFORMACION-6 /home/maxi/IdeaProjects/so7508/GRUPO12/novedades/TPSO7508_11_09_2015_TemaJ.pdf
08-10-2015 21:40:10-maxi-MoverA-INFORMACION-6 /home/maxi/IdeaProjects/so7508/GRUPO12/novedades/TPSO7508_11_09_2015_TemaJ.pdf
08-10-2015 21:40:10-maxi-MoverA-INFORMACION-6 /home/maxi/IdeaProjects/so7508/GRUPO12/novedades/TPSO7508_11_09_2015_TemaJ.pdf
08-10-2015 21:40:10-maxi-MoverA-INFORMACION-6 /home/maxi/IdeaProjects/so7508/GRUPO12/novedades/BEL_20150703.csv
08-10-2015 21:40:10-maxi-MoverA-INFORMACION-6 /home/maxi/IdeaProjects/so7508/GRUPO12/novedades/BEL_20150803.csv
08-10-2015 21:40:10-maxi-MoverA-INFORMACION-6 /home/maxi/IdeaProjects/so7508/GRUPO12/novedades/COS_20150703.csv
08-10-2015 21:40:10-maxi-MoverA-INFORMACION-6 /home/maxi/IdeaProjects/so7508/GRUPO12/novedades/COS_20150803.csv
08-10-2015 21:40:10-maxi-MoverA-INFORMACION-6 /home/maxi/IdeaProjects/so7508/GRUPO12/novedades/SIS_20150703.csv
08-10-2015 21:40:10-maxi-MoverA-INFORMACION-6 /home/maxi/IdeaProjects/so7508/GRUPO12/novedades/SIS_20150803.csv
08-10-2015 21:40:10-maxi-MoverA-INFORMACION-6 /home/maxi/IdeaProjects/so7508/GRUPO12/novedades/TPSO7508_11_09_2015_TemaJ.pdf
08-10-2015 21:40:10-maxi-MoverA-INFORMACION-6 /home/maxi/IdeaProjects/so7508/GRUPO12/novedades/TPSO7508_11_09_2015_TemaJ.pdf
08-10-2015 21:40:22-maxi-MoverA-INFORMACION-6 /home/maxi/IdeaProjects/so7508/GRUPO12/novedades/TPSO7508_11_09_2015_TemaJ.pdf
08-10-2015 21:40:22-maxi-MoverA-INFORMACION-6 /home/maxi/IdeaProjects/so7508/GRUPO12/novedades/TPSO7508_11_09_2015_TemaJ.pdf
08-10-2015 21:40:22-maxi-MoverA-INFORMACION-6 /home/maxi/IdeaProjects/so7508/GRUPO12/novedades/BEL_20150703.csv
08-10-2015 21:40:22-maxi-MoverA-INFORMACION-6 /home/maxi/IdeaProjects/so7508/GRUPO12/novedades/BEL_20150803.csv
08-10-2015 21:40:22-maxi-MoverA-INFORMACION-6 /home/maxi/IdeaProjects/so7508/GRUPO12/novedades/COS_20150703.csv
08-10-2015 21:40:22-maxi-MoverA-INFORMACION-6 /home/maxi/IdeaProjects/so7508/GRUPO12/novedades/COS_20150803.csv
08-10-2015 21:40:22-maxi-MoverA-INFORMACION-6 /home/maxi/IdeaProjects/so7508/GRUPO12/novedades/SIS_20150703.csv
08-10-2015 21:40:22-maxi-MoverA-INFORMACION-6 /home/maxi/IdeaProjects/so7508/GRUPO12/novedades/SIS_20150803.csv
08-10-2015 21:40:22-maxi-MoverA-INFORMACION-6 /home/maxi/IdeaProjects/so7508/GRUPO12/novedades/TPSO7508_11_09_2015_TemaJ.pdf
08-10-2015 21:40:22-maxi-MoverA-INFORMACION-6 /home/maxi/IdeaProjects/so7508/GRUPO12/novedades/TPSO7508_11_09_2015_TemaJ.pdf
08-10-2015 21:40:34-maxi-MoverA-INFORMACION-6 /home/maxi/IdeaProjects/so7508/GRUPO12/novedades/TPSO7508_11_09_2015_TemaJ.pdf
08-10-2015 21:40:34-maxi-MoverA-INFORMACION-6 /home/maxi/IdeaProjects/so7508/GRUPO12/novedades/TPSO7508_11_09_2015_TemaJ.pdf
08-10-2015 21:40:34-maxi-MoverA-INFORMACION-6 /home/maxi/IdeaProjects/so7508/GRUPO12/novedades/BEL_20150703.csv
08-10-2015 21:40:34-maxi-MoverA-INFORMACION-6 /home/maxi/IdeaProjects/so7508/GRUPO12/novedades/BEL_20150803.csv
08-10-2015 21:40:34-maxi-MoverA-INFORMACION-6 /home/maxi/IdeaProjects/so7508/GRUPO12/novedades/COS_20150703.csv
08-10-2015 21:40:34-maxi-MoverA-INFORMACION-6 /home/maxi/IdeaProjects/so7508/GRUPO12/novedades/COS_20150803.csv
08-10-2015 21:40:34-maxi-MoverA-INFORMACION-6 /home/maxi/IdeaProjects/so7508/GRUPO12/novedades/SIS_20150703.csv
08-10-2015 21:40:34-maxi-MoverA-INFORMACION-6 /home/maxi/IdeaProjects/so7508/GRUPO12/novedades/SIS_20150803.csv
08-10-2015 21:40:34-maxi-MoverA-INFORMACION-6 /home/maxi/IdeaProjects/so7508/GRUPO12/novedades/TPSO7508_11_09_2015_TemaJ.pdf
08-10-2015 21:40:34-maxi-MoverA-INFORMACION-6 /home/maxi/IdeaProjects/so7508/GRUPO12/novedades/TPSO7508_11_09_2015_TemaJ.pdf
08-10-2015 21:40:46-maxi-MoverA-INFORMACION-6 /home/maxi/IdeaProjects/so7508/GRUPO12/novedades/TPSO7508_11_09_2015_TemaJ.pdf
08-10-2015 21:40:46-maxi-MoverA-INFORMACION-6 /home/maxi/IdeaProjects/so7508/GRUPO12/novedades/TPSO7508_11_09_2015_TemaJ.pdf
08-10-2015 21:40:46-maxi-MoverA-INFORMACION-6 /home/maxi/IdeaProjects/so7508/GRUPO12/novedades/BEL_20150703.csv
08-10-2015 21:40:46-maxi-MoverA-INFORMACION-6 /home/maxi/IdeaProjects/so7508/GRUPO12/novedades/BEL_20150803.csv
08-10-2015 21:40:46-maxi-MoverA-INFORMACION-6 /home/maxi/IdeaProjects/so7508/GRUPO12/novedades/COS_20150703.csv
08-10-2015 21:40:46-maxi-MoverA-INFORMACION-6 /home/maxi/IdeaProjects/so7508/GRUPO12/novedades/COS_20150803.csv
08-10-2015 21:40:46-maxi-MoverA-INFORMACION-6 /home/maxi/IdeaProjects/so7508/GRUPO12/novedades/SIS_20150703.csv
08-10-2015 21:40:46-maxi-MoverA-INFORMACION-6 /home/maxi/IdeaProjects/so7508/GRUPO12/novedades/SIS_20150803.csv
08-10-2015 21:40:46-maxi-MoverA-INFORMACION-6 /home/maxi/IdeaProjects/so7508/GRUPO12/novedades/TPSO7508_11_09_2015_TemaJ.pdf
08-10-2015 21:40:46-maxi-MoverA-INFORMACION-6 /home/maxi/IdeaProjects/so7508/GRUPO12/novedades/TPSO7508_11_09_2015_TemaJ.pdf
08-10-2015 21:40:58-maxi-MoverA-INFORMACION-6 /home/maxi/IdeaProjects/so7508/GRUPO12/novedades/TPSO7508_11_09_2015_TemaJ.pdf
08-10-2015 21:40:58-maxi-MoverA-INFORMACION-6 /home/maxi/IdeaProjects/so7508/GRUPO12/novedades/TPSO7508_11_09_2015_TemaJ.pdf
08-10-2015 21:40:58-maxi-MoverA-INFORMACION-6 /home/maxi/IdeaProjects/so7508/GRUPO12/novedades/BEL_20150703.csv
08-10-2015 21:40:58-maxi-MoverA-INFORMACION-6 /home/maxi/IdeaProjects/so7508/GRUPO12/novedades/BEL_20150803.csv
08-10-2015 21:40:58-maxi-MoverA-INFORMACION-6 /home/maxi/IdeaProjects/so7508/GRUPO12/novedades/COS_20150703.csv
08-10-2015 21:40:58-maxi-MoverA-INFORMACION-6 /home/maxi/IdeaProjects/so7508/GRUPO12/novedades/COS_20150803.csv
08-10-2015 21:40:58-maxi-MoverA-INFORMACION-6 /home/maxi/IdeaProjects/so7508/GRUPO12/novedades/SIS_20150703.csv
08-10-2015 21:40:58-maxi-MoverA-INFORMACION-6 /home/maxi/IdeaProjects/so7508/GRUPO12/novedades/SIS_20150803.csv
08-10-2015 21:40:58-maxi-MoverA-INFORMACION-6 /home/maxi/IdeaProjects/so7508/GRUPO12/novedades/TPSO7508_11_09_2015_TemaJ.pdf
08-10-2015 21:40:58-maxi-MoverA-INFORMACION-6 /home/maxi/IdeaProjects/so7508/GRUPO12/novedades/TPSO7508_11_09_2015_TemaJ.pdf
08-10-2015 21:41:11-maxi-MoverA-INFORMACION-6 /home/maxi/IdeaProjects/so7508/GRUPO12/novedades/TPSO7508_11_09_2015_TemaJ.pdf
08-10-2015 21:41:11-maxi-MoverA-INFORMACION-6 /home/maxi/IdeaProjects/so7508/GRUPO12/novedades/TPSO7508_11_09_2015_TemaJ.pdf
08-10-2015 21:41:11-maxi-MoverA-INFORMACION-6 /home/maxi/IdeaProjects/so7508/GRUPO12/novedades/BEL_20150703.csv
08-10-2015 21:41:11-maxi-MoverA-INFORMACION-6 /home/maxi/IdeaProjects/so7508/GRUPO12/novedades/BEL_20150803.csv
08-10-2015 21:41:11-maxi-MoverA-INFORMACION-6 /home/maxi/IdeaProjects/so7508/GRUPO12/novedades/COS_20150703.csv
08-10-2015 21:41:11-maxi-MoverA-INFORMACION-6 /home/maxi/IdeaProjects/so7508/GRUPO12/novedades/COS_20150803.csv
08-10-2015 21:41:11-maxi-MoverA-INFORMACION-6 /home/maxi/IdeaProjects/so7508/GRUPO12/novedades/SIS_20150703.csv
08-10-2015 21:41:11-maxi-MoverA-INFORMACION-6 /home/maxi/IdeaProjects/so7508/GRUPO12/novedades/SIS_20150803.csv
08-10-2015 21:41:11-maxi-MoverA-INFORMACION-6 /home/maxi/IdeaProjects/so7508/GRUPO12/novedades/TPSO7508_11_09_2015_TemaJ.pdf
08-10-2015 21:41:11-maxi-MoverA-INFORMACION-6 /home/maxi/IdeaProjects/so7508/GRUPO12/novedades/TPSO7508_11_09_2015_TemaJ.pdf
08-10-2015 21:41:23-maxi-MoverA-INFORMACION-6 /home/maxi/IdeaProjects/so7508/GRUPO12/novedades/TPSO7508_11_09_2015_TemaJ.pdf
08-10-2015 21:41:23-maxi-MoverA-INFORMACION-6 /home/maxi/IdeaProjects/so7508/GRUPO12/novedades/TPSO7508_11_09_2015_TemaJ.pdf
08-10-2015 21:41:23-maxi-MoverA-INFORMACION-6 /home/maxi/IdeaProjects/so7508/GRUPO12/novedades/BEL_20150703.csv
08-10-2015 21:41:23-maxi-MoverA-INFORMACION-6 /home/maxi/IdeaProjects/so7508/GRUPO12/novedades/BEL_20150803.csv
08-10-2015 21:41:23-maxi-MoverA-INFORMACION-6 /home/maxi/IdeaProjects/so7508/GRUPO12/novedades/COS_20150703.csv
08-10-2015 21:41:23-maxi-MoverA-INFORMACION-6 /home/maxi/IdeaProjects/so7508/GRUPO12/novedades/COS_20150803.csv
08-10-2015 21:41:23-maxi-MoverA-INFORMACION-6 /home/maxi/IdeaProjects/so7508/GRUPO12/novedades/SIS_20150703.csv
08-10-2015 21:41:23-maxi-MoverA-INFORMACION-6 /home/maxi/IdeaProjects/so7508/GRUPO12/novedades/SIS_20150803.csv
08-10-2015 21:41:23-maxi-MoverA-INFORMACION-6 /home/maxi/IdeaProjects/so7508/GRUPO12/novedades/TPSO7508_11_09_2015_TemaJ.pdf
08-10-2015 21:41:23-maxi-MoverA-INFORMACION-6 /home/maxi/IdeaProjects/so7508/GRUPO12/novedades/TPSO7508_11_09_2015_TemaJ.pdf
08-10-2015 21:41:35-maxi-MoverA-INFORMACION-6 /home/maxi/IdeaProjects/so7508/GRUPO12/novedades/TPSO7508_11_09_2015_TemaJ.pdf
08-10-2015 21:41:35-maxi-MoverA-INFORMACION-6 /home/maxi/IdeaProjects/so7508/GRUPO12/novedades/TPSO7508_11_09_2015_TemaJ.pdf
08-10-2015 21:41:35-maxi-MoverA-INFORMACION-6 /home/maxi/IdeaProjects/so7508/GRUPO12/novedades/BEL_20150703.csv
08-10-2015 21:41:35-maxi-MoverA-INFORMACION-6 /home/maxi/IdeaProjects/so7508/GRUPO12/novedades/BEL_20150803.csv
08-10-2015 21:41:35-maxi-MoverA-INFORMACION-6 /home/maxi/IdeaProjects/so7508/GRUPO12/novedades/COS_20150703.csv
08-10-2015 21:41:35-maxi-MoverA-INFORMACION-6 /home/maxi/IdeaProjects/so7508/GRUPO12/novedades/COS_20150803.csv
08-10-2015 21:41:35-maxi-MoverA-INFORMACION-6 /home/maxi/IdeaProjects/so7508/GRUPO12/novedades/SIS_20150703.csv
08-10-2015 21:41:35-maxi-MoverA-INFORMACION-6 /home/maxi/IdeaProjects/so7508/GRUPO12/novedades/SIS_20150803.csv
08-10-2015 21:41:35-maxi-MoverA-INFORMACION-6 /home/maxi/IdeaProjects/so7508/GRUPO12/novedades/TPSO7508_11_09_2015_TemaJ.pdf
08-10-2015 21:41:35-maxi-MoverA-INFORMACION-6 /home/maxi/IdeaProjects/so7508/GRUPO12/novedades/TPSO7508_11_09_2015_TemaJ.pdf
08-10-2015 21:41:47-maxi-MoverA-INFORMACION-6 /home/maxi/IdeaProjects/so7508/GRUPO12/novedades/TPSO7508_11_09_2015_TemaJ.pdf
08-10-2015 21:41:47-maxi-MoverA-INFORMACION-6 /home/maxi/IdeaProjects/so7508/GRUPO12/novedades/TPSO7508_11_09_2015_TemaJ.pdf
08-10-2015 21:41:47-maxi-MoverA-INFORMACION-6 /home/maxi/IdeaProjects/so7508/GRUPO12/novedades/BEL_20150703.csv
08-10-2015 21:41:47-maxi-MoverA-INFORMACION-6 /home/maxi/IdeaProjects/so7508/GRUPO12/novedades/BEL_20150803.csv
08-10-2015 21:41:47-maxi-MoverA-INFORMACION-6 /home/maxi/IdeaProjects/so7508/GRUPO12/novedades/COS_20150703.csv
08-10-2015 21:41:47-maxi-MoverA-INFORMACION-6 /home/maxi/IdeaProjects/so7508/GRUPO12/novedades/COS_20150803.csv
08-10-2015 21:41:47-maxi-MoverA-INFORMACION-6 /home/maxi/IdeaProjects/so7508/GRUPO12/novedades/SIS_20150703.csv
08-10-2015 21:41:47-maxi-MoverA-INFORMACION-6 /home/maxi/IdeaProjects/so7508/GRUPO12/novedades/SIS_20150803.csv
08-10-2015 21:41:47-maxi-MoverA-INFORMACION-6 /home/maxi/IdeaProjects/so7508/GRUPO12/novedades/TPSO7508_11_09_2015_TemaJ.pdf
08-10-2015 21:41:47-maxi-MoverA-INFORMACION-6 /home/maxi/IdeaProjects/so7508/GRUPO12/novedades/TPSO7508_11_09_2015_TemaJ.pdf
08-10-2015 21:41:59-maxi-MoverA-INFORMACION-6 /home/maxi/IdeaProjects/so7508/GRUPO12/novedades/TPSO7508_11_09_2015_TemaJ.pdf
08-10-2015 21:41:59-maxi-MoverA-INFORMACION-6 /home/maxi/IdeaProjects/so7508/GRUPO12/novedades/TPSO7508_11_09_2015_TemaJ.pdf
08-10-2015 21:41:59-maxi-MoverA-INFORMACION-6 /home/maxi/IdeaProjects/so7508/GRUPO12/novedades/BEL_20150703.csv
08-10-2015 21:41:59-maxi-MoverA-INFORMACION-6 /home/maxi/IdeaProjects/so7508/GRUPO12/novedades/BEL_20150803.csv
08-10-2015 21:41:59-maxi-MoverA-INFORMACION-6 /home/maxi/IdeaProjects/so7508/GRUPO12/novedades/COS_20150703.csv
08-10-2015 21:41:59-maxi-MoverA-INFORMACION-6 /home/maxi/IdeaProjects/so7508/GRUPO12/novedades/COS_20150803.csv
08-10-2015 21:41:59-maxi-MoverA-INFORMACION-6 /home/maxi/IdeaProjects/so7508/GRUPO12/novedades/SIS_20150703.csv
08-10-2015 21:41:59-maxi-MoverA-INFORMACION-6 /home/maxi/IdeaProjects/so7508/GRUPO12/novedades/SIS_20150803.csv
08-10-2015 21:41:59-maxi-MoverA-INFORMACION-6 /home/maxi/IdeaProjects/so7508/GRUPO12/novedades/TPSO7508_11_09_2015_TemaJ.pdf
08-10-2015 21:42:00-maxi-MoverA-INFORMACION-6 /home/maxi/IdeaProjects/so7508/GRUPO12/novedades/TPSO7508_11_09_2015_TemaJ.pdf
08-10-2015 21:42:12-maxi-MoverA-INFORMACION-6 /home/maxi/IdeaProjects/so7508/GRUPO12/novedades/TPSO7508_11_09_2015_TemaJ.pdf
08-10-2015 21:42:12-maxi-MoverA-INFORMACION-6 /home/maxi/IdeaProjects/so7508/GRUPO12/novedades/TPSO7508_11_09_2015_TemaJ.pdf
08-10-2015 21:42:12-maxi-MoverA-INFORMACION-6 /home/maxi/IdeaProjects/so7508/GRUPO12/novedades/BEL_20150703.csv
08-10-2015 21:42:12-maxi-MoverA-INFORMACION-6 /home/maxi/IdeaProjects/so7508/GRUPO12/novedades/BEL_20150803.csv
08-10-2015 21:42:12-maxi-MoverA-INFORMACION-6 /home/maxi/IdeaProjects/so7508/GRUPO12/novedades/COS_20150703.csv
08-10-2015 21:42:12-maxi-MoverA-INFORMACION-6 /home/maxi/IdeaProjects/so7508/GRUPO12/novedades/COS_20150803.csv
08-10-2015 21:42:12-maxi-MoverA-INFORMACION-6 /home/maxi/IdeaProjects/so7508/GRUPO12/novedades/SIS_20150703.csv
08-10-2015 21:42:12-maxi-MoverA-INFORMACION-6 /home/maxi/IdeaProjects/so7508/GRUPO12/novedades/SIS_20150803.csv
08-10-2015 21:42:12-maxi-MoverA-INFORMACION-6 /home/maxi/IdeaProjects/so7508/GRUPO12/novedades/TPSO7508_11_09_2015_TemaJ.pdf
08-10-2015 21:42:12-maxi-MoverA-INFORMACION-6 /home/maxi/IdeaProjects/so7508/GRUPO12/novedades/TPSO7508_11_09_2015_TemaJ.pdf
08-10-2015 21:42:24-maxi-MoverA-INFORMACION-6 /home/maxi/IdeaProjects/so7508/GRUPO12/novedades/TPSO7508_11_09_2015_TemaJ.pdf
08-10-2015 21:42:24-maxi-MoverA-INFORMACION-6 /home/maxi/IdeaProjects/so7508/GRUPO12/novedades/TPSO7508_11_09_2015_TemaJ.pdf
08-10-2015 21:42:24-maxi-MoverA-INFORMACION-6 /home/maxi/IdeaProjects/so7508/GRUPO12/novedades/BEL_20150703.csv
08-10-2015 21:42:24-maxi-MoverA-INFORMACION-6 /home/maxi/IdeaProjects/so7508/GRUPO12/novedades/BEL_20150803.csv
08-10-2015 21:42:24-maxi-MoverA-INFORMACION-6 /home/maxi/IdeaProjects/so7508/GRUPO12/novedades/COS_20150703.csv
08-10-2015 21:42:24-maxi-MoverA-INFORMACION-6 /home/maxi/IdeaProjects/so7508/GRUPO12/novedades/COS_20150803.csv
08-10-2015 21:42:24-maxi-MoverA-INFORMACION-6 /home/maxi/IdeaProjects/so7508/GRUPO12/novedades/SIS_20150703.csv
08-10-2015 21:42:24-maxi-MoverA-INFORMACION-6 /home/maxi/IdeaProjects/so7508/GRUPO12/novedades/SIS_20150803.csv
08-10-2015 21:42:24-maxi-MoverA-INFORMACION-6 /home/maxi/IdeaProjects/so7508/GRUPO12/novedades/TPSO7508_11_09_2015_TemaJ.pdf
08-10-2015 21:42:24-maxi-MoverA-INFORMACION-6 /home/maxi/IdeaProjects/so7508/GRUPO12/novedades/TPSO7508_11_09_2015_TemaJ.pdf
08-10-2015 21:42:36-maxi-MoverA-INFORMACION-6 /home/maxi/IdeaProjects/so7508/GRUPO12/novedades/TPSO7508_11_09_2015_TemaJ.pdf
08-10-2015 21:42:36-maxi-MoverA-INFORMACION-6 /home/maxi/IdeaProjects/so7508/GRUPO12/novedades/TPSO7508_11_09_2015_TemaJ.pdf
08-10-2015 21:42:36-maxi-MoverA-INFORMACION-6 /home/maxi/IdeaProjects/so7508/GRUPO12/novedades/BEL_20150703.csv
08-10-2015 21:42:36-maxi-MoverA-INFORMACION-6 /home/maxi/IdeaProjects/so7508/GRUPO12/novedades/BEL_20150803.csv
08-10-2015 21:42:36-maxi-MoverA-INFORMACION-6 /home/maxi/IdeaProjects/so7508/GRUPO12/novedades/COS_20150703.csv
08-10-2015 21:42:36-maxi-MoverA-INFORMACION-6 /home/maxi/IdeaProjects/so7508/GRUPO12/novedades/COS_20150803.csv
08-10-2015 21:42:36-maxi-MoverA-INFORMACION-6 /home/maxi/IdeaProjects/so7508/GRUPO12/novedades/SIS_20150703.csv
08-10-2015 21:42:36-maxi-MoverA-INFORMACION-6 /home/maxi/IdeaProjects/so7508/GRUPO12/novedades/SIS_20150803.csv
08-10-2015 21:42:36-maxi-MoverA-INFORMACION-6 /home/maxi/IdeaProjects/so7508/GRUPO12/novedades/TPSO7508_11_09_2015_TemaJ.pdf
08-10-2015 21:42:36-maxi-MoverA-INFORMACION-6 /home/maxi/IdeaProjects/so7508/GRUPO12/novedades/TPSO7508_11_09_2015_TemaJ.pdf
08-10-2015 21:42:48-maxi-MoverA-INFORMACION-6 /home/maxi/IdeaProjects/so7508/GRUPO12/novedades/TPSO7508_11_09_2015_TemaJ.pdf
08-10-2015 21:42:48-maxi-MoverA-INFORMACION-6 /home/maxi/IdeaProjects/so7508/GRUPO12/novedades/TPSO7508_11_09_2015_TemaJ.pdf
08-10-2015 21:42:48-maxi-MoverA-INFORMACION-6 /home/maxi/IdeaProjects/so7508/GRUPO12/novedades/BEL_20150703.csv
08-10-2015 21:42:48-maxi-MoverA-INFORMACION-6 /home/maxi/IdeaProjects/so7508/GRUPO12/novedades/BEL_20150803.csv
08-10-2015 21:42:48-maxi-MoverA-INFORMACION-6 /home/maxi/IdeaProjects/so7508/GRUPO12/novedades/COS_20150703.csv
08-10-2015 21:42:48-maxi-MoverA-INFORMACION-6 /home/maxi/IdeaProjects/so7508/GRUPO12/novedades/COS_20150803.csv
08-10-2015 21:42:48-maxi-MoverA-INFORMACION-6 /home/maxi/IdeaProjects/so7508/GRUPO12/novedades/SIS_20150703.csv
08-10-2015 21:42:48-maxi-MoverA-INFORMACION-6 /home/maxi/IdeaProjects/so7508/GRUPO12/novedades/SIS_20150803.csv
08-10-2015 21:42:48-maxi-MoverA-INFORMACION-6 /home/maxi/IdeaProjects/so7508/GRUPO12/novedades/TPSO7508_11_09_2015_TemaJ.pdf
08-10-2015 21:42:48-maxi-MoverA-INFORMACION-6 /home/maxi/IdeaProjects/so7508/GRUPO12/novedades/TPSO7508_11_09_2015_TemaJ.pdf
08-10-2015 21:43:00-maxi-MoverA-INFORMACION-6 /home/maxi/IdeaProjects/so7508/GRUPO12/novedades/TPSO7508_11_09_2015_TemaJ.pdf
08-10-2015 21:43:00-maxi-MoverA-INFORMACION-6 /home/maxi/IdeaProjects/so7508/GRUPO12/novedades/TPSO7508_11_09_2015_TemaJ.pdf
08-10-2015 21:43:00-maxi-MoverA-INFORMACION-6 /home/maxi/IdeaProjects/so7508/GRUPO12/novedades/BEL_20150703.csv
08-10-2015 21:43:00-maxi-MoverA-INFORMACION-6 /home/maxi/IdeaProjects/so7508/GRUPO12/novedades/BEL_20150803.csv
08-10-2015 21:43:00-maxi-MoverA-INFORMACION-6 /home/maxi/IdeaProjects/so7508/GRUPO12/novedades/COS_20150703.csv
08-10-2015 21:43:00-maxi-MoverA-INFORMACION-6 /home/maxi/IdeaProjects/so7508/GRUPO12/novedades/COS_20150803.csv
08-10-2015 21:43:00-maxi-MoverA-INFORMACION-6 /home/maxi/IdeaProjects/so7508/GRUPO12/novedades/SIS_20150703.csv
08-10-2015 21:43:00-maxi-MoverA-INFORMACION-6 /home/maxi/IdeaProjects/so7508/GRUPO12/novedades/SIS_20150803.csv
08-10-2015 21:43:00-maxi-MoverA-INFORMACION-6 /home/maxi/IdeaProjects/so7508/GRUPO12/novedades/TPSO7508_11_09_2015_TemaJ.pdf
08-10-2015 21:43:01-maxi-MoverA-INFORMACION-6 /home/maxi/IdeaProjects/so7508/GRUPO12/novedades/TPSO7508_11_09_2015_TemaJ.pdf
08-10-2015 21:43:13-maxi-MoverA-INFORMACION-6 /home/maxi/IdeaProjects/so7508/GRUPO12/novedades/TPSO7508_11_09_2015_TemaJ.pdf
08-10-2015 21:43:13-maxi-MoverA-INFORMACION-6 /home/maxi/IdeaProjects/so7508/GRUPO12/novedades/TPSO7508_11_09_2015_TemaJ.pdf
08-10-2015 21:43:13-maxi-MoverA-INFORMACION-6 /home/maxi/IdeaProjects/so7508/GRUPO12/novedades/BEL_20150703.csv
08-10-2015 21:43:13-maxi-MoverA-INFORMACION-6 /home/maxi/IdeaProjects/so7508/GRUPO12/novedades/BEL_20150803.csv
08-10-2015 21:43:13-maxi-MoverA-INFORMACION-6 /home/maxi/IdeaProjects/so7508/GRUPO12/novedades/COS_20150703.csv
08-10-2015 21:43:13-maxi-MoverA-INFORMACION-6 /home/maxi/IdeaProjects/so7508/GRUPO12/novedades/COS_20150803.csv
08-10-2015 21:43:13-maxi-MoverA-INFORMACION-6 /home/maxi/IdeaProjects/so7508/GRUPO12/novedades/SIS_20150703.csv
08-10-2015 21:43:13-maxi-MoverA-INFORMACION-6 /home/maxi/IdeaProjects/so7508/GRUPO12/novedades/SIS_20150803.csv
08-10-2015 21:43:13-maxi-MoverA-INFORMACION-6 /home/maxi/IdeaProjects/so7508/GRUPO12/novedades/TPSO7508_11_09_2015_TemaJ.pdf
08-10-2015 21:43:13-maxi-MoverA-INFORMACION-6 /home/maxi/IdeaProjects/so7508/GRUPO12/novedades/TPSO7508_11_09_2015_TemaJ.pdf
08-10-2015 21:43:25-maxi-MoverA-INFORMACION-6 /home/maxi/IdeaProjects/so7508/GRUPO12/novedades/TPSO7508_11_09_2015_TemaJ.pdf
08-10-2015 21:43:25-maxi-MoverA-INFORMACION-6 /home/maxi/IdeaProjects/so7508/GRUPO12/novedades/TPSO7508_11_09_2015_TemaJ.pdf
08-10-2015 21:43:25-maxi-MoverA-INFORMACION-6 /home/maxi/IdeaProjects/so7508/GRUPO12/novedades/BEL_20150703.csv
08-10-2015 21:43:25-maxi-MoverA-INFORMACION-6 /home/maxi/IdeaProjects/so7508/GRUPO12/novedades/BEL_20150803.csv
08-10-2015 21:43:25-maxi-MoverA-INFORMACION-6 /home/maxi/IdeaProjects/so7508/GRUPO12/novedades/COS_20150703.csv
08-10-2015 21:43:25-maxi-MoverA-INFORMACION-6 /home/maxi/IdeaProjects/so7508/GRUPO12/novedades/COS_20150803.csv
08-10-2015 21:43:25-maxi-MoverA-INFORMACION-6 /home/maxi/IdeaProjects/so7508/GRUPO12/novedades/SIS_20150703.csv
08-10-2015 21:43:25-maxi-MoverA-INFORMACION-6 /home/maxi/IdeaProjects/so7508/GRUPO12/novedades/SIS_20150803.csv
08-10-2015 21:43:25-maxi-MoverA-INFORMACION-6 /home/maxi/IdeaProjects/so7508/GRUPO12/novedades/TPSO7508_11_09_2015_TemaJ.pdf
08-10-2015 21:43:25-maxi-MoverA-INFORMACION-6 /home/maxi/IdeaProjects/so7508/GRUPO12/novedades/TPSO7508_11_09_2015_TemaJ.pdf
08-10-2015 21:43:37-maxi-MoverA-INFORMACION-6 /home/maxi/IdeaProjects/so7508/GRUPO12/novedades/TPSO7508_11_09_2015_TemaJ.pdf
08-10-2015 21:43:37-maxi-MoverA-INFORMACION-6 /home/maxi/IdeaProjects/so7508/GRUPO12/novedades/TPSO7508_11_09_2015_TemaJ.pdf
08-10-2015 21:43:37-maxi-MoverA-INFORMACION-6 /home/maxi/IdeaProjects/so7508/GRUPO12/novedades/BEL_20150703.csv
08-10-2015 21:43:37-maxi-MoverA-INFORMACION-6 /home/maxi/IdeaProjects/so7508/GRUPO12/novedades/BEL_20150803.csv
08-10-2015 21:43:37-maxi-MoverA-INFORMACION-6 /home/maxi/IdeaProjects/so7508/GRUPO12/novedades/COS_20150703.csv
08-10-2015 21:43:37-maxi-MoverA-INFORMACION-6 /home/maxi/IdeaProjects/so7508/GRUPO12/novedades/COS_20150803.csv
08-10-2015 21:43:37-maxi-MoverA-INFORMACION-6 /home/maxi/IdeaProjects/so7508/GRUPO12/novedades/SIS_20150703.csv
08-10-2015 21:43:37-maxi-MoverA-INFORMACION-6 /home/maxi/IdeaProjects/so7508/GRUPO12/novedades/SIS_20150803.csv
08-10-2015 21:43:37-maxi-MoverA-INFORMACION-6 /home/maxi/IdeaProjects/so7508/GRUPO12/novedades/TPSO7508_11_09_2015_TemaJ.pdf
08-10-2015 21:43:37-maxi-MoverA-INFORMACION-6 /home/maxi/IdeaProjects/so7508/GRUPO12/novedades/TPSO7508_11_09_2015_TemaJ.pdf
08-10-2015 21:43:49-maxi-MoverA-INFORMACION-6 /home/maxi/IdeaProjects/so7508/GRUPO12/novedades/TPSO7508_11_09_2015_TemaJ.pdf
08-10-2015 21:43:49-maxi-MoverA-INFORMACION-6 /home/maxi/IdeaProjects/so7508/GRUPO12/novedades/TPSO7508_11_09_2015_TemaJ.pdf
08-10-2015 21:43:49-maxi-MoverA-INFORMACION-6 /home/maxi/IdeaProjects/so7508/GRUPO12/novedades/BEL_20150703.csv
08-10-2015 21:43:49-maxi-MoverA-INFORMACION-6 /home/maxi/IdeaProjects/so7508/GRUPO12/novedades/BEL_20150803.csv
08-10-2015 21:43:49-maxi-MoverA-INFORMACION-6 /home/maxi/IdeaProjects/so7508/GRUPO12/novedades/COS_20150703.csv
08-10-2015 21:43:49-maxi-MoverA-INFORMACION-6 /home/maxi/IdeaProjects/so7508/GRUPO12/novedades/COS_20150803.csv
08-10-2015 21:43:49-maxi-MoverA-INFORMACION-6 /home/maxi/IdeaProjects/so7508/GRUPO12/novedades/SIS_20150703.csv
08-10-2015 21:43:49-maxi-MoverA-INFORMACION-6 /home/maxi/IdeaProjects/so7508/GRUPO12/novedades/SIS_20150803.csv
08-10-2015 21:43:49-maxi-MoverA-INFORMACION-6 /home/maxi/IdeaProjects/so7508/GRUPO12/novedades/TPSO7508_11_09_2015_TemaJ.pdf
08-10-2015 21:43:49-maxi-MoverA-INFORMACION-6 /home/maxi/IdeaProjects/so7508/GRUPO12/novedades/TPSO7508_11_09_2015_TemaJ.pdf
08-10-2015 21:44:01-maxi-MoverA-INFORMACION-6 /home/maxi/IdeaProjects/so7508/GRUPO12/novedades/TPSO7508_11_09_2015_TemaJ.pdf
08-10-2015 21:44:01-maxi-MoverA-INFORMACION-6 /home/maxi/IdeaProjects/so7508/GRUPO12/novedades/TPSO7508_11_09_2015_TemaJ.pdf
08-10-2015 21:44:01-maxi-MoverA-INFORMACION-6 /home/maxi/IdeaProjects/so7508/GRUPO12/novedades/BEL_20150703.csv
08-10-2015 21:44:01-maxi-MoverA-INFORMACION-6 /home/maxi/IdeaProjects/so7508/GRUPO12/novedades/BEL_20150803.csv
08-10-2015 21:44:01-maxi-MoverA-INFORMACION-6 /home/maxi/IdeaProjects/so7508/GRUPO12/novedades/COS_20150703.csv
08-10-2015 21:44:01-maxi-MoverA-INFORMACION-6 /home/maxi/IdeaProjects/so7508/GRUPO12/novedades/COS_20150803.csv
08-10-2015 21:44:01-maxi-MoverA-INFORMACION-6 /home/maxi/IdeaProjects/so7508/GRUPO12/novedades/SIS_20150703.csv
08-10-2015 21:44:01-maxi-MoverA-INFORMACION-6 /home/maxi/IdeaProjects/so7508/GRUPO12/novedades/SIS_20150803.csv
08-10-2015 21:44:01-maxi-MoverA-INFORMACION-6 /home/maxi/IdeaProjects/so7508/GRUPO12/novedades/TPSO7508_11_09_2015_TemaJ.pdf
08-10-2015 21:44:01-maxi-MoverA-INFORMACION-6 /home/maxi/IdeaProjects/so7508/GRUPO12/novedades/TPSO7508_11_09_2015_TemaJ.pdf
08-10-2015 21:44:14-maxi-MoverA-INFORMACION-6 /home/maxi/IdeaProjects/so7508/GRUPO12/novedades/TPSO7508_11_09_2015_TemaJ.pdf
08-10-2015 21:44:14-maxi-MoverA-INFORMACION-6 /home/maxi/IdeaProjects/so7508/GRUPO12/novedades/TPSO7508_11_09_2015_TemaJ.pdf
08-10-2015 21:44:14-maxi-MoverA-INFORMACION-6 /home/maxi/IdeaProjects/so7508/GRUPO12/novedades/BEL_20150703.csv
08-10-2015 21:44:14-maxi-MoverA-INFORMACION-6 /home/maxi/IdeaProjects/so7508/GRUPO12/novedades/BEL_20150803.csv
08-10-2015 21:44:14-maxi-MoverA-INFORMACION-6 /home/maxi/IdeaProjects/so7508/GRUPO12/novedades/COS_20150703.csv
08-10-2015 21:44:14-maxi-MoverA-INFORMACION-6 /home/maxi/IdeaProjects/so7508/GRUPO12/novedades/COS_20150803.csv
08-10-2015 21:44:14-maxi-MoverA-INFORMACION-6 /home/maxi/IdeaProjects/so7508/GRUPO12/novedades/SIS_20150703.csv
08-10-2015 21:44:14-maxi-MoverA-INFORMACION-6 /home/maxi/IdeaProjects/so7508/GRUPO12/novedades/SIS_20150803.csv
08-10-2015 21:44:14-maxi-MoverA-INFORMACION-6 /home/maxi/IdeaProjects/so7508/GRUPO12/novedades/TPSO7508_11_09_2015_TemaJ.pdf
08-10-2015 21:44:14-maxi-MoverA-INFORMACION-6 /home/maxi/IdeaProjects/so7508/GRUPO12/novedades/TPSO7508_11_09_2015_TemaJ.pdf
08-10-2015 21:44:26-maxi-MoverA-INFORMACION-6 /home/maxi/IdeaProjects/so7508/GRUPO12/novedades/TPSO7508_11_09_2015_TemaJ.pdf
08-10-2015 21:44:26-maxi-MoverA-INFORMACION-6 /home/maxi/IdeaProjects/so7508/GRUPO12/novedades/TPSO7508_11_09_2015_TemaJ.pdf
08-10-2015 21:44:26-maxi-MoverA-INFORMACION-6 /home/maxi/IdeaProjects/so7508/GRUPO12/novedades/BEL_20150703.csv
08-10-2015 21:44:26-maxi-MoverA-INFORMACION-6 /home/maxi/IdeaProjects/so7508/GRUPO12/novedades/BEL_20150803.csv
08-10-2015 21:44:26-maxi-MoverA-INFORMACION-6 /home/maxi/IdeaProjects/so7508/GRUPO12/novedades/COS_20150703.csv
08-10-2015 21:44:26-maxi-MoverA-INFORMACION-6 /home/maxi/IdeaProjects/so7508/GRUPO12/novedades/COS_20150803.csv
08-10-2015 21:44:26-maxi-MoverA-INFORMACION-6 /home/maxi/IdeaProjects/so7508/GRUPO12/novedades/SIS_20150703.csv
08-10-2015 21:44:26-maxi-MoverA-INFORMACION-6 /home/maxi/IdeaProjects/so7508/GRUPO12/novedades/SIS_20150803.csv
08-10-2015 21:44:26-maxi-MoverA-INFORMACION-6 /home/maxi/IdeaProjects/so7508/GRUPO12/novedades/TPSO7508_11_09_2015_TemaJ.pdf
08-10-2015 21:44:26-maxi-MoverA-INFORMACION-6 /home/maxi/IdeaProjects/so7508/GRUPO12/novedades/TPSO7508_11_09_2015_TemaJ.pdf
08-10-2015 21:44:38-maxi-MoverA-INFORMACION-6 /home/maxi/IdeaProjects/so7508/GRUPO12/novedades/TPSO7508_11_09_2015_TemaJ.pdf
08-10-2015 21:44:38-maxi-MoverA-INFORMACION-6 /home/maxi/IdeaProjects/so7508/GRUPO12/novedades/TPSO7508_11_09_2015_TemaJ.pdf
08-10-2015 21:44:38-maxi-MoverA-INFORMACION-6 /home/maxi/IdeaProjects/so7508/GRUPO12/novedades/BEL_20150703.csv
08-10-2015 21:44:38-maxi-MoverA-INFORMACION-6 /home/maxi/IdeaProjects/so7508/GRUPO12/novedades/BEL_20150803.csv
08-10-2015 21:44:38-maxi-MoverA-INFORMACION-6 /home/maxi/IdeaProjects/so7508/GRUPO12/novedades/COS_20150703.csv
08-10-2015 21:44:38-maxi-MoverA-INFORMACION-6 /home/maxi/IdeaProjects/so7508/GRUPO12/novedades/COS_20150803.csv
08-10-2015 21:44:38-maxi-MoverA-INFORMACION-6 /home/maxi/IdeaProjects/so7508/GRUPO12/novedades/SIS_20150703.csv
08-10-2015 21:44:38-maxi-MoverA-INFORMACION-6 /home/maxi/IdeaProjects/so7508/GRUPO12/novedades/SIS_20150803.csv
08-10-2015 21:44:38-maxi-MoverA-INFORMACION-6 /home/maxi/IdeaProjects/so7508/GRUPO12/novedades/TPSO7508_11_09_2015_TemaJ.pdf
08-10-2015 21:44:38-maxi-MoverA-INFORMACION-6 /home/maxi/IdeaProjects/so7508/GRUPO12/novedades/TPSO7508_11_09_2015_TemaJ.pdf
08-10-2015 21:44:50-maxi-MoverA-INFORMACION-6 /home/maxi/IdeaProjects/so7508/GRUPO12/novedades/TPSO7508_11_09_2015_TemaJ.pdf
08-10-2015 21:44:50-maxi-MoverA-INFORMACION-6 /home/maxi/IdeaProjects/so7508/GRUPO12/novedades/TPSO7508_11_09_2015_TemaJ.pdf
08-10-2015 21:44:50-maxi-MoverA-INFORMACION-6 /home/maxi/IdeaProjects/so7508/GRUPO12/novedades/BEL_20150703.csv
08-10-2015 21:44:50-maxi-MoverA-INFORMACION-6 /home/maxi/IdeaProjects/so7508/GRUPO12/novedades/BEL_20150803.csv
08-10-2015 21:44:50-maxi-MoverA-INFORMACION-6 /home/maxi/IdeaProjects/so7508/GRUPO12/novedades/COS_20150703.csv
08-10-2015 21:44:50-maxi-MoverA-INFORMACION-6 /home/maxi/IdeaProjects/so7508/GRUPO12/novedades/COS_20150803.csv
08-10-2015 21:44:50-maxi-MoverA-INFORMACION-6 /home/maxi/IdeaProjects/so7508/GRUPO12/novedades/SIS_20150703.csv
08-10-2015 21:44:50-maxi-MoverA-INFORMACION-6 /home/maxi/IdeaProjects/so7508/GRUPO12/novedades/SIS_20150803.csv
08-10-2015 21:44:50-maxi-MoverA-INFORMACION-6 /home/maxi/IdeaProjects/so7508/GRUPO12/novedades/TPSO7508_11_09_2015_TemaJ.pdf
08-10-2015 21:44:50-maxi-MoverA-INFORMACION-6 /home/maxi/IdeaProjects/so7508/GRUPO12/novedades/TPSO7508_11_09_2015_TemaJ.pdf
08-10-2015 21:45:02-maxi-MoverA-INFORMACION-6 /home/maxi/IdeaProjects/so7508/GRUPO12/novedades/TPSO7508_11_09_2015_TemaJ.pdf
08-10-2015 21:45:02-maxi-MoverA-INFORMACION-6 /home/maxi/IdeaProjects/so7508/GRUPO12/novedades/TPSO7508_11_09_2015_TemaJ.pdf
08-10-2015 21:45:02-maxi-MoverA-INFORMACION-6 /home/maxi/IdeaProjects/so7508/GRUPO12/novedades/BEL_20150703.csv
08-10-2015 21:45:02-maxi-MoverA-INFORMACION-6 /home/maxi/IdeaProjects/so7508/GRUPO12/novedades/BEL_20150803.csv
08-10-2015 21:45:02-maxi-MoverA-INFORMACION-6 /home/maxi/IdeaProjects/so7508/GRUPO12/novedades/COS_20150703.csv
08-10-2015 21:45:02-maxi-MoverA-INFORMACION-6 /home/maxi/IdeaProjects/so7508/GRUPO12/novedades/COS_20150803.csv
08-10-2015 21:45:02-maxi-MoverA-INFORMACION-6 /home/maxi/IdeaProjects/so7508/GRUPO12/novedades/SIS_20150703.csv
08-10-2015 21:45:02-maxi-MoverA-INFORMACION-6 /home/maxi/IdeaProjects/so7508/GRUPO12/novedades/SIS_20150803.csv
08-10-2015 21:45:02-maxi-MoverA-INFORMACION-6 /home/maxi/IdeaProjects/so7508/GRUPO12/novedades/TPSO7508_11_09_2015_TemaJ.pdf
08-10-2015 21:45:02-maxi-MoverA-INFORMACION-6 /home/maxi/IdeaProjects/so7508/GRUPO12/novedades/TPSO7508_11_09_2015_TemaJ.pdf
08-10-2015 21:45:15-maxi-MoverA-INFORMACION-6 /home/maxi/IdeaProjects/so7508/GRUPO12/novedades/TPSO7508_11_09_2015_TemaJ.pdf
08-10-2015 21:45:15-maxi-MoverA-INFORMACION-6 /home/maxi/IdeaProjects/so7508/GRUPO12/novedades/TPSO7508_11_09_2015_TemaJ.pdf
08-10-2015 21:45:15-maxi-MoverA-INFORMACION-6 /home/maxi/IdeaProjects/so7508/GRUPO12/novedades/BEL_20150703.csv
08-10-2015 21:45:15-maxi-MoverA-INFORMACION-6 /home/maxi/IdeaProjects/so7508/GRUPO12/novedades/BEL_20150803.csv
08-10-2015 21:45:15-maxi-MoverA-INFORMACION-6 /home/maxi/IdeaProjects/so7508/GRUPO12/novedades/COS_20150703.csv
08-10-2015 21:45:15-maxi-MoverA-INFORMACION-6 /home/maxi/IdeaProjects/so7508/GRUPO12/novedades/COS_20150803.csv
08-10-2015 21:45:15-maxi-MoverA-INFORMACION-6 /home/maxi/IdeaProjects/so7508/GRUPO12/novedades/SIS_20150703.csv
08-10-2015 21:45:15-maxi-MoverA-INFORMACION-6 /home/maxi/IdeaProjects/so7508/GRUPO12/novedades/SIS_20150803.csv
08-10-2015 21:45:15-maxi-MoverA-INFORMACION-6 /home/maxi/IdeaProjects/so7508/GRUPO12/novedades/TPSO7508_11_09_2015_TemaJ.pdf
08-10-2015 21:45:15-maxi-MoverA-INFORMACION-6 /home/maxi/IdeaProjects/so7508/GRUPO12/novedades/TPSO7508_11_09_2015_TemaJ.pdf
08-10-2015 21:45:27-maxi-MoverA-INFORMACION-6 /home/maxi/IdeaProjects/so7508/GRUPO12/novedades/TPSO7508_11_09_2015_TemaJ.pdf
08-10-2015 21:45:27-maxi-MoverA-INFORMACION-6 /home/maxi/IdeaProjects/so7508/GRUPO12/novedades/TPSO7508_11_09_2015_TemaJ.pdf
08-10-2015 21:45:27-maxi-MoverA-INFORMACION-6 /home/maxi/IdeaProjects/so7508/GRUPO12/novedades/BEL_20150703.csv
08-10-2015 21:45:27-maxi-MoverA-INFORMACION-6 /home/maxi/IdeaProjects/so7508/GRUPO12/novedades/BEL_20150803.csv
08-10-2015 21:45:27-maxi-MoverA-INFORMACION-6 /home/maxi/IdeaProjects/so7508/GRUPO12/novedades/COS_20150703.csv
08-10-2015 21:45:27-maxi-MoverA-INFORMACION-6 /home/maxi/IdeaProjects/so7508/GRUPO12/novedades/COS_20150803.csv
08-10-2015 21:45:27-maxi-MoverA-INFORMACION-6 /home/maxi/IdeaProjects/so7508/GRUPO12/novedades/SIS_20150703.csv
08-10-2015 21:45:27-maxi-MoverA-INFORMACION-6 /home/maxi/IdeaProjects/so7508/GRUPO12/novedades/SIS_20150803.csv
08-10-2015 21:45:27-maxi-MoverA-INFORMACION-6 /home/maxi/IdeaProjects/so7508/GRUPO12/novedades/TPSO7508_11_09_2015_TemaJ.pdf
08-10-2015 21:45:27-maxi-MoverA-INFORMACION-6 /home/maxi/IdeaProjects/so7508/GRUPO12/novedades/TPSO7508_11_09_2015_TemaJ.pdf
08-10-2015 21:45:39-maxi-MoverA-INFORMACION-6 /home/maxi/IdeaProjects/so7508/GRUPO12/novedades/TPSO7508_11_09_2015_TemaJ.pdf
08-10-2015 21:45:39-maxi-MoverA-INFORMACION-6 /home/maxi/IdeaProjects/so7508/GRUPO12/novedades/TPSO7508_11_09_2015_TemaJ.pdf
08-10-2015 21:45:39-maxi-MoverA-INFORMACION-6 /home/maxi/IdeaProjects/so7508/GRUPO12/novedades/BEL_20150703.csv
08-10-2015 21:45:39-maxi-MoverA-INFORMACION-6 /home/maxi/IdeaProjects/so7508/GRUPO12/novedades/BEL_20150803.csv
08-10-2015 21:45:39-maxi-MoverA-INFORMACION-6 /home/maxi/IdeaProjects/so7508/GRUPO12/novedades/COS_20150703.csv
08-10-2015 21:45:39-maxi-MoverA-INFORMACION-6 /home/maxi/IdeaProjects/so7508/GRUPO12/novedades/COS_20150803.csv
08-10-2015 21:45:39-maxi-MoverA-INFORMACION-6 /home/maxi/IdeaProjects/so7508/GRUPO12/novedades/SIS_20150703.csv
08-10-2015 21:45:39-maxi-MoverA-INFORMACION-6 /home/maxi/IdeaProjects/so7508/GRUPO12/novedades/SIS_20150803.csv
08-10-2015 21:45:39-maxi-MoverA-INFORMACION-6 /home/maxi/IdeaProjects/so7508/GRUPO12/novedades/TPSO7508_11_09_2015_TemaJ.pdf
08-10-2015 21:45:39-maxi-MoverA-INFORMACION-6 /home/maxi/IdeaProjects/so7508/GRUPO12/novedades/TPSO7508_11_09_2015_TemaJ.pdf
08-10-2015 21:45:51-maxi-MoverA-INFORMACION-6 /home/maxi/IdeaProjects/so7508/GRUPO12/novedades/TPSO7508_11_09_2015_TemaJ.pdf
08-10-2015 21:45:51-maxi-MoverA-INFORMACION-6 /home/maxi/IdeaProjects/so7508/GRUPO12/novedades/TPSO7508_11_09_2015_TemaJ.pdf
08-10-2015 21:45:51-maxi-MoverA-INFORMACION-6 /home/maxi/IdeaProjects/so7508/GRUPO12/novedades/BEL_20150703.csv
08-10-2015 21:45:51-maxi-MoverA-INFORMACION-6 /home/maxi/IdeaProjects/so7508/GRUPO12/novedades/BEL_20150803.csv
08-10-2015 21:45:51-maxi-MoverA-INFORMACION-6 /home/maxi/IdeaProjects/so7508/GRUPO12/novedades/COS_20150703.csv
08-10-2015 21:45:51-maxi-MoverA-INFORMACION-6 /home/maxi/IdeaProjects/so7508/GRUPO12/novedades/COS_20150803.csv
08-10-2015 21:45:51-maxi-MoverA-INFORMACION-6 /home/maxi/IdeaProjects/so7508/GRUPO12/novedades/SIS_20150703.csv
08-10-2015 21:45:51-maxi-MoverA-INFORMACION-6 /home/maxi/IdeaProjects/so7508/GRUPO12/novedades/SIS_20150803.csv
08-10-2015 21:45:51-maxi-MoverA-INFORMACION-6 /home/maxi/IdeaProjects/so7508/GRUPO12/novedades/TPSO7508_11_09_2015_TemaJ.pdf
08-10-2015 21:45:51-maxi-MoverA-INFORMACION-6 /home/maxi/IdeaProjects/so7508/GRUPO12/novedades/TPSO7508_11_09_2015_TemaJ.pdf
08-10-2015 21:46:03-maxi-MoverA-INFORMACION-6 /home/maxi/IdeaProjects/so7508/GRUPO12/novedades/TPSO7508_11_09_2015_TemaJ.pdf
08-10-2015 21:46:03-maxi-MoverA-INFORMACION-6 /home/maxi/IdeaProjects/so7508/GRUPO12/novedades/TPSO7508_11_09_2015_TemaJ.pdf
08-10-2015 21:46:03-maxi-MoverA-INFORMACION-6 /home/maxi/IdeaProjects/so7508/GRUPO12/novedades/BEL_20150703.csv
08-10-2015 21:46:03-maxi-MoverA-INFORMACION-6 /home/maxi/IdeaProjects/so7508/GRUPO12/novedades/BEL_20150803.csv
08-10-2015 21:46:03-maxi-MoverA-INFORMACION-6 /home/maxi/IdeaProjects/so7508/GRUPO12/novedades/COS_20150703.csv
08-10-2015 21:46:03-maxi-MoverA-INFORMACION-6 /home/maxi/IdeaProjects/so7508/GRUPO12/novedades/COS_20150803.csv
08-10-2015 21:46:03-maxi-MoverA-INFORMACION-6 /home/maxi/IdeaProjects/so7508/GRUPO12/novedades/SIS_20150703.csv
08-10-2015 21:46:03-maxi-MoverA-INFORMACION-6 /home/maxi/IdeaProjects/so7508/GRUPO12/novedades/SIS_20150803.csv
08-10-2015 21:46:03-maxi-MoverA-INFORMACION-6 /home/maxi/IdeaProjects/so7508/GRUPO12/novedades/TPSO7508_11_09_2015_TemaJ.pdf
08-10-2015 21:46:03-maxi-MoverA-INFORMACION-6 /home/maxi/IdeaProjects/so7508/GRUPO12/novedades/TPSO7508_11_09_2015_TemaJ.pdf
08-10-2015 21:46:16-maxi-MoverA-INFORMACION-6 /home/maxi/IdeaProjects/so7508/GRUPO12/novedades/TPSO7508_11_09_2015_TemaJ.pdf
08-10-2015 21:46:16-maxi-MoverA-INFORMACION-6 /home/maxi/IdeaProjects/so7508/GRUPO12/novedades/TPSO7508_11_09_2015_TemaJ.pdf
08-10-2015 21:46:16-maxi-MoverA-INFORMACION-6 /home/maxi/IdeaProjects/so7508/GRUPO12/novedades/BEL_20150703.csv
08-10-2015 21:46:16-maxi-MoverA-INFORMACION-6 /home/maxi/IdeaProjects/so7508/GRUPO12/novedades/BEL_20150803.csv
08-10-2015 21:46:16-maxi-MoverA-INFORMACION-6 /home/maxi/IdeaProjects/so7508/GRUPO12/novedades/COS_20150703.csv
08-10-2015 21:46:16-maxi-MoverA-INFORMACION-6 /home/maxi/IdeaProjects/so7508/GRUPO12/novedades/COS_20150803.csv
08-10-2015 21:46:16-maxi-MoverA-INFORMACION-6 /home/maxi/IdeaProjects/so7508/GRUPO12/novedades/SIS_20150703.csv
08-10-2015 21:46:16-maxi-MoverA-INFORMACION-6 /home/maxi/IdeaProjects/so7508/GRUPO12/novedades/SIS_20150803.csv
08-10-2015 21:46:16-maxi-MoverA-INFORMACION-6 /home/maxi/IdeaProjects/so7508/GRUPO12/novedades/TPSO7508_11_09_2015_TemaJ.pdf
08-10-2015 21:46:16-maxi-MoverA-INFORMACION-6 /home/maxi/IdeaProjects/so7508/GRUPO12/novedades/TPSO7508_11_09_2015_TemaJ.pdf
08-10-2015 21:46:28-maxi-MoverA-INFORMACION-6 /home/maxi/IdeaProjects/so7508/GRUPO12/novedades/TPSO7508_11_09_2015_TemaJ.pdf
08-10-2015 21:46:28-maxi-MoverA-INFORMACION-6 /home/maxi/IdeaProjects/so7508/GRUPO12/novedades/TPSO7508_11_09_2015_TemaJ.pdf
08-10-2015 21:46:28-maxi-MoverA-INFORMACION-6 /home/maxi/IdeaProjects/so7508/GRUPO12/novedades/BEL_20150703.csv
08-10-2015 21:46:28-maxi-MoverA-INFORMACION-6 /home/maxi/IdeaProjects/so7508/GRUPO12/novedades/BEL_20150803.csv
08-10-2015 21:46:28-maxi-MoverA-INFORMACION-6 /home/maxi/IdeaProjects/so7508/GRUPO12/novedades/COS_20150703.csv
08-10-2015 21:46:28-maxi-MoverA-INFORMACION-6 /home/maxi/IdeaProjects/so7508/GRUPO12/novedades/COS_20150803.csv
08-10-2015 21:46:28-maxi-MoverA-INFORMACION-6 /home/maxi/IdeaProjects/so7508/GRUPO12/novedades/SIS_20150703.csv
08-10-2015 21:46:28-maxi-MoverA-INFORMACION-6 /home/maxi/IdeaProjects/so7508/GRUPO12/novedades/SIS_20150803.csv
08-10-2015 21:46:28-maxi-MoverA-INFORMACION-6 /home/maxi/IdeaProjects/so7508/GRUPO12/novedades/TPSO7508_11_09_2015_TemaJ.pdf
08-10-2015 21:46:28-maxi-MoverA-INFORMACION-6 /home/maxi/IdeaProjects/so7508/GRUPO12/novedades/TPSO7508_11_09_2015_TemaJ.pdf
08-10-2015 21:46:40-maxi-MoverA-INFORMACION-6 /home/maxi/IdeaProjects/so7508/GRUPO12/novedades/TPSO7508_11_09_2015_TemaJ.pdf
08-10-2015 21:46:40-maxi-MoverA-INFORMACION-6 /home/maxi/IdeaProjects/so7508/GRUPO12/novedades/TPSO7508_11_09_2015_TemaJ.pdf
08-10-2015 21:46:40-maxi-MoverA-INFORMACION-6 /home/maxi/IdeaProjects/so7508/GRUPO12/novedades/BEL_20150703.csv
08-10-2015 21:46:40-maxi-MoverA-INFORMACION-6 /home/maxi/IdeaProjects/so7508/GRUPO12/novedades/BEL_20150803.csv
08-10-2015 21:46:40-maxi-MoverA-INFORMACION-6 /home/maxi/IdeaProjects/so7508/GRUPO12/novedades/COS_20150703.csv
08-10-2015 21:46:40-maxi-MoverA-INFORMACION-6 /home/maxi/IdeaProjects/so7508/GRUPO12/novedades/COS_20150803.csv
08-10-2015 21:46:40-maxi-MoverA-INFORMACION-6 /home/maxi/IdeaProjects/so7508/GRUPO12/novedades/SIS_20150703.csv
08-10-2015 21:46:40-maxi-MoverA-INFORMACION-6 /home/maxi/IdeaProjects/so7508/GRUPO12/novedades/SIS_20150803.csv
08-10-2015 21:46:40-maxi-MoverA-INFORMACION-6 /home/maxi/IdeaProjects/so7508/GRUPO12/novedades/TPSO7508_11_09_2015_TemaJ.pdf
08-10-2015 21:46:40-maxi-MoverA-INFORMACION-6 /home/maxi/IdeaProjects/so7508/GRUPO12/novedades/TPSO7508_11_09_2015_TemaJ.pdf
08-10-2015 21:46:52-maxi-MoverA-INFORMACION-6 /home/maxi/IdeaProjects/so7508/GRUPO12/novedades/TPSO7508_11_09_2015_TemaJ.pdf
08-10-2015 21:46:52-maxi-MoverA-INFORMACION-6 /home/maxi/IdeaProjects/so7508/GRUPO12/novedades/TPSO7508_11_09_2015_TemaJ.pdf
08-10-2015 21:46:52-maxi-MoverA-INFORMACION-6 /home/maxi/IdeaProjects/so7508/GRUPO12/novedades/BEL_20150703.csv
08-10-2015 21:46:52-maxi-MoverA-INFORMACION-6 /home/maxi/IdeaProjects/so7508/GRUPO12/novedades/BEL_20150803.csv
08-10-2015 21:46:52-maxi-MoverA-INFORMACION-6 /home/maxi/IdeaProjects/so7508/GRUPO12/novedades/COS_20150703.csv
08-10-2015 21:46:52-maxi-MoverA-INFORMACION-6 /home/maxi/IdeaProjects/so7508/GRUPO12/novedades/COS_20150803.csv
08-10-2015 21:46:52-maxi-MoverA-INFORMACION-6 /home/maxi/IdeaProjects/so7508/GRUPO12/novedades/SIS_20150703.csv
08-10-2015 21:46:52-maxi-MoverA-INFORMACION-6 /home/maxi/IdeaProjects/so7508/GRUPO12/novedades/SIS_20150803.csv
08-10-2015 21:46:52-maxi-MoverA-INFORMACION-6 /home/maxi/IdeaProjects/so7508/GRUPO12/novedades/TPSO7508_11_09_2015_TemaJ.pdf
08-10-2015 21:46:52-maxi-MoverA-INFORMACION-6 /home/maxi/IdeaProjects/so7508/GRUPO12/novedades/TPSO7508_11_09_2015_TemaJ.pdf
08-10-2015 21:47:04-maxi-MoverA-INFORMACION-6 /home/maxi/IdeaProjects/so7508/GRUPO12/novedades/TPSO7508_11_09_2015_TemaJ.pdf
08-10-2015 21:47:04-maxi-MoverA-INFORMACION-6 /home/maxi/IdeaProjects/so7508/GRUPO12/novedades/TPSO7508_11_09_2015_TemaJ.pdf
08-10-2015 21:47:04-maxi-MoverA-INFORMACION-6 /home/maxi/IdeaProjects/so7508/GRUPO12/novedades/BEL_20150703.csv
08-10-2015 21:47:04-maxi-MoverA-INFORMACION-6 /home/maxi/IdeaProjects/so7508/GRUPO12/novedades/BEL_20150803.csv
08-10-2015 21:47:04-maxi-MoverA-INFORMACION-6 /home/maxi/IdeaProjects/so7508/GRUPO12/novedades/COS_20150703.csv
08-10-2015 21:47:04-maxi-MoverA-INFORMACION-6 /home/maxi/IdeaProjects/so7508/GRUPO12/novedades/COS_20150803.csv
08-10-2015 21:47:04-maxi-MoverA-INFORMACION-6 /home/maxi/IdeaProjects/so7508/GRUPO12/novedades/SIS_20150703.csv
08-10-2015 21:47:04-maxi-MoverA-INFORMACION-6 /home/maxi/IdeaProjects/so7508/GRUPO12/novedades/SIS_20150803.csv
08-10-2015 21:47:04-maxi-MoverA-INFORMACION-6 /home/maxi/IdeaProjects/so7508/GRUPO12/novedades/TPSO7508_11_09_2015_TemaJ.pdf
08-10-2015 21:47:05-maxi-MoverA-INFORMACION-6 /home/maxi/IdeaProjects/so7508/GRUPO12/novedades/TPSO7508_11_09_2015_TemaJ.pdf
08-10-2015 21:47:17-maxi-MoverA-INFORMACION-6 /home/maxi/IdeaProjects/so7508/GRUPO12/novedades/TPSO7508_11_09_2015_TemaJ.pdf
08-10-2015 21:47:17-maxi-MoverA-INFORMACION-6 /home/maxi/IdeaProjects/so7508/GRUPO12/novedades/TPSO7508_11_09_2015_TemaJ.pdf
08-10-2015 21:47:17-maxi-MoverA-INFORMACION-6 /home/maxi/IdeaProjects/so7508/GRUPO12/novedades/BEL_20150703.csv
08-10-2015 21:47:17-maxi-MoverA-INFORMACION-6 /home/maxi/IdeaProjects/so7508/GRUPO12/novedades/BEL_20150803.csv
08-10-2015 21:47:17-maxi-MoverA-INFORMACION-6 /home/maxi/IdeaProjects/so7508/GRUPO12/novedades/COS_20150703.csv
08-10-2015 21:47:17-maxi-MoverA-INFORMACION-6 /home/maxi/IdeaProjects/so7508/GRUPO12/novedades/COS_20150803.csv
08-10-2015 21:47:17-maxi-MoverA-INFORMACION-6 /home/maxi/IdeaProjects/so7508/GRUPO12/novedades/SIS_20150703.csv
08-10-2015 21:47:17-maxi-MoverA-INFORMACION-6 /home/maxi/IdeaProjects/so7508/GRUPO12/novedades/SIS_20150803.csv
08-10-2015 21:47:17-maxi-MoverA-INFORMACION-6 /home/maxi/IdeaProjects/so7508/GRUPO12/novedades/TPSO7508_11_09_2015_TemaJ.pdf
08-10-2015 21:47:17-maxi-MoverA-INFORMACION-6 /home/maxi/IdeaProjects/so7508/GRUPO12/novedades/TPSO7508_11_09_2015_TemaJ.pdf
08-10-2015 21:47:29-maxi-MoverA-INFORMACION-6 /home/maxi/IdeaProjects/so7508/GRUPO12/novedades/TPSO7508_11_09_2015_TemaJ.pdf
08-10-2015 21:47:29-maxi-MoverA-INFORMACION-6 /home/maxi/IdeaProjects/so7508/GRUPO12/novedades/TPSO7508_11_09_2015_TemaJ.pdf
08-10-2015 21:47:29-maxi-MoverA-INFORMACION-6 /home/maxi/IdeaProjects/so7508/GRUPO12/novedades/BEL_20150703.csv
08-10-2015 21:47:29-maxi-MoverA-INFORMACION-6 /home/maxi/IdeaProjects/so7508/GRUPO12/novedades/BEL_20150803.csv
08-10-2015 21:47:29-maxi-MoverA-INFORMACION-6 /home/maxi/IdeaProjects/so7508/GRUPO12/novedades/COS_20150703.csv
08-10-2015 21:47:29-maxi-MoverA-INFORMACION-6 /home/maxi/IdeaProjects/so7508/GRUPO12/novedades/COS_20150803.csv
08-10-2015 21:47:29-maxi-MoverA-INFORMACION-6 /home/maxi/IdeaProjects/so7508/GRUPO12/novedades/SIS_20150703.csv
08-10-2015 21:47:29-maxi-MoverA-INFORMACION-6 /home/maxi/IdeaProjects/so7508/GRUPO12/novedades/SIS_20150803.csv
08-10-2015 21:47:29-maxi-MoverA-INFORMACION-6 /home/maxi/IdeaProjects/so7508/GRUPO12/novedades/TPSO7508_11_09_2015_TemaJ.pdf
08-10-2015 21:47:29-maxi-MoverA-INFORMACION-6 /home/maxi/IdeaProjects/so7508/GRUPO12/novedades/TPSO7508_11_09_2015_TemaJ.pdf
08-10-2015 21:47:41-maxi-MoverA-INFORMACION-6 /home/maxi/IdeaProjects/so7508/GRUPO12/novedades/TPSO7508_11_09_2015_TemaJ.pdf /home/maxi/IdeaProjects/so7508/GRUPO12/rechazadas
08-10-2015 21:47:41-maxi-MoverA-INFORMACION-6 /home/maxi/IdeaProjects/so7508/GRUPO12/novedades/TPSO7508_11_09_2015_TemaJ.pdf /home/maxi/IdeaProjects/so7508/GRUPO12/rechazadas
08-10-2015 21:47:41-maxi-MoverA-INFORMACION-6 /home/maxi/IdeaProjects/so7508/GRUPO12/novedades/BEL_20150703.csv /home/maxi/IdeaProjects/so7508/GRUPO12/aceptadas
08-10-2015 21:47:41-maxi-MoverA-INFORMACION-6 /home/maxi/IdeaProjects/so7508/GRUPO12/novedades/BEL_20150803.csv /home/maxi/IdeaProjects/so7508/GRUPO12/aceptadas
08-10-2015 21:47:41-maxi-MoverA-INFORMACION-6 /home/maxi/IdeaProjects/so7508/GRUPO12/novedades/COS_20150703.csv /home/maxi/IdeaProjects/so7508/GRUPO12/aceptadas
08-10-2015 21:47:41-maxi-MoverA-INFORMACION-6 /home/maxi/IdeaProjects/so7508/GRUPO12/novedades/COS_20150803.csv /home/maxi/IdeaProjects/so7508/GRUPO12/aceptadas
08-10-2015 21:47:41-maxi-MoverA-INFORMACION-6 /home/maxi/IdeaProjects/so7508/GRUPO12/novedades/SIS_20150703.csv /home/maxi/IdeaProjects/so7508/GRUPO12/aceptadas
08-10-2015 21:47:41-maxi-MoverA-INFORMACION-6 /home/maxi/IdeaProjects/so7508/GRUPO12/novedades/SIS_20150803.csv /home/maxi/IdeaProjects/so7508/GRUPO12/aceptadas
08-10-2015 21:47:41-maxi-MoverA-INFORMACION-6 /home/maxi/IdeaProjects/so7508/GRUPO12/novedades/TPSO7508_11_09_2015_TemaJ.pdf /home/maxi/IdeaProjects/so7508/GRUPO12/rechazadas
08-10-2015 21:47:41-maxi-MoverA-INFORMACION-6 /home/maxi/IdeaProjects/so7508/GRUPO12/novedades/TPSO7508_11_09_2015_TemaJ.pdf /home/maxi/IdeaProjects/so7508/GRUPO12/aceptadas
08-10-2015 21:47:53-maxi-MoverA-INFORMACION-6 /home/maxi/IdeaProjects/so7508/GRUPO12/novedades/TPSO7508_11_09_2015_TemaJ.pdf /home/maxi/IdeaProjects/so7508/GRUPO12/rechazadas
08-10-2015 21:47:53-maxi-MoverA-INFORMACION-6 /home/maxi/IdeaProjects/so7508/GRUPO12/novedades/TPSO7508_11_09_2015_TemaJ.pdf /home/maxi/IdeaProjects/so7508/GRUPO12/rechazadas
08-10-2015 21:47:53-maxi-MoverA-INFORMACION-6 /home/maxi/IdeaProjects/so7508/GRUPO12/novedades/BEL_20150703.csv /home/maxi/IdeaProjects/so7508/GRUPO12/aceptadas
08-10-2015 21:47:53-maxi-MoverA-INFORMACION-6 /home/maxi/IdeaProjects/so7508/GRUPO12/novedades/BEL_20150803.csv /home/maxi/IdeaProjects/so7508/GRUPO12/aceptadas
08-10-2015 21:47:53-maxi-MoverA-INFORMACION-6 /home/maxi/IdeaProjects/so7508/GRUPO12/novedades/COS_20150703.csv /home/maxi/IdeaProjects/so7508/GRUPO12/aceptadas
08-10-2015 21:47:53-maxi-MoverA-INFORMACION-6 /home/maxi/IdeaProjects/so7508/GRUPO12/novedades/COS_20150803.csv /home/maxi/IdeaProjects/so7508/GRUPO12/aceptadas
08-10-2015 21:47:53-maxi-MoverA-INFORMACION-6 /home/maxi/IdeaProjects/so7508/GRUPO12/novedades/SIS_20150703.csv /home/maxi/IdeaProjects/so7508/GRUPO12/aceptadas
08-10-2015 21:47:53-maxi-MoverA-INFORMACION-6 /home/maxi/IdeaProjects/so7508/GRUPO12/novedades/SIS_20150803.csv /home/maxi/IdeaProjects/so7508/GRUPO12/aceptadas
08-10-2015 21:47:53-maxi-MoverA-INFORMACION-6 /home/maxi/IdeaProjects/so7508/GRUPO12/novedades/TPSO7508_11_09_2015_TemaJ.pdf /home/maxi/IdeaProjects/so7508/GRUPO12/rechazadas
08-10-2015 21:47:53-maxi-MoverA-INFORMACION-6 /home/maxi/IdeaProjects/so7508/GRUPO12/novedades/TPSO7508_11_09_2015_TemaJ.pdf /home/maxi/IdeaProjects/so7508/GRUPO12/aceptadas
08-10-2015 21:48:05-maxi-MoverA-INFORMACION-6 /home/maxi/IdeaProjects/so7508/GRUPO12/novedades/TPSO7508_11_09_2015_TemaJ.pdf /home/maxi/IdeaProjects/so7508/GRUPO12/rechazadas
08-10-2015 21:48:05-maxi-MoverA-INFORMACION-6 /home/maxi/IdeaProjects/so7508/GRUPO12/novedades/TPSO7508_11_09_2015_TemaJ.pdf /home/maxi/IdeaProjects/so7508/GRUPO12/rechazadas
08-10-2015 21:48:05-maxi-MoverA-INFORMACION-6 /home/maxi/IdeaProjects/so7508/GRUPO12/novedades/BEL_20150703.csv /home/maxi/IdeaProjects/so7508/GRUPO12/aceptadas
08-10-2015 21:48:05-maxi-MoverA-INFORMACION-6 /home/maxi/IdeaProjects/so7508/GRUPO12/novedades/BEL_20150803.csv /home/maxi/IdeaProjects/so7508/GRUPO12/aceptadas
08-10-2015 21:48:05-maxi-MoverA-INFORMACION-6 /home/maxi/IdeaProjects/so7508/GRUPO12/novedades/COS_20150703.csv /home/maxi/IdeaProjects/so7508/GRUPO12/aceptadas
08-10-2015 21:48:06-maxi-MoverA-INFORMACION-6 /home/maxi/IdeaProjects/so7508/GRUPO12/novedades/COS_20150803.csv /home/maxi/IdeaProjects/so7508/GRUPO12/aceptadas
08-10-2015 21:48:06-maxi-MoverA-INFORMACION-6 /home/maxi/IdeaProjects/so7508/GRUPO12/novedades/SIS_20150703.csv /home/maxi/IdeaProjects/so7508/GRUPO12/aceptadas
08-10-2015 21:48:06-maxi-MoverA-INFORMACION-6 /home/maxi/IdeaProjects/so7508/GRUPO12/novedades/SIS_20150803.csv /home/maxi/IdeaProjects/so7508/GRUPO12/aceptadas
08-10-2015 21:48:06-maxi-MoverA-INFORMACION-6 /home/maxi/IdeaProjects/so7508/GRUPO12/novedades/TPSO7508_11_09_2015_TemaJ.pdf /home/maxi/IdeaProjects/so7508/GRUPO12/rechazadas
08-10-2015 21:48:06-maxi-MoverA-INFORMACION-6 /home/maxi/IdeaProjects/so7508/GRUPO12/novedades/TPSO7508_11_09_2015_TemaJ.pdf /home/maxi/IdeaProjects/so7508/GRUPO12/aceptadas
08-10-2015 21:48:18-maxi-MoverA-INFORMACION-6 /home/maxi/IdeaProjects/so7508/GRUPO12/novedades/TPSO7508_11_09_2015_TemaJ.pdf /home/maxi/IdeaProjects/so7508/GRUPO12/rechazadas
08-10-2015 21:48:18-maxi-MoverA-INFORMACION-6 /home/maxi/IdeaProjects/so7508/GRUPO12/novedades/TPSO7508_11_09_2015_TemaJ.pdf /home/maxi/IdeaProjects/so7508/GRUPO12/rechazadas
08-10-2015 21:48:18-maxi-MoverA-INFORMACION-6 /home/maxi/IdeaProjects/so7508/GRUPO12/novedades/BEL_20150703.csv /home/maxi/IdeaProjects/so7508/GRUPO12/aceptadas
08-10-2015 21:48:18-maxi-MoverA-INFORMACION-6 /home/maxi/IdeaProjects/so7508/GRUPO12/novedades/BEL_20150803.csv /home/maxi/IdeaProjects/so7508/GRUPO12/aceptadas
08-10-2015 21:48:18-maxi-MoverA-INFORMACION-6 /home/maxi/IdeaProjects/so7508/GRUPO12/novedades/COS_20150703.csv /home/maxi/IdeaProjects/so7508/GRUPO12/aceptadas
08-10-2015 21:48:18-maxi-MoverA-INFORMACION-6 /home/maxi/IdeaProjects/so7508/GRUPO12/novedades/COS_20150803.csv /home/maxi/IdeaProjects/so7508/GRUPO12/aceptadas
08-10-2015 21:48:18-maxi-MoverA-INFORMACION-6 /home/maxi/IdeaProjects/so7508/GRUPO12/novedades/SIS_20150703.csv /home/maxi/IdeaProjects/so7508/GRUPO12/aceptadas
08-10-2015 21:48:18-maxi-MoverA-INFORMACION-6 /home/maxi/IdeaProjects/so7508/GRUPO12/novedades/SIS_20150803.csv /home/maxi/IdeaProjects/so7508/GRUPO12/aceptadas
08-10-2015 21:48:18-maxi-MoverA-INFORMACION-6 /home/maxi/IdeaProjects/so7508/GRUPO12/novedades/TPSO7508_11_09_2015_TemaJ.pdf /home/maxi/IdeaProjects/so7508/GRUPO12/rechazadas
08-10-2015 21:48:18-maxi-MoverA-INFORMACION-6 /home/maxi/IdeaProjects/so7508/GRUPO12/novedades/TPSO7508_11_09_2015_TemaJ.pdf /home/maxi/IdeaProjects/so7508/GRUPO12/aceptadas
08-10-2015 21:48:30-maxi-MoverA-INFORMACION-Se movio el archivo exitosamente desde la consola
08-10-2015 21:48:30-maxi-MoverA-INFORMACION-Se movio el archivo exitosamente desde la consola
08-10-2015 21:48:30-maxi-MoverA-INFORMACION-Se movio el archivo exitosamente desde la consola
08-10-2015 21:48:30-maxi-MoverA-INFORMACION-Se movio el archivo exitosamente desde la consola
08-10-2015 21:48:30-maxi-MoverA-INFORMACION-Se movio el archivo exitosamente desde la consola
08-10-2015 21:48:30-maxi-MoverA-INFORMACION-Se movio el archivo exitosamente desde la consola
08-10-2015 21:48:30-maxi-MoverA-INFORMACION-Se movio el archivo exitosamente desde la consola
08-10-2015 21:48:32-maxi-MoverA-INFORMACION-Se movio el archivo exitosamente mendiante el comando AFUMB
08-10-2015 21:48:37-maxi-MoverA-INFORMACION-Se movio el archivo exitosamente mendiante el comando AFUMB
08-10-2015 21:48:47-maxi-MoverA-INFORMACION-Se movio el archivo exitosamente mendiante el comando AFUMB
08-10-2015 21:48:51-maxi-MoverA-INFORMACION-Se movio el archivo exitosamente mendiante el comando AFUMB
08-10-2015 21:48:56-maxi-MoverA-INFORMACION-Se movio el archivo exitosamente mendiante el comando AFUMB
08-10-2015 21:49:05-maxi-MoverA-INFORMACION-Se movio el archivo exitosamente mendiante el comando AFUMB
