06-10-2015 09:27:09-jorlando-Installer-INFORMACION-Inicio de Ejecución de Installer
06-10-2015 09:27:09-jorlando-Installer-INFORMACION-Log de la instalación: ./conf/afinstall.log
06-10-2015 09:27:09-jorlando-Installer-INFORMACION-Directorio predefinido de configuración: /GRUPO12/conf
06-10-2015 09:27:09-jorlando-Installer-INFORMACION-No hay instalación, mostrando aceptación de terminos y condiciones
06-10-2015 09:27:09-jorlando-Installer-INFORMACION-Verificando versión de perl instalada
06-10-2015 09:27:09-jorlando-Installer-INFORMACION-PERL instalado. Version:v5.16.2
06-10-2015 09:28:37-jorlando-Installer-INFORMACION-Inicio de Ejecución de Installer
06-10-2015 09:28:37-jorlando-Installer-INFORMACION-Log de la instalación: ./conf/afinstall.log
06-10-2015 09:28:37-jorlando-Installer-INFORMACION-Directorio predefinido de configuración: /GRUPO12/conf
06-10-2015 09:28:37-jorlando-Installer-INFORMACION-No hay instalación, mostrando aceptación de terminos y condiciones
06-10-2015 09:28:37-jorlando-Installer-INFORMACION-Verificando versión de perl instalada
06-10-2015 09:28:37-jorlando-Installer-INFORMACION-PERL instalado. Version:v5.16.2
06-10-2015 09:28:42-jorlando-Installer-INFORMACION-Verificando versión de perl instalada
06-10-2015 09:28:42-jorlando-Installer-INFORMACION-PERL instalado. Version:v5.16.2
06-10-2015 09:28:45-jorlando-Installer-INFORMACION-Verificando versión de perl instalada
06-10-2015 09:28:45-jorlando-Installer-INFORMACION-PERL instalado. Version:v5.16.2
06-10-2015 09:28:46-jorlando-Installer-INFORMACION-Verificando versión de perl instalada
06-10-2015 09:28:46-jorlando-Installer-INFORMACION-PERL instalado. Version:v5.16.2
06-10-2015 09:28:48-jorlando-Installer-INFORMACION-Verificando versión de perl instalada
06-10-2015 09:28:48-jorlando-Installer-INFORMACION-PERL instalado. Version:v5.16.2
06-10-2015 09:29:42-jorlando-Installer-INFORMACION-Inicio de Ejecución de Installer
06-10-2015 09:29:42-jorlando-Installer-INFORMACION-Log de la instalación: ./conf/afinstall.log
06-10-2015 09:29:42-jorlando-Installer-INFORMACION-Directorio predefinido de configuración: /GRUPO12/conf
06-10-2015 09:29:42-jorlando-Installer-INFORMACION-No hay instalación, mostrando aceptación de terminos y condiciones
06-10-2015 09:29:42-jorlando-Installer-INFORMACION-Verificando versión de perl instalada
06-10-2015 09:29:42-jorlando-Installer-INFORMACION-PERL instalado. Version:v5.16.2
06-10-2015 09:31:07-jorlando-Installer-INFORMACION-Inicio de Ejecución de Installer
06-10-2015 09:31:07-jorlando-Installer-INFORMACION-Log de la instalación: ./conf/afinstall.log
06-10-2015 09:31:07-jorlando-Installer-INFORMACION-Directorio predefinido de configuración: /GRUPO12/conf
06-10-2015 09:31:07-jorlando-Installer-INFORMACION-No hay instalación, mostrando aceptación de terminos y condiciones
06-10-2015 09:31:07-jorlando-Installer-INFORMACION-Verificando versión de perl instalada
06-10-2015 09:31:07-jorlando-Installer-INFORMACION-PERL instalado. Version:v5.16.2
06-10-2015 09:31:40-jorlando-Installer-INFORMACION-Inicio de Ejecución de Installer
06-10-2015 09:31:40-jorlando-Installer-INFORMACION-Log de la instalación: ./conf/afinstall.log
06-10-2015 09:31:41-jorlando-Installer-INFORMACION-Directorio predefinido de configuración: /GRUPO12/conf
06-10-2015 09:31:41-jorlando-Installer-INFORMACION-No hay instalación, mostrando aceptación de terminos y condiciones
06-10-2015 09:31:41-jorlando-Installer-INFORMACION-Verificando versión de perl instalada
06-10-2015 09:31:41-jorlando-Installer-INFORMACION-PERL instalado. Version:v5.16.2
06-10-2015 09:32:11-jorlando-Installer-INFORMACION-Inicio de Ejecución de Installer
06-10-2015 09:32:11-jorlando-Installer-INFORMACION-Log de la instalación: ./conf/afinstall.log
06-10-2015 09:32:11-jorlando-Installer-INFORMACION-Directorio predefinido de configuración: /GRUPO12/conf
06-10-2015 09:32:11-jorlando-Installer-INFORMACION-No hay instalación, mostrando aceptación de terminos y condiciones
06-10-2015 09:32:11-jorlando-Installer-INFORMACION-Verificando versión de perl instalada
06-10-2015 09:32:11-jorlando-Installer-INFORMACION-PERL instalado. Version:v5.16.2
06-10-2015 09:33:06-jorlando-Installer-INFORMACION-Inicio de Ejecución de Installer
06-10-2015 09:33:06-jorlando-Installer-INFORMACION-Log de la instalación: ./conf/afinstall.log
06-10-2015 09:33:06-jorlando-Installer-INFORMACION-Directorio predefinido de configuración: /GRUPO12/conf
06-10-2015 09:33:06-jorlando-Installer-INFORMACION-No hay instalación, mostrando aceptación de terminos y condiciones
06-10-2015 09:33:06-jorlando-Installer-INFORMACION-Verificando versión de perl instalada
06-10-2015 09:33:06-jorlando-Installer-INFORMACION-PERL instalado. Version:v5.16.2
06-10-2015 09:34:09-jorlando-Installer-INFORMACION-Inicio de Ejecución de Installer
06-10-2015 09:34:09-jorlando-Installer-INFORMACION-Log de la instalación: ./conf/afinstall.log
06-10-2015 09:34:09-jorlando-Installer-INFORMACION-Directorio predefinido de configuración: /GRUPO12/conf
06-10-2015 09:34:09-jorlando-Installer-INFORMACION-No hay instalación, mostrando aceptación de terminos y condiciones
06-10-2015 09:34:09-jorlando-Installer-INFORMACION-Verificando versión de perl instalada
06-10-2015 09:34:09-jorlando-Installer-INFORMACION-PERL instalado. Version:v5.16.2
06-10-2015 09:35:59-jorlando-Installer-INFORMACION-Inicio de Ejecución de Installer
06-10-2015 09:35:59-jorlando-Installer-INFORMACION-Log de la instalación: ./conf/afinstall.log
06-10-2015 09:35:59-jorlando-Installer-INFORMACION-Directorio predefinido de configuración: /GRUPO12/conf
06-10-2015 09:35:59-jorlando-Installer-INFORMACION-No hay instalación, mostrando aceptación de terminos y condiciones
06-10-2015 09:35:59-jorlando-Installer-INFORMACION-Verificando versión de perl instalada
06-10-2015 09:35:59-jorlando-Installer-INFORMACION-PERL instalado. Version:v5.16.2
06-10-2015 09:37:09-jorlando-Installer-INFORMACION-Inicio de Ejecución de Installer
06-10-2015 09:37:09-jorlando-Installer-INFORMACION-Log de la instalación: ./conf/afinstall.log
06-10-2015 09:37:09-jorlando-Installer-INFORMACION-Directorio predefinido de configuración: /GRUPO12/conf
06-10-2015 09:37:09-jorlando-Installer-INFORMACION-No hay instalación, mostrando aceptación de terminos y condiciones
06-10-2015 09:37:09-jorlando-Installer-INFORMACION-Verificando versión de perl instalada
06-10-2015 09:37:09-jorlando-Installer-INFORMACION-PERL instalado. Version:v5.16.2
06-10-2015 09:37:13-jorlando-Installer-INFORMACION-Verificando versión de perl instalada
06-10-2015 09:37:13-jorlando-Installer-INFORMACION-PERL instalado. Version:v5.16.2
06-10-2015 09:37:26-jorlando-Installer-INFORMACION-Inicio de Ejecución de Installer
06-10-2015 09:37:26-jorlando-Installer-INFORMACION-Log de la instalación: ./conf/afinstall.log
06-10-2015 09:37:26-jorlando-Installer-INFORMACION-Directorio predefinido de configuración: /GRUPO12/conf
06-10-2015 09:37:26-jorlando-Installer-INFORMACION-No hay instalación, mostrando aceptación de terminos y condiciones
06-10-2015 09:37:26-jorlando-Installer-INFORMACION-Verificando versión de perl instalada
06-10-2015 09:37:26-jorlando-Installer-INFORMACION-PERL instalado. Version:v5.16.2
06-10-2015 09:37:28-jorlando-Installer-INFORMACION-Verificando versión de perl instalada
06-10-2015 09:37:28-jorlando-Installer-INFORMACION-PERL instalado. Version:v5.16.2
06-10-2015 09:37:29-jorlando-Installer-INFORMACION-Verificando versión de perl instalada
06-10-2015 09:37:29-jorlando-Installer-INFORMACION-PERL instalado. Version:v5.16.2
06-10-2015 09:37:59-jorlando-Installer-INFORMACION-Usuario NO acepto ACUERDO DE LICENCIA DE SOFTWARE
06-10-2015 09:38:07-jorlando-Installer-INFORMACION-Inicio de Ejecución de Installer
06-10-2015 09:38:07-jorlando-Installer-INFORMACION-Log de la instalación: ./conf/afinstall.log
06-10-2015 09:38:07-jorlando-Installer-INFORMACION-Directorio predefinido de configuración: /GRUPO12/conf
06-10-2015 09:38:07-jorlando-Installer-INFORMACION-No hay instalación, mostrando aceptación de terminos y condiciones
06-10-2015 09:38:07-jorlando-Installer-INFORMACION-Verificando versión de perl instalada
06-10-2015 09:38:07-jorlando-Installer-INFORMACION-PERL instalado. Version:v5.16.2
06-10-2015 09:38:08-jorlando-Installer-INFORMACION-Verificando versión de perl instalada
06-10-2015 09:38:08-jorlando-Installer-INFORMACION-PERL instalado. Version:v5.16.2
06-10-2015 09:38:10-jorlando-Installer-INFORMACION-Verificando versión de perl instalada
06-10-2015 09:38:10-jorlando-Installer-INFORMACION-PERL instalado. Version:v5.16.2
06-10-2015 09:38:28-jorlando-Installer-INFORMACION-Inicio de Ejecución de Installer
06-10-2015 09:38:28-jorlando-Installer-INFORMACION-Log de la instalación: ./conf/afinstall.log
06-10-2015 09:38:28-jorlando-Installer-INFORMACION-Directorio predefinido de configuración: /GRUPO12/conf
06-10-2015 09:38:28-jorlando-Installer-INFORMACION-No hay instalación, mostrando aceptación de terminos y condiciones
06-10-2015 09:38:28-jorlando-Installer-INFORMACION-Verificando versión de perl instalada
06-10-2015 09:38:28-jorlando-Installer-INFORMACION-PERL instalado. Version:v5.16.2
06-10-2015 09:38:30-jorlando-Installer-INFORMACION-Verificando versión de perl instalada
06-10-2015 09:38:30-jorlando-Installer-INFORMACION-PERL instalado. Version:v5.16.2
06-10-2015 09:38:43-jorlando-Installer-INFORMACION-Inicio de Ejecución de Installer
06-10-2015 09:38:43-jorlando-Installer-INFORMACION-Log de la instalación: ./conf/afinstall.log
06-10-2015 09:38:44-jorlando-Installer-INFORMACION-Directorio predefinido de configuración: /GRUPO12/conf
06-10-2015 09:38:44-jorlando-Installer-INFORMACION-No hay instalación, mostrando aceptación de terminos y condiciones
06-10-2015 09:38:44-jorlando-Installer-INFORMACION-Verificando versión de perl instalada
06-10-2015 09:38:44-jorlando-Installer-INFORMACION-PERL instalado. Version:v5.16.2
06-10-2015 09:38:47-jorlando-Installer-INFORMACION-Verificando versión de perl instalada
06-10-2015 09:38:47-jorlando-Installer-INFORMACION-PERL instalado. Version:v5.16.2
08-10-2015 19:53:04-maxi-Installer-INFORMACION-Inicio de Ejecución de Installer
08-10-2015 19:53:04-maxi-Installer-INFORMACION-Log de la instalación: ./conf/afinstall.log
08-10-2015 19:53:04-maxi-Installer-INFORMACION-Directorio predefinido de configuración: /GRUPO12/conf
08-10-2015 19:53:04-maxi-Installer-INFORMACION-No hay instalación, mostrando aceptación de terminos y condiciones
08-10-2015 19:53:04-maxi-Installer-INFORMACION-Verificando versión de perl instalada
08-10-2015 19:53:04-maxi-Installer-INFORMACION-PERL instalado. Version:v5.18.2
08-10-2015 19:53:07-maxi-Installer-INFORMACION-Verificando versión de perl instalada
08-10-2015 19:53:07-maxi-Installer-INFORMACION-PERL instalado. Version:v5.18.2
08-10-2015 19:53:10-maxi-Installer-INFORMACION-Usuario acepto ACUERDO DE LICENCIA DE SOFTWARE
08-10-2015 19:53:26-maxi-Installer-INFORMACION-Actualizando la configuración del sistema
08-10-2015 19:53:26-maxi-Installer-INFORMACION-Convirtiendo /GRUPO12/conf/afinstall.temp  ->  /home/maxi/IdeaProjects/so7508/GRUPO12/conf/afinstall.conf
08-10-2015 19:53:26-maxi-Installer-INFORMACION-Instalación CONCLUIDA
08-10-2015 20:01:35-maxi-Installer-INFORMACION-Inicio de Ejecución de Installer
08-10-2015 20:01:35-maxi-Installer-INFORMACION-Log de la instalación: ./conf/afinstall.log
08-10-2015 20:01:35-maxi-Installer-INFORMACION-Directorio predefinido de configuración: /GRUPO12/conf
08-10-2015 20:01:35-maxi-Installer-INFORMACION-Hay una instalación
08-10-2015 20:01:35-maxi-Installer-INFORMACION-Verificando versión de perl instalada
08-10-2015 20:01:35-maxi-Installer-INFORMACION-PERL instalado. Version:v5.18.2
08-10-2015 20:01:39-maxi-Installer-INFORMACION-Usuario acepto ACUERDO DE LICENCIA DE SOFTWARE
08-10-2015 20:01:54-maxi-Installer-INFORMACION-Eliminando contenido de directorio /home/maxi/IdeaProjects/so7508/GRUPO12
08-10-2015 20:01:54-maxi-Installer-INFORMACION-Actualizando la configuración del sistema
08-10-2015 20:01:54-maxi-Installer-INFORMACION-Convirtiendo /GRUPO12/conf/afinstall.temp  ->  /home/maxi/IdeaProjects/so7508/GRUPO12/conf/afinstall.conf
08-10-2015 20:01:54-maxi-Installer-INFORMACION-Instalación CONCLUIDA
08-10-2015 20:12:41-maxi-Installer-INFORMACION-Inicio de Ejecución de Installer
08-10-2015 20:12:41-maxi-Installer-INFORMACION-Log de la instalación: ./conf/afinstall.log
08-10-2015 20:12:41-maxi-Installer-INFORMACION-Directorio predefinido de configuración: /GRUPO12/conf
08-10-2015 20:12:41-maxi-Installer-INFORMACION-Hay una instalación
08-10-2015 20:12:41-maxi-Installer-INFORMACION-Verificando versión de perl instalada
08-10-2015 20:12:41-maxi-Installer-INFORMACION-PERL instalado. Version:v5.18.2
08-10-2015 20:12:43-maxi-Installer-INFORMACION-Usuario acepto ACUERDO DE LICENCIA DE SOFTWARE
08-10-2015 20:12:51-maxi-Installer-INFORMACION-Eliminando contenido de directorio /home/maxi/IdeaProjects/so7508/GRUPO12
08-10-2015 20:12:51-maxi-Installer-INFORMACION-Actualizando la configuración del sistema
08-10-2015 20:12:51-maxi-Installer-INFORMACION-Convirtiendo /GRUPO12/conf/afinstall.temp  ->  /home/maxi/IdeaProjects/so7508/GRUPO12/conf/afinstall.conf
08-10-2015 20:12:51-maxi-Installer-INFORMACION-Instalación CONCLUIDA
08-10-2015 20:13:27-maxi-Installer-INFORMACION-Inicio de Ejecución de Installer
08-10-2015 20:13:27-maxi-Installer-INFORMACION-Log de la instalación: ./conf/afinstall.log
08-10-2015 20:13:27-maxi-Installer-INFORMACION-Directorio predefinido de configuración: /GRUPO12/conf
08-10-2015 20:13:27-maxi-Installer-INFORMACION-Hay una instalación
08-10-2015 20:13:27-maxi-Installer-INFORMACION-Verificando versión de perl instalada
08-10-2015 20:13:27-maxi-Installer-INFORMACION-PERL instalado. Version:v5.18.2
08-10-2015 20:13:28-maxi-Installer-INFORMACION-Usuario acepto ACUERDO DE LICENCIA DE SOFTWARE
08-10-2015 20:13:35-maxi-Installer-INFORMACION-Eliminando contenido de directorio /home/maxi/IdeaProjects/so7508/GRUPO12
08-10-2015 20:13:35-maxi-Installer-INFORMACION-Actualizando la configuración del sistema
08-10-2015 20:13:35-maxi-Installer-INFORMACION-Convirtiendo /GRUPO12/conf/afinstall.temp  ->  /home/maxi/IdeaProjects/so7508/GRUPO12/conf/afinstall.conf
08-10-2015 20:13:35-maxi-Installer-INFORMACION-Instalación CONCLUIDA
08-10-2015 20:14:40-maxi-Installer-INFORMACION-Inicio de Ejecución de Installer
08-10-2015 20:14:40-maxi-Installer-INFORMACION-Log de la instalación: ./conf/afinstall.log
08-10-2015 20:14:40-maxi-Installer-INFORMACION-Directorio predefinido de configuración: /GRUPO12/conf
08-10-2015 20:14:40-maxi-Installer-INFORMACION-Hay una instalación
08-10-2015 20:14:40-maxi-Installer-INFORMACION-Verificando versión de perl instalada
08-10-2015 20:14:40-maxi-Installer-INFORMACION-PERL instalado. Version:v5.18.2
08-10-2015 20:14:42-maxi-Installer-INFORMACION-Usuario acepto ACUERDO DE LICENCIA DE SOFTWARE
08-10-2015 20:14:47-maxi-Installer-INFORMACION-Eliminando contenido de directorio /home/maxi/IdeaProjects/so7508/GRUPO12
08-10-2015 20:14:47-maxi-Installer-INFORMACION-Actualizando la configuración del sistema
08-10-2015 20:14:47-maxi-Installer-INFORMACION-Convirtiendo /GRUPO12/conf/afinstall.temp  ->  /home/maxi/IdeaProjects/so7508/GRUPO12/conf/afinstall.conf
08-10-2015 20:14:47-maxi-Installer-INFORMACION-Instalación CONCLUIDA
08-10-2015 20:15:06-maxi-Installer-INFORMACION-Inicio de Ejecución de Installer
08-10-2015 20:15:06-maxi-Installer-INFORMACION-Log de la instalación: ./conf/afinstall.log
08-10-2015 20:15:06-maxi-Installer-INFORMACION-Directorio predefinido de configuración: /GRUPO12/conf
08-10-2015 20:15:06-maxi-Installer-INFORMACION-Hay una instalación
08-10-2015 20:15:06-maxi-Installer-INFORMACION-Verificando versión de perl instalada
08-10-2015 20:15:06-maxi-Installer-INFORMACION-PERL instalado. Version:v5.18.2
08-10-2015 20:15:08-maxi-Installer-INFORMACION-Usuario acepto ACUERDO DE LICENCIA DE SOFTWARE
08-10-2015 20:15:15-maxi-Installer-INFORMACION-Eliminando contenido de directorio /home/maxi/IdeaProjects/so7508/GRUPO12
08-10-2015 20:15:15-maxi-Installer-INFORMACION-Actualizando la configuración del sistema
08-10-2015 20:15:15-maxi-Installer-INFORMACION-Convirtiendo /GRUPO12/conf/afinstall.temp  ->  /home/maxi/IdeaProjects/so7508/GRUPO12/conf/afinstall.conf
08-10-2015 20:15:15-maxi-Installer-INFORMACION-Instalación CONCLUIDA
08-10-2015 20:17:10-maxi-Installer-INFORMACION-Inicio de Ejecución de Installer
08-10-2015 20:17:10-maxi-Installer-INFORMACION-Log de la instalación: ./conf/afinstall.log
08-10-2015 20:17:10-maxi-Installer-INFORMACION-Directorio predefinido de configuración: /GRUPO12/conf
08-10-2015 20:17:10-maxi-Installer-INFORMACION-Hay una instalación
08-10-2015 20:17:10-maxi-Installer-INFORMACION-Verificando versión de perl instalada
08-10-2015 20:17:10-maxi-Installer-INFORMACION-PERL instalado. Version:v5.18.2
08-10-2015 20:17:12-maxi-Installer-INFORMACION-Usuario acepto ACUERDO DE LICENCIA DE SOFTWARE
08-10-2015 20:17:18-maxi-Installer-INFORMACION-Eliminando contenido de directorio /home/maxi/IdeaProjects/so7508/GRUPO12
08-10-2015 20:17:18-maxi-Installer-INFORMACION-Actualizando la configuración del sistema
08-10-2015 20:17:18-maxi-Installer-INFORMACION-Convirtiendo /GRUPO12/conf/afinstall.temp  ->  /home/maxi/IdeaProjects/so7508/GRUPO12/conf/afinstall.conf
08-10-2015 20:17:18-maxi-Installer-INFORMACION-Instalación CONCLUIDA
08-10-2015 20:23:22-maxi-Installer-INFORMACION-Inicio de Ejecución de Installer
08-10-2015 20:23:22-maxi-Installer-INFORMACION-Log de la instalación: ./conf/afinstall.log
08-10-2015 20:23:22-maxi-Installer-INFORMACION-Directorio predefinido de configuración: /GRUPO12/conf
08-10-2015 20:23:22-maxi-Installer-INFORMACION-Hay una instalación
08-10-2015 20:23:22-maxi-Installer-INFORMACION-Verificando versión de perl instalada
08-10-2015 20:23:22-maxi-Installer-INFORMACION-PERL instalado. Version:v5.18.2
08-10-2015 20:23:24-maxi-Installer-INFORMACION-Usuario acepto ACUERDO DE LICENCIA DE SOFTWARE
08-10-2015 20:23:30-maxi-Installer-INFORMACION-Eliminando contenido de directorio /home/maxi/IdeaProjects/so7508/GRUPO12
08-10-2015 20:23:30-maxi-Installer-INFORMACION-Actualizando la configuración del sistema
08-10-2015 20:23:30-maxi-Installer-INFORMACION-Convirtiendo /GRUPO12/conf/afinstall.temp  ->  /home/maxi/IdeaProjects/so7508/GRUPO12/conf/afinstall.conf
08-10-2015 20:23:30-maxi-Installer-INFORMACION-Instalación CONCLUIDA
08-10-2015 20:25:34-maxi-Installer-INFORMACION-Inicio de Ejecución de Installer
08-10-2015 20:25:34-maxi-Installer-INFORMACION-Log de la instalación: ./conf/afinstall.log
08-10-2015 20:25:34-maxi-Installer-INFORMACION-Directorio predefinido de configuración: /GRUPO12/conf
08-10-2015 20:25:34-maxi-Installer-INFORMACION-Hay una instalación
08-10-2015 20:25:34-maxi-Installer-INFORMACION-Verificando versión de perl instalada
08-10-2015 20:25:34-maxi-Installer-INFORMACION-PERL instalado. Version:v5.18.2
08-10-2015 20:25:42-maxi-Installer-INFORMACION-Usuario acepto ACUERDO DE LICENCIA DE SOFTWARE
08-10-2015 20:25:47-maxi-Installer-INFORMACION-Eliminando contenido de directorio /home/maxi/IdeaProjects/so7508/GRUPO12
08-10-2015 20:25:47-maxi-Installer-INFORMACION-Actualizando la configuración del sistema
08-10-2015 20:25:47-maxi-Installer-INFORMACION-Convirtiendo /GRUPO12/conf/afinstall.temp  ->  /home/maxi/IdeaProjects/so7508/GRUPO12/conf/afinstall.conf
08-10-2015 20:25:47-maxi-Installer-INFORMACION-Instalación CONCLUIDA
08-10-2015 20:44:47-maxi-Installer-INFORMACION-Inicio de Ejecución de Installer
08-10-2015 20:44:47-maxi-Installer-INFORMACION-Log de la instalación: ./conf/afinstall.log
08-10-2015 20:44:47-maxi-Installer-INFORMACION-Directorio predefinido de configuración: /GRUPO12/conf
08-10-2015 20:44:47-maxi-Installer-INFORMACION-Hay una instalación
08-10-2015 20:44:47-maxi-Installer-INFORMACION-Verificando versión de perl instalada
08-10-2015 20:44:47-maxi-Installer-INFORMACION-PERL instalado. Version:v5.18.2
08-10-2015 20:44:48-maxi-Installer-INFORMACION-Usuario acepto ACUERDO DE LICENCIA DE SOFTWARE
08-10-2015 20:44:53-maxi-Installer-INFORMACION-Eliminando contenido de directorio /home/maxi/IdeaProjects/so7508/GRUPO12
08-10-2015 20:44:53-maxi-Installer-INFORMACION-Actualizando la configuración del sistema
08-10-2015 20:44:53-maxi-Installer-INFORMACION-Convirtiendo /GRUPO12/conf/afinstall.temp  ->  /home/maxi/IdeaProjects/so7508/GRUPO12/conf/afinstall.conf
08-10-2015 20:44:53-maxi-Installer-INFORMACION-Instalación CONCLUIDA
08-10-2015 20:50:31-maxi-Installer-INFORMACION-Inicio de Ejecución de Installer
08-10-2015 20:50:31-maxi-Installer-INFORMACION-Log de la instalación: ./conf/afinstall.log
08-10-2015 20:50:31-maxi-Installer-INFORMACION-Directorio predefinido de configuración: /GRUPO12/conf
08-10-2015 20:50:31-maxi-Installer-INFORMACION-Hay una instalación
08-10-2015 20:50:31-maxi-Installer-INFORMACION-Verificando versión de perl instalada
08-10-2015 20:50:31-maxi-Installer-INFORMACION-PERL instalado. Version:v5.18.2
08-10-2015 20:50:33-maxi-Installer-INFORMACION-Usuario acepto ACUERDO DE LICENCIA DE SOFTWARE
08-10-2015 20:50:38-maxi-Installer-INFORMACION-Eliminando contenido de directorio /home/maxi/IdeaProjects/so7508/GRUPO12
08-10-2015 20:50:38-maxi-Installer-INFORMACION-Actualizando la configuración del sistema
08-10-2015 20:50:38-maxi-Installer-INFORMACION-Convirtiendo /GRUPO12/conf/afinstall.temp  ->  /home/maxi/IdeaProjects/so7508/GRUPO12/conf/afinstall.conf
08-10-2015 20:50:38-maxi-Installer-INFORMACION-Instalación CONCLUIDA
08-10-2015 20:58:57-maxi-Installer-INFORMACION-Inicio de Ejecución de Installer
08-10-2015 20:58:57-maxi-Installer-INFORMACION-Log de la instalación: ./conf/afinstall.log
08-10-2015 20:58:57-maxi-Installer-INFORMACION-Directorio predefinido de configuración: /GRUPO12/conf
08-10-2015 20:58:57-maxi-Installer-INFORMACION-Hay una instalación
08-10-2015 20:58:57-maxi-Installer-INFORMACION-Verificando versión de perl instalada
08-10-2015 20:58:57-maxi-Installer-INFORMACION-PERL instalado. Version:v5.18.2
08-10-2015 20:58:58-maxi-Installer-INFORMACION-Usuario acepto ACUERDO DE LICENCIA DE SOFTWARE
08-10-2015 20:59:02-maxi-Installer-INFORMACION-Eliminando contenido de directorio /home/maxi/IdeaProjects/so7508/GRUPO12
08-10-2015 20:59:02-maxi-Installer-INFORMACION-Actualizando la configuración del sistema
08-10-2015 20:59:02-maxi-Installer-INFORMACION-Convirtiendo /GRUPO12/conf/afinstall.temp  ->  /home/maxi/IdeaProjects/so7508/GRUPO12/conf/afinstall.conf
08-10-2015 20:59:02-maxi-Installer-INFORMACION-Instalación CONCLUIDA
08-10-2015 21:36:36-maxi-Installer-INFORMACION-Inicio de Ejecución de Installer
08-10-2015 21:36:36-maxi-Installer-INFORMACION-Log de la instalación: ./conf/afinstall.log
08-10-2015 21:36:36-maxi-Installer-INFORMACION-Directorio predefinido de configuración: /GRUPO12/conf
08-10-2015 21:36:36-maxi-Installer-INFORMACION-Hay una instalación
08-10-2015 21:36:36-maxi-Installer-INFORMACION-Verificando versión de perl instalada
08-10-2015 21:36:36-maxi-Installer-INFORMACION-PERL instalado. Version:v5.18.2
08-10-2015 21:36:38-maxi-Installer-INFORMACION-Usuario acepto ACUERDO DE LICENCIA DE SOFTWARE
08-10-2015 21:36:43-maxi-Installer-INFORMACION-Eliminando contenido de directorio /home/maxi/IdeaProjects/so7508/GRUPO12
