08-10-2015 20:22:13-maxi-MoverA-INFORMACION-4 /home/maxi/IdeaProjects/so7508/GRUPO12/novedades/MAE
08-10-2015 20:22:13-maxi-MoverA-INFORMACION-4 /home/maxi/IdeaProjects/so7508/GRUPO12/novedades/MAE
08-10-2015 20:22:13-maxi-MoverA-INFORMACION-4 /home/maxi/IdeaProjects/so7508/GRUPO12/novedades/MAE
08-10-2015 20:22:13-maxi-MoverA-INFORMACION-4 /home/maxi/IdeaProjects/so7508/GRUPO12/novedades/MAE
08-10-2015 20:22:13-maxi-MoverA-INFORMACION-4 /home/maxi/IdeaProjects/so7508/GRUPO12/novedades/MAE
08-10-2015 20:22:13-maxi-MoverA-INFORMACION-4 /home/maxi/IdeaProjects/so7508/GRUPO12/novedades/MAE
08-10-2015 20:22:25-maxi-MoverA-INFORMACION-4 /home/maxi/IdeaProjects/so7508/GRUPO12/novedades/MAE
08-10-2015 20:22:25-maxi-MoverA-INFORMACION-4 /home/maxi/IdeaProjects/so7508/GRUPO12/novedades/MAE
08-10-2015 20:22:25-maxi-MoverA-INFORMACION-4 /home/maxi/IdeaProjects/so7508/GRUPO12/novedades/MAE
08-10-2015 20:22:25-maxi-MoverA-INFORMACION-4 /home/maxi/IdeaProjects/so7508/GRUPO12/novedades/MAE
08-10-2015 20:22:25-maxi-MoverA-INFORMACION-4 /home/maxi/IdeaProjects/so7508/GRUPO12/novedades/MAE
08-10-2015 20:22:25-maxi-MoverA-INFORMACION-4 /home/maxi/IdeaProjects/so7508/GRUPO12/novedades/MAE
08-10-2015 20:46:33-maxi-MoverA-INFORMACION-Se movio el archivo exitosamente desde la consola
08-10-2015 20:46:33-maxi-MoverA-INFORMACION-Se movio el archivo exitosamente desde la consola
08-10-2015 20:46:33-maxi-MoverA-INFORMACION-Se movio el archivo exitosamente desde la consola
08-10-2015 20:46:33-maxi-MoverA-INFORMACION-Se movio el archivo exitosamente desde la consola
08-10-2015 20:46:33-maxi-MoverA-INFORMACION-Se movio el archivo exitosamente desde la consola
08-10-2015 20:46:33-maxi-MoverA-INFORMACION-Se movio el archivo exitosamente desde la consola
08-10-2015 20:46:33-maxi-MoverA-INFORMACION-Se movio el archivo exitosamente desde la consola
08-10-2015 20:52:36-maxi-MoverA-INFORMACION-Se movio el archivo exitosamente desde la consola
08-10-2015 20:52:36-maxi-MoverA-INFORMACION-Se movio el archivo exitosamente desde la consola
08-10-2015 20:52:36-maxi-MoverA-INFORMACION-Se movio el archivo exitosamente desde la consola
08-10-2015 20:52:36-maxi-MoverA-INFORMACION-Se movio el archivo exitosamente desde la consola
08-10-2015 20:52:36-maxi-MoverA-INFORMACION-Se movio el archivo exitosamente desde la consola
08-10-2015 20:52:36-maxi-MoverA-INFORMACION-Se movio el archivo exitosamente desde la consola
08-10-2015 20:52:36-maxi-MoverA-INFORMACION-Se movio el archivo exitosamente desde la consola
08-10-2015 20:59:35-maxi-MoverA-INFORMACION-Se movio el archivo exitosamente desde la consola
08-10-2015 20:59:35-maxi-MoverA-INFORMACION-Se movio el archivo exitosamente desde la consola
08-10-2015 20:59:35-maxi-MoverA-INFORMACION-Se movio el archivo exitosamente desde la consola
08-10-2015 20:59:35-maxi-MoverA-INFORMACION-Se movio el archivo exitosamente desde la consola
08-10-2015 20:59:35-maxi-MoverA-INFORMACION-Se movio el archivo exitosamente desde la consola
08-10-2015 20:59:35-maxi-MoverA-INFORMACION-Se movio el archivo exitosamente desde la consola
08-10-2015 20:59:35-maxi-MoverA-INFORMACION-Se movio el archivo exitosamente desde la consola
08-10-2015 21:19:15-maxi-MoverA-INFORMACION-4 /home/maxi/IdeaProjects/so7508/GRUPO12/aceptadasBEL_20150703.csv
08-10-2015 21:19:15-maxi-MoverA-INFORMACION-4 /home/maxi/IdeaProjects/so7508/GRUPO12/aceptadasCOS_20150703.csv
08-10-2015 21:19:15-maxi-MoverA-INFORMACION-4 /home/maxi/IdeaProjects/so7508/GRUPO12/aceptadasSIS_20150703.csv
08-10-2015 21:19:15-maxi-MoverA-INFORMACION-4 /home/maxi/IdeaProjects/so7508/GRUPO12/aceptadasBEL_20150803
08-10-2015 21:19:15-maxi-MoverA-INFORMACION-4 /home/maxi/IdeaProjects/so7508/GRUPO12/aceptadasCOS_20150803.csv
08-10-2015 21:19:15-maxi-MoverA-INFORMACION-4 /home/maxi/IdeaProjects/so7508/GRUPO12/aceptadasSIS_20150803.csv
08-10-2015 21:22:44-maxi-MoverA-INFORMACION-Se movio el archivo exitosamente mendiante el comando AFUMB
08-10-2015 21:22:49-maxi-MoverA-INFORMACION-Se movio el archivo exitosamente mendiante el comando AFUMB
08-10-2015 21:22:59-maxi-MoverA-INFORMACION-Se movio el archivo exitosamente mendiante el comando AFUMB
08-10-2015 21:23:03-maxi-MoverA-INFORMACION-Se movio el archivo exitosamente mendiante el comando AFUMB
08-10-2015 21:23:08-maxi-MoverA-INFORMACION-Se movio el archivo exitosamente mendiante el comando AFUMB
08-10-2015 21:23:17-maxi-MoverA-INFORMACION-Se movio el archivo exitosamente mendiante el comando AFUMB
08-10-2015 21:29:10-maxi-MoverA-INFORMACION-Se movio el archivo exitosamente mendiante el comando AFUMB
08-10-2015 21:29:10-maxi-MoverA-INFORMACION-Se movio el archivo exitosamente mendiante el comando AFUMB
08-10-2015 21:29:10-maxi-MoverA-INFORMACION-Se movio el archivo exitosamente mendiante el comando AFUMB
08-10-2015 21:29:14-maxi-MoverA-INFORMACION-Se movio el archivo exitosamente mendiante el comando AFUMB
08-10-2015 21:29:14-maxi-MoverA-INFORMACION-Se movio el archivo exitosamente mendiante el comando AFUMB
08-10-2015 21:29:14-maxi-MoverA-INFORMACION-Se movio el archivo exitosamente mendiante el comando AFUMB
08-10-2015 21:30:09-maxi-MoverA-INFORMACION-Se movio el archivo exitosamente mendiante el comando AFUMB
08-10-2015 21:30:09-maxi-MoverA-INFORMACION-Se movio el archivo exitosamente mendiante el comando AFUMB
08-10-2015 21:30:09-maxi-MoverA-INFORMACION-Se movio el archivo exitosamente mendiante el comando AFUMB
08-10-2015 21:30:09-maxi-MoverA-INFORMACION-Se movio el archivo exitosamente mendiante el comando AFUMB
08-10-2015 21:30:09-maxi-MoverA-INFORMACION-Se movio el archivo exitosamente mendiante el comando AFUMB
08-10-2015 21:30:09-maxi-MoverA-INFORMACION-Se movio el archivo exitosamente mendiante el comando AFUMB
08-10-2015 21:31:15-maxi-MoverA-INFORMACION-Se movio el archivo exitosamente mendiante el comando AFUMB
08-10-2015 21:31:15-maxi-MoverA-INFORMACION-Se movio el archivo exitosamente mendiante el comando AFUMB
08-10-2015 21:31:15-maxi-MoverA-INFORMACION-Se movio el archivo exitosamente mendiante el comando AFUMB
08-10-2015 21:31:15-maxi-MoverA-INFORMACION-Se movio el archivo exitosamente mendiante el comando AFUMB
08-10-2015 21:31:15-maxi-MoverA-INFORMACION-Se movio el archivo exitosamente mendiante el comando AFUMB
08-10-2015 21:31:15-maxi-MoverA-INFORMACION-Se movio el archivo exitosamente mendiante el comando AFUMB
